{"uuid":"50b5e8fc-f5ca-4f73-9ea0-9da33ab96515","historyId":"c002d23acd99fae7d0792b2581cbda3f","testCaseId":"9b719aa1e5e658493241cd38b440eb18","fullName":"src/test/resources/Features/LinkedList.feature:78","labels":[{"name":"host","value":"DESKTOP-6M2FCE6"},{"name":"thread","value":"37244@DESKTOP-6M2FCE6.TestNG-PoolService-3(35)"},{"name":"feature","value":"Linked List"},{"name":"story","value":"LL_Try Here Editor page with valid data"},{"name":"suite","value":"Linked List"},{"name":"testClass","value":"LL_Try Here Editor page with valid data"},{"name":"framework","value":"cucumber4jvm"},{"name":"language","value":"java"},{"name":"gherkin_uri","value":"file:///C:/Projects/newFolder-3/Repo1/src/test/resources/Features/LinkedList.feature"},{"name":"package","value":"src.test.resources.Features.LinkedList_feature.Linked List"}],"links":[],"name":"LL_Try Here Editor page with valid data","status":"broken","statusDetails":{"known":false,"muted":false,"flaky":false,"message":"element not interactable\n  (Session info: chrome=131.0.6778.140)\nBuild info: version: '4.26.0', revision: '8ccf0219d7'\nSystem info: os.name: 'Windows 11', os.arch: 'amd64', os.version: '10.0', java.version: '21.0.5'\nDriver info: org.openqa.selenium.chrome.ChromeDriver\nCommand: [ee95d5881e1ab417be37507954dceb34, sendKeysToElement {value=[Ljava.lang.CharSequence;@3a1f2fd7, id=f.9660C105D428DFDD6F4833C797C25B9F.d.E0B87123590E6C928FF5BF331FE087FB.e.50}]\nCapabilities {acceptInsecureCerts: false, browserName: chrome, browserVersion: 131.0.6778.140, chrome: {chromedriverVersion: 131.0.6778.108 (3b014839fbc..., userDataDir: C:\\Users\\vamsh\\AppData\\Loca...}, fedcm:accounts: true, goog:chromeOptions: {debuggerAddress: localhost:58309}, networkConnectionEnabled: false, pageLoadStrategy: normal, platformName: windows, proxy: Proxy(), se:cdp: ws://localhost:58309/devtoo..., se:cdpVersion: 131.0.6778.140, setWindowRect: true, strictFileInteractability: false, timeouts: {implicit: 0, pageLoad: 300000, script: 30000}, unhandledPromptBehavior: dismiss and notify, webauthn:extension:credBlob: true, webauthn:extension:largeBlob: true, webauthn:extension:minPinLength: true, webauthn:extension:prf: true, webauthn:virtualAuthenticators: true}\nElement: [[ChromeDriver: chrome on windows (ee95d5881e1ab417be37507954dceb34)] -> css selector: .CodeMirror textarea]\nSession ID: ee95d5881e1ab417be37507954dceb34","trace":"org.openqa.selenium.ElementNotInteractableException: element not interactable\n  (Session info: chrome=131.0.6778.140)\nBuild info: version: '4.26.0', revision: '8ccf0219d7'\nSystem info: os.name: 'Windows 11', os.arch: 'amd64', os.version: '10.0', java.version: '21.0.5'\nDriver info: org.openqa.selenium.chrome.ChromeDriver\nCommand: [ee95d5881e1ab417be37507954dceb34, sendKeysToElement {value=[Ljava.lang.CharSequence;@3a1f2fd7, id=f.9660C105D428DFDD6F4833C797C25B9F.d.E0B87123590E6C928FF5BF331FE087FB.e.50}]\nCapabilities {acceptInsecureCerts: false, browserName: chrome, browserVersion: 131.0.6778.140, chrome: {chromedriverVersion: 131.0.6778.108 (3b014839fbc..., userDataDir: C:\\Users\\vamsh\\AppData\\Loca...}, fedcm:accounts: true, goog:chromeOptions: {debuggerAddress: localhost:58309}, networkConnectionEnabled: false, pageLoadStrategy: normal, platformName: windows, proxy: Proxy(), se:cdp: ws://localhost:58309/devtoo..., se:cdpVersion: 131.0.6778.140, setWindowRect: true, strictFileInteractability: false, timeouts: {implicit: 0, pageLoad: 300000, script: 30000}, unhandledPromptBehavior: dismiss and notify, webauthn:extension:credBlob: true, webauthn:extension:largeBlob: true, webauthn:extension:minPinLength: true, webauthn:extension:prf: true, webauthn:virtualAuthenticators: true}\nElement: [[ChromeDriver: chrome on windows (ee95d5881e1ab417be37507954dceb34)] -> css selector: .CodeMirror textarea]\nSession ID: ee95d5881e1ab417be37507954dceb34\r\n\tat java.base/jdk.internal.reflect.DirectConstructorHandleAccessor.newInstance(DirectConstructorHandleAccessor.java:62)\r\n\tat java.base/java.lang.reflect.Constructor.newInstanceWithCaller(Constructor.java:502)\r\n\tat java.base/java.lang.reflect.Constructor.newInstance(Constructor.java:486)\r\n\tat org.openqa.selenium.remote.ErrorCodec.decode(ErrorCodec.java:167)\r\n\tat org.openqa.selenium.remote.codec.w3c.W3CHttpResponseCodec.decode(W3CHttpResponseCodec.java:138)\r\n\tat org.openqa.selenium.remote.codec.w3c.W3CHttpResponseCodec.decode(W3CHttpResponseCodec.java:50)\r\n\tat org.openqa.selenium.remote.HttpCommandExecutor.execute(HttpCommandExecutor.java:190)\r\n\tat org.openqa.selenium.remote.service.DriverCommandExecutor.invokeExecute(DriverCommandExecutor.java:216)\r\n\tat org.openqa.selenium.remote.service.DriverCommandExecutor.execute(DriverCommandExecutor.java:174)\r\n\tat org.openqa.selenium.remote.RemoteWebDriver.execute(RemoteWebDriver.java:545)\r\n\tat org.openqa.selenium.remote.RemoteWebElement.execute(RemoteWebElement.java:223)\r\n\tat org.openqa.selenium.remote.RemoteWebElement.sendKeys(RemoteWebElement.java:110)\r\n\tat PageObjects.TreePage.writeInTryEditorWindow(TreePage.java:251)\r\n\tat StepDefinitions.Tree.the_user_writes_the_valid_python_code_and_clicks_on_run_button(Tree.java:93)\r\n\tat ✽.The user writes the valid python code and clicks on Run button(file:///C:/Projects/newFolder-3/Repo1/src/test/resources/Features/LinkedList.feature:80)\r\n"},"stage":"finished","steps":[{"name":"Given The user is on the DS Introduction page as signedIn","status":"passed","statusDetails":{"known":false,"muted":false,"flaky":false},"stage":"finished","steps":[],"attachments":[],"parameters":[],"start":1734457878810,"stop":1734457881005},{"name":"And User clicks on Get Started button from Linked List panel","status":"passed","statusDetails":{"known":false,"muted":false,"flaky":false},"stage":"finished","steps":[],"attachments":[],"parameters":[],"start":1734457881005,"stop":1734457881409},{"name":"Given The user is on the editor page of Types of Linked List page","status":"passed","statusDetails":{"known":false,"muted":false,"flaky":false},"stage":"finished","steps":[],"attachments":[],"parameters":[],"start":1734457881409,"stop":1734457882560},{"name":"When The user writes the valid python code and clicks on Run button","status":"broken","statusDetails":{"known":false,"muted":false,"flaky":false,"message":"element not interactable\n  (Session info: chrome=131.0.6778.140)\nBuild info: version: '4.26.0', revision: '8ccf0219d7'\nSystem info: os.name: 'Windows 11', os.arch: 'amd64', os.version: '10.0', java.version: '21.0.5'\nDriver info: org.openqa.selenium.chrome.ChromeDriver\nCommand: [ee95d5881e1ab417be37507954dceb34, sendKeysToElement {value=[Ljava.lang.CharSequence;@3a1f2fd7, id=f.9660C105D428DFDD6F4833C797C25B9F.d.E0B87123590E6C928FF5BF331FE087FB.e.50}]\nCapabilities {acceptInsecureCerts: false, browserName: chrome, browserVersion: 131.0.6778.140, chrome: {chromedriverVersion: 131.0.6778.108 (3b014839fbc..., userDataDir: C:\\Users\\vamsh\\AppData\\Loca...}, fedcm:accounts: true, goog:chromeOptions: {debuggerAddress: localhost:58309}, networkConnectionEnabled: false, pageLoadStrategy: normal, platformName: windows, proxy: Proxy(), se:cdp: ws://localhost:58309/devtoo..., se:cdpVersion: 131.0.6778.140, setWindowRect: true, strictFileInteractability: false, timeouts: {implicit: 0, pageLoad: 300000, script: 30000}, unhandledPromptBehavior: dismiss and notify, webauthn:extension:credBlob: true, webauthn:extension:largeBlob: true, webauthn:extension:minPinLength: true, webauthn:extension:prf: true, webauthn:virtualAuthenticators: true}\nElement: [[ChromeDriver: chrome on windows (ee95d5881e1ab417be37507954dceb34)] -> css selector: .CodeMirror textarea]\nSession ID: ee95d5881e1ab417be37507954dceb34","trace":"org.openqa.selenium.ElementNotInteractableException: element not interactable\n  (Session info: chrome=131.0.6778.140)\nBuild info: version: '4.26.0', revision: '8ccf0219d7'\nSystem info: os.name: 'Windows 11', os.arch: 'amd64', os.version: '10.0', java.version: '21.0.5'\nDriver info: org.openqa.selenium.chrome.ChromeDriver\nCommand: [ee95d5881e1ab417be37507954dceb34, sendKeysToElement {value=[Ljava.lang.CharSequence;@3a1f2fd7, id=f.9660C105D428DFDD6F4833C797C25B9F.d.E0B87123590E6C928FF5BF331FE087FB.e.50}]\nCapabilities {acceptInsecureCerts: false, browserName: chrome, browserVersion: 131.0.6778.140, chrome: {chromedriverVersion: 131.0.6778.108 (3b014839fbc..., userDataDir: C:\\Users\\vamsh\\AppData\\Loca...}, fedcm:accounts: true, goog:chromeOptions: {debuggerAddress: localhost:58309}, networkConnectionEnabled: false, pageLoadStrategy: normal, platformName: windows, proxy: Proxy(), se:cdp: ws://localhost:58309/devtoo..., se:cdpVersion: 131.0.6778.140, setWindowRect: true, strictFileInteractability: false, timeouts: {implicit: 0, pageLoad: 300000, script: 30000}, unhandledPromptBehavior: dismiss and notify, webauthn:extension:credBlob: true, webauthn:extension:largeBlob: true, webauthn:extension:minPinLength: true, webauthn:extension:prf: true, webauthn:virtualAuthenticators: true}\nElement: [[ChromeDriver: chrome on windows (ee95d5881e1ab417be37507954dceb34)] -> css selector: .CodeMirror textarea]\nSession ID: ee95d5881e1ab417be37507954dceb34\r\n\tat java.base/jdk.internal.reflect.DirectConstructorHandleAccessor.newInstance(DirectConstructorHandleAccessor.java:62)\r\n\tat java.base/java.lang.reflect.Constructor.newInstanceWithCaller(Constructor.java:502)\r\n\tat java.base/java.lang.reflect.Constructor.newInstance(Constructor.java:486)\r\n\tat org.openqa.selenium.remote.ErrorCodec.decode(ErrorCodec.java:167)\r\n\tat org.openqa.selenium.remote.codec.w3c.W3CHttpResponseCodec.decode(W3CHttpResponseCodec.java:138)\r\n\tat org.openqa.selenium.remote.codec.w3c.W3CHttpResponseCodec.decode(W3CHttpResponseCodec.java:50)\r\n\tat org.openqa.selenium.remote.HttpCommandExecutor.execute(HttpCommandExecutor.java:190)\r\n\tat org.openqa.selenium.remote.service.DriverCommandExecutor.invokeExecute(DriverCommandExecutor.java:216)\r\n\tat org.openqa.selenium.remote.service.DriverCommandExecutor.execute(DriverCommandExecutor.java:174)\r\n\tat org.openqa.selenium.remote.RemoteWebDriver.execute(RemoteWebDriver.java:545)\r\n\tat org.openqa.selenium.remote.RemoteWebElement.execute(RemoteWebElement.java:223)\r\n\tat org.openqa.selenium.remote.RemoteWebElement.sendKeys(RemoteWebElement.java:110)\r\n\tat PageObjects.TreePage.writeInTryEditorWindow(TreePage.java:251)\r\n\tat StepDefinitions.Tree.the_user_writes_the_valid_python_code_and_clicks_on_run_button(Tree.java:93)\r\n\tat ✽.The user writes the valid python code and clicks on Run button(file:///C:/Projects/newFolder-3/Repo1/src/test/resources/Features/LinkedList.feature:80)\r\n"},"stage":"finished","steps":[],"attachments":[],"parameters":[],"start":1734457882560,"stop":1734457882659},{"name":"Then The user is able to see the output inside the console.","status":"skipped","statusDetails":{"known":false,"muted":false,"flaky":false},"stage":"finished","steps":[],"attachments":[],"parameters":[],"start":1734457882659,"stop":1734457882660}],"attachments":[],"parameters":[],"start":1734457877467,"stop":1734457883018}