{"uuid":"eb27d39b-c362-4a62-acfa-566f5e9c75bb","historyId":"eaf9bc5de5a6e5854c79d57a4de8f9d6","testCaseId":"935a0c6699368d005a03b01ce2d2a573","fullName":"src/test/resources/Features/ArrayDetailsPage.feature:63","labels":[{"name":"host","value":"DESKTOP-6M2FCE6"},{"name":"thread","value":"25324@DESKTOP-6M2FCE6.TestNG-PoolService-2(34)"},{"name":"feature","value":"Array detail page"},{"name":"story","value":"Valid code on try editor for Array using list runs successfully"},{"name":"suite","value":"Array detail page"},{"name":"testClass","value":"Valid code on try editor for Array using list runs successfully"},{"name":"framework","value":"cucumber4jvm"},{"name":"language","value":"java"},{"name":"gherkin_uri","value":"file:///C:/Projects/Repo1/src/test/resources/Features/ArrayDetailsPage.feature"},{"name":"package","value":"src.test.resources.Features.ArrayDetailsPage_feature.Array detail page"}],"links":[],"name":"Valid code on try editor for Array using list runs successfully","status":"broken","statusDetails":{"known":false,"muted":false,"flaky":false,"message":"element not interactable\n  (Session info: chrome=131.0.6778.109)\nBuild info: version: '4.26.0', revision: '8ccf0219d7'\nSystem info: os.name: 'Windows 11', os.arch: 'amd64', os.version: '10.0', java.version: '21.0.5'\nDriver info: org.openqa.selenium.chrome.ChromeDriver\nCommand: [27a1d9425e57a919d117ff26c6d8a443, sendKeysToElement {value=[Ljava.lang.CharSequence;@688423c2, id=f.49A53E3E5FBA0E3B405AB0E866C118AD.d.299C396F61EEEBE4269C56F589BE8F7F.e.37}]\nCapabilities {acceptInsecureCerts: false, browserName: chrome, browserVersion: 131.0.6778.109, chrome: {chromedriverVersion: 131.0.6778.87 (ce31cae94873..., userDataDir: C:\\Users\\vamsh\\AppData\\Loca...}, fedcm:accounts: true, goog:chromeOptions: {debuggerAddress: localhost:56107}, networkConnectionEnabled: false, pageLoadStrategy: normal, platformName: windows, proxy: Proxy(), se:cdp: ws://localhost:56107/devtoo..., se:cdpVersion: 131.0.6778.109, setWindowRect: true, strictFileInteractability: false, timeouts: {implicit: 0, pageLoad: 300000, script: 30000}, unhandledPromptBehavior: dismiss and notify, webauthn:extension:credBlob: true, webauthn:extension:largeBlob: true, webauthn:extension:minPinLength: true, webauthn:extension:prf: true, webauthn:virtualAuthenticators: true}\nElement: [[ChromeDriver: chrome on windows (27a1d9425e57a919d117ff26c6d8a443)] -> css selector: .CodeMirror textarea]\nSession ID: 27a1d9425e57a919d117ff26c6d8a443","trace":"org.openqa.selenium.ElementNotInteractableException: element not interactable\n  (Session info: chrome=131.0.6778.109)\nBuild info: version: '4.26.0', revision: '8ccf0219d7'\nSystem info: os.name: 'Windows 11', os.arch: 'amd64', os.version: '10.0', java.version: '21.0.5'\nDriver info: org.openqa.selenium.chrome.ChromeDriver\nCommand: [27a1d9425e57a919d117ff26c6d8a443, sendKeysToElement {value=[Ljava.lang.CharSequence;@688423c2, id=f.49A53E3E5FBA0E3B405AB0E866C118AD.d.299C396F61EEEBE4269C56F589BE8F7F.e.37}]\nCapabilities {acceptInsecureCerts: false, browserName: chrome, browserVersion: 131.0.6778.109, chrome: {chromedriverVersion: 131.0.6778.87 (ce31cae94873..., userDataDir: C:\\Users\\vamsh\\AppData\\Loca...}, fedcm:accounts: true, goog:chromeOptions: {debuggerAddress: localhost:56107}, networkConnectionEnabled: false, pageLoadStrategy: normal, platformName: windows, proxy: Proxy(), se:cdp: ws://localhost:56107/devtoo..., se:cdpVersion: 131.0.6778.109, setWindowRect: true, strictFileInteractability: false, timeouts: {implicit: 0, pageLoad: 300000, script: 30000}, unhandledPromptBehavior: dismiss and notify, webauthn:extension:credBlob: true, webauthn:extension:largeBlob: true, webauthn:extension:minPinLength: true, webauthn:extension:prf: true, webauthn:virtualAuthenticators: true}\nElement: [[ChromeDriver: chrome on windows (27a1d9425e57a919d117ff26c6d8a443)] -> css selector: .CodeMirror textarea]\nSession ID: 27a1d9425e57a919d117ff26c6d8a443\r\n\tat java.base/jdk.internal.reflect.DirectConstructorHandleAccessor.newInstance(DirectConstructorHandleAccessor.java:62)\r\n\tat java.base/java.lang.reflect.Constructor.newInstanceWithCaller(Constructor.java:502)\r\n\tat java.base/java.lang.reflect.Constructor.newInstance(Constructor.java:486)\r\n\tat org.openqa.selenium.remote.ErrorCodec.decode(ErrorCodec.java:167)\r\n\tat org.openqa.selenium.remote.codec.w3c.W3CHttpResponseCodec.decode(W3CHttpResponseCodec.java:138)\r\n\tat org.openqa.selenium.remote.codec.w3c.W3CHttpResponseCodec.decode(W3CHttpResponseCodec.java:50)\r\n\tat org.openqa.selenium.remote.HttpCommandExecutor.execute(HttpCommandExecutor.java:190)\r\n\tat org.openqa.selenium.remote.service.DriverCommandExecutor.invokeExecute(DriverCommandExecutor.java:216)\r\n\tat org.openqa.selenium.remote.service.DriverCommandExecutor.execute(DriverCommandExecutor.java:174)\r\n\tat org.openqa.selenium.remote.RemoteWebDriver.execute(RemoteWebDriver.java:545)\r\n\tat org.openqa.selenium.remote.RemoteWebElement.execute(RemoteWebElement.java:223)\r\n\tat org.openqa.selenium.remote.RemoteWebElement.sendKeys(RemoteWebElement.java:110)\r\n\tat PageObjects.IntroductionPage.enterCodeInEditor(IntroductionPage.java:146)\r\n\tat StepDefinitions.DSIntroductionDetails.the_user_write_the_valid_code_in_editor(DSIntroductionDetails.java:158)\r\n\tat ✽.The user write the valid code in Editor(file:///C:/Projects/Repo1/src/test/resources/Features/ArrayDetailsPage.feature:66)\r\n"},"stage":"finished","steps":[{"name":"Given The user is on the DS Introduction page as signedIn","status":"passed","statusDetails":{"known":false,"muted":false,"flaky":false},"stage":"finished","steps":[],"attachments":[],"parameters":[],"start":1733802985648,"stop":1733802989734},{"name":"And The user clicks on Get Started link for array","status":"passed","statusDetails":{"known":false,"muted":false,"flaky":false},"stage":"finished","steps":[],"attachments":[],"parameters":[],"start":1733802989734,"stop":1733802990054},{"name":"Given The user is on the Array using list","status":"passed","statusDetails":{"known":false,"muted":false,"flaky":false},"stage":"finished","steps":[],"attachments":[],"parameters":[],"start":1733802990054,"stop":1733802990701},{"name":"When User clicks Try here link","status":"passed","statusDetails":{"known":false,"muted":false,"flaky":false},"stage":"finished","steps":[],"attachments":[],"parameters":[],"start":1733802990702,"stop":1733802991946},{"name":"When The user write the valid code in Editor","status":"broken","statusDetails":{"known":false,"muted":false,"flaky":false,"message":"element not interactable\n  (Session info: chrome=131.0.6778.109)\nBuild info: version: '4.26.0', revision: '8ccf0219d7'\nSystem info: os.name: 'Windows 11', os.arch: 'amd64', os.version: '10.0', java.version: '21.0.5'\nDriver info: org.openqa.selenium.chrome.ChromeDriver\nCommand: [27a1d9425e57a919d117ff26c6d8a443, sendKeysToElement {value=[Ljava.lang.CharSequence;@688423c2, id=f.49A53E3E5FBA0E3B405AB0E866C118AD.d.299C396F61EEEBE4269C56F589BE8F7F.e.37}]\nCapabilities {acceptInsecureCerts: false, browserName: chrome, browserVersion: 131.0.6778.109, chrome: {chromedriverVersion: 131.0.6778.87 (ce31cae94873..., userDataDir: C:\\Users\\vamsh\\AppData\\Loca...}, fedcm:accounts: true, goog:chromeOptions: {debuggerAddress: localhost:56107}, networkConnectionEnabled: false, pageLoadStrategy: normal, platformName: windows, proxy: Proxy(), se:cdp: ws://localhost:56107/devtoo..., se:cdpVersion: 131.0.6778.109, setWindowRect: true, strictFileInteractability: false, timeouts: {implicit: 0, pageLoad: 300000, script: 30000}, unhandledPromptBehavior: dismiss and notify, webauthn:extension:credBlob: true, webauthn:extension:largeBlob: true, webauthn:extension:minPinLength: true, webauthn:extension:prf: true, webauthn:virtualAuthenticators: true}\nElement: [[ChromeDriver: chrome on windows (27a1d9425e57a919d117ff26c6d8a443)] -> css selector: .CodeMirror textarea]\nSession ID: 27a1d9425e57a919d117ff26c6d8a443","trace":"org.openqa.selenium.ElementNotInteractableException: element not interactable\n  (Session info: chrome=131.0.6778.109)\nBuild info: version: '4.26.0', revision: '8ccf0219d7'\nSystem info: os.name: 'Windows 11', os.arch: 'amd64', os.version: '10.0', java.version: '21.0.5'\nDriver info: org.openqa.selenium.chrome.ChromeDriver\nCommand: [27a1d9425e57a919d117ff26c6d8a443, sendKeysToElement {value=[Ljava.lang.CharSequence;@688423c2, id=f.49A53E3E5FBA0E3B405AB0E866C118AD.d.299C396F61EEEBE4269C56F589BE8F7F.e.37}]\nCapabilities {acceptInsecureCerts: false, browserName: chrome, browserVersion: 131.0.6778.109, chrome: {chromedriverVersion: 131.0.6778.87 (ce31cae94873..., userDataDir: C:\\Users\\vamsh\\AppData\\Loca...}, fedcm:accounts: true, goog:chromeOptions: {debuggerAddress: localhost:56107}, networkConnectionEnabled: false, pageLoadStrategy: normal, platformName: windows, proxy: Proxy(), se:cdp: ws://localhost:56107/devtoo..., se:cdpVersion: 131.0.6778.109, setWindowRect: true, strictFileInteractability: false, timeouts: {implicit: 0, pageLoad: 300000, script: 30000}, unhandledPromptBehavior: dismiss and notify, webauthn:extension:credBlob: true, webauthn:extension:largeBlob: true, webauthn:extension:minPinLength: true, webauthn:extension:prf: true, webauthn:virtualAuthenticators: true}\nElement: [[ChromeDriver: chrome on windows (27a1d9425e57a919d117ff26c6d8a443)] -> css selector: .CodeMirror textarea]\nSession ID: 27a1d9425e57a919d117ff26c6d8a443\r\n\tat java.base/jdk.internal.reflect.DirectConstructorHandleAccessor.newInstance(DirectConstructorHandleAccessor.java:62)\r\n\tat java.base/java.lang.reflect.Constructor.newInstanceWithCaller(Constructor.java:502)\r\n\tat java.base/java.lang.reflect.Constructor.newInstance(Constructor.java:486)\r\n\tat org.openqa.selenium.remote.ErrorCodec.decode(ErrorCodec.java:167)\r\n\tat org.openqa.selenium.remote.codec.w3c.W3CHttpResponseCodec.decode(W3CHttpResponseCodec.java:138)\r\n\tat org.openqa.selenium.remote.codec.w3c.W3CHttpResponseCodec.decode(W3CHttpResponseCodec.java:50)\r\n\tat org.openqa.selenium.remote.HttpCommandExecutor.execute(HttpCommandExecutor.java:190)\r\n\tat org.openqa.selenium.remote.service.DriverCommandExecutor.invokeExecute(DriverCommandExecutor.java:216)\r\n\tat org.openqa.selenium.remote.service.DriverCommandExecutor.execute(DriverCommandExecutor.java:174)\r\n\tat org.openqa.selenium.remote.RemoteWebDriver.execute(RemoteWebDriver.java:545)\r\n\tat org.openqa.selenium.remote.RemoteWebElement.execute(RemoteWebElement.java:223)\r\n\tat org.openqa.selenium.remote.RemoteWebElement.sendKeys(RemoteWebElement.java:110)\r\n\tat PageObjects.IntroductionPage.enterCodeInEditor(IntroductionPage.java:146)\r\n\tat StepDefinitions.DSIntroductionDetails.the_user_write_the_valid_code_in_editor(DSIntroductionDetails.java:158)\r\n\tat ✽.The user write the valid code in Editor(file:///C:/Projects/Repo1/src/test/resources/Features/ArrayDetailsPage.feature:66)\r\n"},"stage":"finished","steps":[],"attachments":[],"parameters":[],"start":1733802991946,"stop":1733802991989},{"name":"And Click the Run button","status":"skipped","statusDetails":{"known":false,"muted":false,"flaky":false},"stage":"finished","steps":[],"attachments":[],"parameters":[],"start":1733802991990,"stop":1733802991990},{"name":"Then The user should able to see output in the console","status":"skipped","statusDetails":{"known":false,"muted":false,"flaky":false},"stage":"finished","steps":[],"attachments":[],"parameters":[],"start":1733802991990,"stop":1733802991990}],"attachments":[],"parameters":[],"start":1733802984435,"stop":1733802992295}