-------------------------------------------------------------------------------
Test set: TestSuite
-------------------------------------------------------------------------------
Tests run: 651, Failures: 154, Errors: 0, Skipped: 0, Time elapsed: 2,356.329 s <<< FAILURE! - in TestSuite
TestRunners.TestRunner.runScenario["Error message displayed for invalid code on try Editor for Queue operations", "Array detail page"](4)  Time elapsed: 4.695 s  <<< FAILURE!
org.openqa.selenium.ElementNotInteractableException: 
element not interactable
  (Session info: chrome=131.0.6778.140)
Build info: version: '4.26.0', revision: '8ccf0219d7'
System info: os.name: 'Windows 11', os.arch: 'amd64', os.version: '10.0', java.version: '21.0.5'
Driver info: org.openqa.selenium.chrome.ChromeDriver
Command: [f3e1486a11e935f925dbbc256e744361, sendKeysToElement {value=[Ljava.lang.CharSequence;@127a20c0, id=f.8788BBA977EB8259CC59057C166227AF.d.F9A17C01C61AC979D38D7C5DE9EAD7C1.e.49}]
Capabilities {acceptInsecureCerts: false, browserName: chrome, browserVersion: 131.0.6778.140, chrome: {chromedriverVersion: 131.0.6778.108 (3b014839fbc..., userDataDir: C:\Users\vamsh\AppData\Loca...}, fedcm:accounts: true, goog:chromeOptions: {debuggerAddress: localhost:54542}, networkConnectionEnabled: false, pageLoadStrategy: normal, platformName: windows, proxy: Proxy(), se:cdp: ws://localhost:54542/devtoo..., se:cdpVersion: 131.0.6778.140, setWindowRect: true, strictFileInteractability: false, timeouts: {implicit: 0, pageLoad: 300000, script: 30000}, unhandledPromptBehavior: dismiss and notify, webauthn:extension:credBlob: true, webauthn:extension:largeBlob: true, webauthn:extension:minPinLength: true, webauthn:extension:prf: true, webauthn:virtualAuthenticators: true}
Element: [[ChromeDriver: chrome on windows (f3e1486a11e935f925dbbc256e744361)] -> css selector: .CodeMirror textarea]
Session ID: f3e1486a11e935f925dbbc256e744361

TestRunners.TestRunner.runScenario["Valid code on try editor for arrays in python runs successfully", "Array detail page"](6)  Time elapsed: 1.346 s  <<< FAILURE!
org.openqa.selenium.ElementNotInteractableException: 
element not interactable
  (Session info: chrome=131.0.6778.140)
Build info: version: '4.26.0', revision: '8ccf0219d7'
System info: os.name: 'Windows 11', os.arch: 'amd64', os.version: '10.0', java.version: '21.0.5'
Driver info: org.openqa.selenium.chrome.ChromeDriver
Command: [a5dae87355bb58a320d435271bd4758b, sendKeysToElement {value=[Ljava.lang.CharSequence;@4a376777, id=f.430B3E8C7FC785B1DE1BEF091064AD2A.d.099CA3C14135CE30E943CF093A991465.e.49}]
Capabilities {acceptInsecureCerts: false, browserName: chrome, browserVersion: 131.0.6778.140, chrome: {chromedriverVersion: 131.0.6778.108 (3b014839fbc..., userDataDir: C:\Users\vamsh\AppData\Loca...}, fedcm:accounts: true, goog:chromeOptions: {debuggerAddress: localhost:54607}, networkConnectionEnabled: false, pageLoadStrategy: normal, platformName: windows, proxy: Proxy(), se:cdp: ws://localhost:54607/devtoo..., se:cdpVersion: 131.0.6778.140, setWindowRect: true, strictFileInteractability: false, timeouts: {implicit: 0, pageLoad: 300000, script: 30000}, unhandledPromptBehavior: dismiss and notify, webauthn:extension:credBlob: true, webauthn:extension:largeBlob: true, webauthn:extension:minPinLength: true, webauthn:extension:prf: true, webauthn:virtualAuthenticators: true}
Element: [[ChromeDriver: chrome on windows (a5dae87355bb58a320d435271bd4758b)] -> css selector: .CodeMirror textarea]
Session ID: a5dae87355bb58a320d435271bd4758b

TestRunners.TestRunner.runScenario["Error message displayed for invalid code on try Editor for Array using list", "Array detail page"](9)  Time elapsed: 1.843 s  <<< FAILURE!
org.openqa.selenium.ElementNotInteractableException: 
element not interactable
  (Session info: chrome=131.0.6778.140)
Build info: version: '4.26.0', revision: '8ccf0219d7'
System info: os.name: 'Windows 11', os.arch: 'amd64', os.version: '10.0', java.version: '21.0.5'
Driver info: org.openqa.selenium.chrome.ChromeDriver
Command: [39947774f7e15d25657c1d6adda6f1a7, sendKeysToElement {value=[Ljava.lang.CharSequence;@5970b4a9, id=f.56E531936EF7DFD7CD977C05736CF8F4.d.9C0AAAD06DF7E4742BF485E4C524E2A0.e.47}]
Capabilities {acceptInsecureCerts: false, browserName: chrome, browserVersion: 131.0.6778.140, chrome: {chromedriverVersion: 131.0.6778.108 (3b014839fbc..., userDataDir: C:\Users\vamsh\AppData\Loca...}, fedcm:accounts: true, goog:chromeOptions: {debuggerAddress: localhost:54771}, networkConnectionEnabled: false, pageLoadStrategy: normal, platformName: windows, proxy: Proxy(), se:cdp: ws://localhost:54771/devtoo..., se:cdpVersion: 131.0.6778.140, setWindowRect: true, strictFileInteractability: false, timeouts: {implicit: 0, pageLoad: 300000, script: 30000}, unhandledPromptBehavior: dismiss and notify, webauthn:extension:credBlob: true, webauthn:extension:largeBlob: true, webauthn:extension:minPinLength: true, webauthn:extension:prf: true, webauthn:virtualAuthenticators: true}
Element: [[ChromeDriver: chrome on windows (39947774f7e15d25657c1d6adda6f1a7)] -> css selector: .CodeMirror textarea]
Session ID: 39947774f7e15d25657c1d6adda6f1a7

TestRunners.TestRunner.runScenario["Valid code on try editor for Array using list runs successfully", "Array detail page"](11)  Time elapsed: 1.598 s  <<< FAILURE!
org.openqa.selenium.ElementNotInteractableException: 
element not interactable
  (Session info: chrome=131.0.6778.140)
Build info: version: '4.26.0', revision: '8ccf0219d7'
System info: os.name: 'Windows 11', os.arch: 'amd64', os.version: '10.0', java.version: '21.0.5'
Driver info: org.openqa.selenium.chrome.ChromeDriver
Command: [701515d1755c2e2929ac8754476f61c3, sendKeysToElement {value=[Ljava.lang.CharSequence;@1b1abe0, id=f.EA72CEA781D52C2E06AC15681BFEF8F0.d.E8964BF06BD07B3CBFB8F081A4F08A09.e.48}]
Capabilities {acceptInsecureCerts: false, browserName: chrome, browserVersion: 131.0.6778.140, chrome: {chromedriverVersion: 131.0.6778.108 (3b014839fbc..., userDataDir: C:\Users\vamsh\AppData\Loca...}, fedcm:accounts: true, goog:chromeOptions: {debuggerAddress: localhost:54885}, networkConnectionEnabled: false, pageLoadStrategy: normal, platformName: windows, proxy: Proxy(), se:cdp: ws://localhost:54885/devtoo..., se:cdpVersion: 131.0.6778.140, setWindowRect: true, strictFileInteractability: false, timeouts: {implicit: 0, pageLoad: 300000, script: 30000}, unhandledPromptBehavior: dismiss and notify, webauthn:extension:credBlob: true, webauthn:extension:largeBlob: true, webauthn:extension:minPinLength: true, webauthn:extension:prf: true, webauthn:virtualAuthenticators: true}
Element: [[ChromeDriver: chrome on windows (701515d1755c2e2929ac8754476f61c3)] -> css selector: .CodeMirror textarea]
Session ID: 701515d1755c2e2929ac8754476f61c3

TestRunners.TestRunner.runScenario["Error message displayed for invalid code on try Editor for Basic operations in lists", "Array detail page"](14)  Time elapsed: 1.5 s  <<< FAILURE!
org.openqa.selenium.ElementNotInteractableException: 
element not interactable
  (Session info: chrome=131.0.6778.140)
Build info: version: '4.26.0', revision: '8ccf0219d7'
System info: os.name: 'Windows 11', os.arch: 'amd64', os.version: '10.0', java.version: '21.0.5'
Driver info: org.openqa.selenium.chrome.ChromeDriver
Command: [1742710ced943628a34bef393ea4e6ab, sendKeysToElement {value=[Ljava.lang.CharSequence;@557d432d, id=f.4BE7C2012A71429CB0E942B4B2462B9B.d.07FE76F80E5F1E69E71D5B2BC88CFA03.e.53}]
Capabilities {acceptInsecureCerts: false, browserName: chrome, browserVersion: 131.0.6778.140, chrome: {chromedriverVersion: 131.0.6778.108 (3b014839fbc..., userDataDir: C:\Users\vamsh\AppData\Loca...}, fedcm:accounts: true, goog:chromeOptions: {debuggerAddress: localhost:55030}, networkConnectionEnabled: false, pageLoadStrategy: normal, platformName: windows, proxy: Proxy(), se:cdp: ws://localhost:55030/devtoo..., se:cdpVersion: 131.0.6778.140, setWindowRect: true, strictFileInteractability: false, timeouts: {implicit: 0, pageLoad: 300000, script: 30000}, unhandledPromptBehavior: dismiss and notify, webauthn:extension:credBlob: true, webauthn:extension:largeBlob: true, webauthn:extension:minPinLength: true, webauthn:extension:prf: true, webauthn:virtualAuthenticators: true}
Element: [[ChromeDriver: chrome on windows (1742710ced943628a34bef393ea4e6ab)] -> css selector: .CodeMirror textarea]
Session ID: 1742710ced943628a34bef393ea4e6ab

TestRunners.TestRunner.runScenario["Valid code on try editor for basic operations in lists runs successfully", "Array detail page"](16)  Time elapsed: 3.012 s  <<< FAILURE!
org.openqa.selenium.ElementNotInteractableException: 
element not interactable
  (Session info: chrome=131.0.6778.140)
Build info: version: '4.26.0', revision: '8ccf0219d7'
System info: os.name: 'Windows 11', os.arch: 'amd64', os.version: '10.0', java.version: '21.0.5'
Driver info: org.openqa.selenium.chrome.ChromeDriver
Command: [a163e1f3258ae0615511d5bee3a564a2, sendKeysToElement {value=[Ljava.lang.CharSequence;@34efa4e9, id=f.CA35EF28161D4FDF4C5ABC1CAA5EA291.d.E1C74D084875E2CB39A1A9F435FD132C.e.55}]
Capabilities {acceptInsecureCerts: false, browserName: chrome, browserVersion: 131.0.6778.140, chrome: {chromedriverVersion: 131.0.6778.108 (3b014839fbc..., userDataDir: C:\Users\vamsh\AppData\Loca...}, fedcm:accounts: true, goog:chromeOptions: {debuggerAddress: localhost:55129}, networkConnectionEnabled: false, pageLoadStrategy: normal, platformName: windows, proxy: Proxy(), se:cdp: ws://localhost:55129/devtoo..., se:cdpVersion: 131.0.6778.140, setWindowRect: true, strictFileInteractability: false, timeouts: {implicit: 0, pageLoad: 300000, script: 30000}, unhandledPromptBehavior: dismiss and notify, webauthn:extension:credBlob: true, webauthn:extension:largeBlob: true, webauthn:extension:minPinLength: true, webauthn:extension:prf: true, webauthn:virtualAuthenticators: true}
Element: [[ChromeDriver: chrome on windows (a163e1f3258ae0615511d5bee3a564a2)] -> css selector: .CodeMirror textarea]
Session ID: a163e1f3258ae0615511d5bee3a564a2

TestRunners.TestRunner.runScenario["Error message displayed for invalid code on try Editor for applications of array", "Array detail page"](19)  Time elapsed: 3.753 s  <<< FAILURE!
org.openqa.selenium.ElementNotInteractableException: 
element not interactable
  (Session info: chrome=131.0.6778.140)
Build info: version: '4.26.0', revision: '8ccf0219d7'
System info: os.name: 'Windows 11', os.arch: 'amd64', os.version: '10.0', java.version: '21.0.5'
Driver info: org.openqa.selenium.chrome.ChromeDriver
Command: [9dce386854c8c600ac757bdcb24ccb0c, sendKeysToElement {value=[Ljava.lang.CharSequence;@5d8ce3ab, id=f.4459E355937B449AC21ABA9655A77E33.d.186C7A55669E739BB590A7F0A15144DA.e.49}]
Capabilities {acceptInsecureCerts: false, browserName: chrome, browserVersion: 131.0.6778.140, chrome: {chromedriverVersion: 131.0.6778.108 (3b014839fbc..., userDataDir: C:\Users\vamsh\AppData\Loca...}, fedcm:accounts: true, goog:chromeOptions: {debuggerAddress: localhost:55277}, networkConnectionEnabled: false, pageLoadStrategy: normal, platformName: windows, proxy: Proxy(), se:cdp: ws://localhost:55277/devtoo..., se:cdpVersion: 131.0.6778.140, setWindowRect: true, strictFileInteractability: false, timeouts: {implicit: 0, pageLoad: 300000, script: 30000}, unhandledPromptBehavior: dismiss and notify, webauthn:extension:credBlob: true, webauthn:extension:largeBlob: true, webauthn:extension:minPinLength: true, webauthn:extension:prf: true, webauthn:virtualAuthenticators: true}
Element: [[ChromeDriver: chrome on windows (9dce386854c8c600ac757bdcb24ccb0c)] -> css selector: .CodeMirror textarea]
Session ID: 9dce386854c8c600ac757bdcb24ccb0c

TestRunners.TestRunner.runScenario["Valid code on try editor for applications of array runs successfully", "Array detail page"](21)  Time elapsed: 2.82 s  <<< FAILURE!
org.openqa.selenium.ElementNotInteractableException: 
element not interactable
  (Session info: chrome=131.0.6778.140)
Build info: version: '4.26.0', revision: '8ccf0219d7'
System info: os.name: 'Windows 11', os.arch: 'amd64', os.version: '10.0', java.version: '21.0.5'
Driver info: org.openqa.selenium.chrome.ChromeDriver
Command: [e7d1a8cf898cacd9c0757b0c5ad0e21a, sendKeysToElement {value=[Ljava.lang.CharSequence;@1eb4f905, id=f.CAE5DC5F5DAAEF821165C987CD5F0021.d.A0D87077F33263FD7528D9F7C5521929.e.48}]
Capabilities {acceptInsecureCerts: false, browserName: chrome, browserVersion: 131.0.6778.140, chrome: {chromedriverVersion: 131.0.6778.108 (3b014839fbc..., userDataDir: C:\Users\vamsh\AppData\Loca...}, fedcm:accounts: true, goog:chromeOptions: {debuggerAddress: localhost:55376}, networkConnectionEnabled: false, pageLoadStrategy: normal, platformName: windows, proxy: Proxy(), se:cdp: ws://localhost:55376/devtoo..., se:cdpVersion: 131.0.6778.140, setWindowRect: true, strictFileInteractability: false, timeouts: {implicit: 0, pageLoad: 300000, script: 30000}, unhandledPromptBehavior: dismiss and notify, webauthn:extension:credBlob: true, webauthn:extension:largeBlob: true, webauthn:extension:minPinLength: true, webauthn:extension:prf: true, webauthn:virtualAuthenticators: true}
Element: [[ChromeDriver: chrome on windows (e7d1a8cf898cacd9c0757b0c5ad0e21a)] -> css selector: .CodeMirror textarea]
Session ID: e7d1a8cf898cacd9c0757b0c5ad0e21a

TestRunners.TestRunner.runScenario["Error message displayed for invalid code on try editor for Time Complexity", "DS Introduction Page"](44)  Time elapsed: 2.019 s  <<< FAILURE!
org.openqa.selenium.ElementNotInteractableException: 
element not interactable
  (Session info: chrome=131.0.6778.140)
Build info: version: '4.26.0', revision: '8ccf0219d7'
System info: os.name: 'Windows 11', os.arch: 'amd64', os.version: '10.0', java.version: '21.0.5'
Driver info: org.openqa.selenium.chrome.ChromeDriver
Command: [5152c3c59167d2eda3d837ccdf762d7d, sendKeysToElement {value=[Ljava.lang.CharSequence;@32a42c3, id=f.983744D8DF51885EF9ECCE07F6F42DA9.d.47C756C465FBB49FFFA9E79F2FBC257D.e.56}]
Capabilities {acceptInsecureCerts: false, browserName: chrome, browserVersion: 131.0.6778.140, chrome: {chromedriverVersion: 131.0.6778.108 (3b014839fbc..., userDataDir: C:\Users\vamsh\AppData\Loca...}, fedcm:accounts: true, goog:chromeOptions: {debuggerAddress: localhost:56712}, networkConnectionEnabled: false, pageLoadStrategy: normal, platformName: windows, proxy: Proxy(), se:cdp: ws://localhost:56712/devtoo..., se:cdpVersion: 131.0.6778.140, setWindowRect: true, strictFileInteractability: false, timeouts: {implicit: 0, pageLoad: 300000, script: 30000}, unhandledPromptBehavior: dismiss and notify, webauthn:extension:credBlob: true, webauthn:extension:largeBlob: true, webauthn:extension:minPinLength: true, webauthn:extension:prf: true, webauthn:virtualAuthenticators: true}
Element: [[ChromeDriver: chrome on windows (5152c3c59167d2eda3d837ccdf762d7d)] -> css selector: .CodeMirror textarea]
Session ID: 5152c3c59167d2eda3d837ccdf762d7d

TestRunners.TestRunner.runScenario["Valid code on try editor for Time Complexity runs successfully", "DS Introduction Page"](46)  Time elapsed: 4.262 s  <<< FAILURE!
org.openqa.selenium.ElementNotInteractableException: 
element not interactable
  (Session info: chrome=131.0.6778.140)
Build info: version: '4.26.0', revision: '8ccf0219d7'
System info: os.name: 'Windows 11', os.arch: 'amd64', os.version: '10.0', java.version: '21.0.5'
Driver info: org.openqa.selenium.chrome.ChromeDriver
Command: [fd4a5c90a3975a2d49e98457516779c2, sendKeysToElement {value=[Ljava.lang.CharSequence;@2bb433e9, id=f.63C51F5082EDF95F738125679D6375F3.d.CB07972F386F4DE0E476CB17A52FAE52.e.55}]
Capabilities {acceptInsecureCerts: false, browserName: chrome, browserVersion: 131.0.6778.140, chrome: {chromedriverVersion: 131.0.6778.108 (3b014839fbc..., userDataDir: C:\Users\vamsh\AppData\Loca...}, fedcm:accounts: true, goog:chromeOptions: {debuggerAddress: localhost:56831}, networkConnectionEnabled: false, pageLoadStrategy: normal, platformName: windows, proxy: Proxy(), se:cdp: ws://localhost:56831/devtoo..., se:cdpVersion: 131.0.6778.140, setWindowRect: true, strictFileInteractability: false, timeouts: {implicit: 0, pageLoad: 300000, script: 30000}, unhandledPromptBehavior: dismiss and notify, webauthn:extension:credBlob: true, webauthn:extension:largeBlob: true, webauthn:extension:minPinLength: true, webauthn:extension:prf: true, webauthn:virtualAuthenticators: true}
Element: [[ChromeDriver: chrome on windows (fd4a5c90a3975a2d49e98457516779c2)] -> css selector: .CodeMirror textarea]
Session ID: fd4a5c90a3975a2d49e98457516779c2

TestRunners.TestRunner.runScenario["Error message displayed for invalid code on try Editor for graphs page", "Title of your feature"](50)  Time elapsed: 0.478 s  <<< FAILURE!
org.openqa.selenium.ElementNotInteractableException: 
element not interactable
  (Session info: chrome=131.0.6778.140)
Build info: version: '4.26.0', revision: '8ccf0219d7'
System info: os.name: 'Windows 11', os.arch: 'amd64', os.version: '10.0', java.version: '21.0.5'
Driver info: org.openqa.selenium.chrome.ChromeDriver
Command: [ac3c5f9a28fc133e6ee0d6d7564a749a, sendKeysToElement {value=[Ljava.lang.CharSequence;@1d90e527, id=f.5EDCEAD64A89F3F6673ABB4A18264212.d.CE0F18A0CD55FB47AE273F8335A93D3D.e.49}]
Capabilities {acceptInsecureCerts: false, browserName: chrome, browserVersion: 131.0.6778.140, chrome: {chromedriverVersion: 131.0.6778.108 (3b014839fbc..., userDataDir: C:\Users\vamsh\AppData\Loca...}, fedcm:accounts: true, goog:chromeOptions: {debuggerAddress: localhost:57019}, networkConnectionEnabled: false, pageLoadStrategy: normal, platformName: windows, proxy: Proxy(), se:cdp: ws://localhost:57019/devtoo..., se:cdpVersion: 131.0.6778.140, setWindowRect: true, strictFileInteractability: false, timeouts: {implicit: 0, pageLoad: 300000, script: 30000}, unhandledPromptBehavior: dismiss and notify, webauthn:extension:credBlob: true, webauthn:extension:largeBlob: true, webauthn:extension:minPinLength: true, webauthn:extension:prf: true, webauthn:virtualAuthenticators: true}
Element: [[ChromeDriver: chrome on windows (ac3c5f9a28fc133e6ee0d6d7564a749a)] -> css selector: .CodeMirror textarea]
Session ID: ac3c5f9a28fc133e6ee0d6d7564a749a

TestRunners.TestRunner.runScenario["Valid code on try editor for graphs runs successfully", "Title of your feature"](52)  Time elapsed: 3.804 s  <<< FAILURE!
org.openqa.selenium.ElementNotInteractableException: 
element not interactable
  (Session info: chrome=131.0.6778.140)
Build info: version: '4.26.0', revision: '8ccf0219d7'
System info: os.name: 'Windows 11', os.arch: 'amd64', os.version: '10.0', java.version: '21.0.5'
Driver info: org.openqa.selenium.chrome.ChromeDriver
Command: [1a4fc3e8dc6cd5e7a7de871b800d26e3, sendKeysToElement {value=[Ljava.lang.CharSequence;@179446f0, id=f.E8E81DEA8D68F728B0A3108DFD3E5D25.d.4F3CF17F3275A0DA405A88E8A9E6FC91.e.50}]
Capabilities {acceptInsecureCerts: false, browserName: chrome, browserVersion: 131.0.6778.140, chrome: {chromedriverVersion: 131.0.6778.108 (3b014839fbc..., userDataDir: C:\Users\vamsh\AppData\Loca...}, fedcm:accounts: true, goog:chromeOptions: {debuggerAddress: localhost:57163}, networkConnectionEnabled: false, pageLoadStrategy: normal, platformName: windows, proxy: Proxy(), se:cdp: ws://localhost:57163/devtoo..., se:cdpVersion: 131.0.6778.140, setWindowRect: true, strictFileInteractability: false, timeouts: {implicit: 0, pageLoad: 300000, script: 30000}, unhandledPromptBehavior: dismiss and notify, webauthn:extension:credBlob: true, webauthn:extension:largeBlob: true, webauthn:extension:minPinLength: true, webauthn:extension:prf: true, webauthn:virtualAuthenticators: true}
Element: [[ChromeDriver: chrome on windows (1a4fc3e8dc6cd5e7a7de871b800d26e3)] -> css selector: .CodeMirror textarea]
Session ID: 1a4fc3e8dc6cd5e7a7de871b800d26e3

TestRunners.TestRunner.runScenario["Valid code on try editor for graph representations runs successfully", "Title of your feature"](59)  Time elapsed: 0.223 s  <<< FAILURE!
org.openqa.selenium.ElementNotInteractableException: 
element not interactable
  (Session info: chrome=131.0.6778.140)
Build info: version: '4.26.0', revision: '8ccf0219d7'
System info: os.name: 'Windows 11', os.arch: 'amd64', os.version: '10.0', java.version: '21.0.5'
Driver info: org.openqa.selenium.chrome.ChromeDriver
Command: [09874d69b1228f13175493ac6fdb0442, sendKeysToElement {value=[Ljava.lang.CharSequence;@5d3477a, id=f.502A3684EA4CD27B0DA66F62A91E6E46.d.F1809F375CDC3A31985DC755A6158770.e.48}]
Capabilities {acceptInsecureCerts: false, browserName: chrome, browserVersion: 131.0.6778.140, chrome: {chromedriverVersion: 131.0.6778.108 (3b014839fbc..., userDataDir: C:\Users\vamsh\AppData\Loca...}, fedcm:accounts: true, goog:chromeOptions: {debuggerAddress: localhost:57408}, networkConnectionEnabled: false, pageLoadStrategy: normal, platformName: windows, proxy: Proxy(), se:cdp: ws://localhost:57408/devtoo..., se:cdpVersion: 131.0.6778.140, setWindowRect: true, strictFileInteractability: false, timeouts: {implicit: 0, pageLoad: 300000, script: 30000}, unhandledPromptBehavior: dismiss and notify, webauthn:extension:credBlob: true, webauthn:extension:largeBlob: true, webauthn:extension:minPinLength: true, webauthn:extension:prf: true, webauthn:virtualAuthenticators: true}
Element: [[ChromeDriver: chrome on windows (09874d69b1228f13175493ac6fdb0442)] -> css selector: .CodeMirror textarea]
Session ID: 09874d69b1228f13175493ac6fdb0442

TestRunners.TestRunner.runScenario["LL_Try Here Editor page with invalid data", "Linked List"](65)  Time elapsed: 4.078 s  <<< FAILURE!
org.openqa.selenium.ElementNotInteractableException: 
element not interactable
  (Session info: chrome=131.0.6778.140)
Build info: version: '4.26.0', revision: '8ccf0219d7'
System info: os.name: 'Windows 11', os.arch: 'amd64', os.version: '10.0', java.version: '21.0.5'
Driver info: org.openqa.selenium.chrome.ChromeDriver
Command: [c9528bc38cc34374142ee78075e5f237, sendKeysToElement {value=[Ljava.lang.CharSequence;@26d45b53, id=f.BD1D8792FB76328218212A57A64E32DE.d.47AC050FA6DF7B41EE9E7994E6FD5463.e.50}]
Capabilities {acceptInsecureCerts: false, browserName: chrome, browserVersion: 131.0.6778.140, chrome: {chromedriverVersion: 131.0.6778.108 (3b014839fbc..., userDataDir: C:\Users\vamsh\AppData\Loca...}, fedcm:accounts: true, goog:chromeOptions: {debuggerAddress: localhost:57860}, networkConnectionEnabled: false, pageLoadStrategy: normal, platformName: windows, proxy: Proxy(), se:cdp: ws://localhost:57860/devtoo..., se:cdpVersion: 131.0.6778.140, setWindowRect: true, strictFileInteractability: false, timeouts: {implicit: 0, pageLoad: 300000, script: 30000}, unhandledPromptBehavior: dismiss and notify, webauthn:extension:credBlob: true, webauthn:extension:largeBlob: true, webauthn:extension:minPinLength: true, webauthn:extension:prf: true, webauthn:virtualAuthenticators: true}
Element: [[ChromeDriver: chrome on windows (c9528bc38cc34374142ee78075e5f237)] -> css selector: .CodeMirror textarea]
Session ID: c9528bc38cc34374142ee78075e5f237

TestRunners.TestRunner.runScenario["LL_Try Here Editor page with valid data", "Linked List"](69)  Time elapsed: 5.124 s  <<< FAILURE!
org.openqa.selenium.ElementNotInteractableException: 
element not interactable
  (Session info: chrome=131.0.6778.140)
Build info: version: '4.26.0', revision: '8ccf0219d7'
System info: os.name: 'Windows 11', os.arch: 'amd64', os.version: '10.0', java.version: '21.0.5'
Driver info: org.openqa.selenium.chrome.ChromeDriver
Command: [ad6eeb24ae59e40037bfafb5eb022212, sendKeysToElement {value=[Ljava.lang.CharSequence;@25c98be8, id=f.4235742212F2D7F4AED5C053142BE0CD.d.F422C6A2D7C1527722F7721BE0A54BBE.e.48}]
Capabilities {acceptInsecureCerts: false, browserName: chrome, browserVersion: 131.0.6778.140, chrome: {chromedriverVersion: 131.0.6778.108 (3b014839fbc..., userDataDir: C:\Users\vamsh\AppData\Loca...}, fedcm:accounts: true, goog:chromeOptions: {debuggerAddress: localhost:58076}, networkConnectionEnabled: false, pageLoadStrategy: normal, platformName: windows, proxy: Proxy(), se:cdp: ws://localhost:58076/devtoo..., se:cdpVersion: 131.0.6778.140, setWindowRect: true, strictFileInteractability: false, timeouts: {implicit: 0, pageLoad: 300000, script: 30000}, unhandledPromptBehavior: dismiss and notify, webauthn:extension:credBlob: true, webauthn:extension:largeBlob: true, webauthn:extension:minPinLength: true, webauthn:extension:prf: true, webauthn:virtualAuthenticators: true}
Element: [[ChromeDriver: chrome on windows (ad6eeb24ae59e40037bfafb5eb022212)] -> css selector: .CodeMirror textarea]
Session ID: ad6eeb24ae59e40037bfafb5eb022212

TestRunners.TestRunner.runScenario["LL_Try Here Editor page with empty data", "Linked List"](73)  Time elapsed: 3.804 s  <<< FAILURE!
org.openqa.selenium.ElementNotInteractableException: 
element not interactable
  (Session info: chrome=131.0.6778.140)
Build info: version: '4.26.0', revision: '8ccf0219d7'
System info: os.name: 'Windows 11', os.arch: 'amd64', os.version: '10.0', java.version: '21.0.5'
Driver info: org.openqa.selenium.chrome.ChromeDriver
Command: [db7964688e44503fe3e1f8bc7f3ccff1, sendKeysToElement {value=[Ljava.lang.CharSequence;@eb6b4ef, id=f.62C30907E44AC4B552773A96B3EF5EF1.d.CF8129B42094C50AB48F4793705B5866.e.50}]
Capabilities {acceptInsecureCerts: false, browserName: chrome, browserVersion: 131.0.6778.140, chrome: {chromedriverVersion: 131.0.6778.108 (3b014839fbc..., userDataDir: C:\Users\vamsh\AppData\Loca...}, fedcm:accounts: true, goog:chromeOptions: {debuggerAddress: localhost:58270}, networkConnectionEnabled: false, pageLoadStrategy: normal, platformName: windows, proxy: Proxy(), se:cdp: ws://localhost:58270/devtoo..., se:cdpVersion: 131.0.6778.140, setWindowRect: true, strictFileInteractability: false, timeouts: {implicit: 0, pageLoad: 300000, script: 30000}, unhandledPromptBehavior: dismiss and notify, webauthn:extension:credBlob: true, webauthn:extension:largeBlob: true, webauthn:extension:minPinLength: true, webauthn:extension:prf: true, webauthn:virtualAuthenticators: true}
Element: [[ChromeDriver: chrome on windows (db7964688e44503fe3e1f8bc7f3ccff1)] -> css selector: .CodeMirror textarea]
Session ID: db7964688e44503fe3e1f8bc7f3ccff1

TestRunners.TestRunner.runScenario["LL_Try Here Editor page with valid data", "Linked List"](74)  Time elapsed: 1.761 s  <<< FAILURE!
org.openqa.selenium.ElementNotInteractableException: 
element not interactable
  (Session info: chrome=131.0.6778.140)
Build info: version: '4.26.0', revision: '8ccf0219d7'
System info: os.name: 'Windows 11', os.arch: 'amd64', os.version: '10.0', java.version: '21.0.5'
Driver info: org.openqa.selenium.chrome.ChromeDriver
Command: [ee95d5881e1ab417be37507954dceb34, sendKeysToElement {value=[Ljava.lang.CharSequence;@3a1f2fd7, id=f.9660C105D428DFDD6F4833C797C25B9F.d.E0B87123590E6C928FF5BF331FE087FB.e.50}]
Capabilities {acceptInsecureCerts: false, browserName: chrome, browserVersion: 131.0.6778.140, chrome: {chromedriverVersion: 131.0.6778.108 (3b014839fbc..., userDataDir: C:\Users\vamsh\AppData\Loca...}, fedcm:accounts: true, goog:chromeOptions: {debuggerAddress: localhost:58309}, networkConnectionEnabled: false, pageLoadStrategy: normal, platformName: windows, proxy: Proxy(), se:cdp: ws://localhost:58309/devtoo..., se:cdpVersion: 131.0.6778.140, setWindowRect: true, strictFileInteractability: false, timeouts: {implicit: 0, pageLoad: 300000, script: 30000}, unhandledPromptBehavior: dismiss and notify, webauthn:extension:credBlob: true, webauthn:extension:largeBlob: true, webauthn:extension:minPinLength: true, webauthn:extension:prf: true, webauthn:virtualAuthenticators: true}
Element: [[ChromeDriver: chrome on windows (ee95d5881e1ab417be37507954dceb34)] -> css selector: .CodeMirror textarea]
Session ID: ee95d5881e1ab417be37507954dceb34

TestRunners.TestRunner.runScenario["LL_Try Here Editor page with invalid data", "Linked List"](76)  Time elapsed: 3.074 s  <<< FAILURE!
org.openqa.selenium.ElementNotInteractableException: 
element not interactable
  (Session info: chrome=131.0.6778.140)
Build info: version: '4.26.0', revision: '8ccf0219d7'
System info: os.name: 'Windows 11', os.arch: 'amd64', os.version: '10.0', java.version: '21.0.5'
Driver info: org.openqa.selenium.chrome.ChromeDriver
Command: [9172a0a108cf36e028f330620a6267a1, sendKeysToElement {value=[Ljava.lang.CharSequence;@32d51cc9, id=f.1445457A4A6A47E15E420A46B17CB050.d.1EBA41B221167C4CCDFFBFF7AE35FEC2.e.52}]
Capabilities {acceptInsecureCerts: false, browserName: chrome, browserVersion: 131.0.6778.140, chrome: {chromedriverVersion: 131.0.6778.108 (3b014839fbc..., userDataDir: C:\Users\vamsh\AppData\Loca...}, fedcm:accounts: true, goog:chromeOptions: {debuggerAddress: localhost:58365}, networkConnectionEnabled: false, pageLoadStrategy: normal, platformName: windows, proxy: Proxy(), se:cdp: ws://localhost:58365/devtoo..., se:cdpVersion: 131.0.6778.140, setWindowRect: true, strictFileInteractability: false, timeouts: {implicit: 0, pageLoad: 300000, script: 30000}, unhandledPromptBehavior: dismiss and notify, webauthn:extension:credBlob: true, webauthn:extension:largeBlob: true, webauthn:extension:minPinLength: true, webauthn:extension:prf: true, webauthn:virtualAuthenticators: true}
Element: [[ChromeDriver: chrome on windows (9172a0a108cf36e028f330620a6267a1)] -> css selector: .CodeMirror textarea]
Session ID: 9172a0a108cf36e028f330620a6267a1

TestRunners.TestRunner.runScenario["LL_Try Here Editor page with empty data", "Linked List"](79)  Time elapsed: 2.774 s  <<< FAILURE!
org.openqa.selenium.ElementNotInteractableException: 
element not interactable
  (Session info: chrome=131.0.6778.140)
Build info: version: '4.26.0', revision: '8ccf0219d7'
System info: os.name: 'Windows 11', os.arch: 'amd64', os.version: '10.0', java.version: '21.0.5'
Driver info: org.openqa.selenium.chrome.ChromeDriver
Command: [41015016f5164ac968f3a4d79b90142d, sendKeysToElement {value=[Ljava.lang.CharSequence;@3028cbb7, id=f.8F62975A7A7E132BBD2F9CA9F2A9EDA7.d.B5D2DDC8AAD87C7E3DD35FBE58AD6C13.e.47}]
Capabilities {acceptInsecureCerts: false, browserName: chrome, browserVersion: 131.0.6778.140, chrome: {chromedriverVersion: 131.0.6778.108 (3b014839fbc..., userDataDir: C:\Users\vamsh\AppData\Loca...}, fedcm:accounts: true, goog:chromeOptions: {debuggerAddress: localhost:58508}, networkConnectionEnabled: false, pageLoadStrategy: normal, platformName: windows, proxy: Proxy(), se:cdp: ws://localhost:58508/devtoo..., se:cdpVersion: 131.0.6778.140, setWindowRect: true, strictFileInteractability: false, timeouts: {implicit: 0, pageLoad: 300000, script: 30000}, unhandledPromptBehavior: dismiss and notify, webauthn:extension:credBlob: true, webauthn:extension:largeBlob: true, webauthn:extension:minPinLength: true, webauthn:extension:prf: true, webauthn:virtualAuthenticators: true}
Element: [[ChromeDriver: chrome on windows (41015016f5164ac968f3a4d79b90142d)] -> css selector: .CodeMirror textarea]
Session ID: 41015016f5164ac968f3a4d79b90142d

TestRunners.TestRunner.runScenario["LL_Try Here Editor page with valid data", "Linked List"](80)  Time elapsed: 1.721 s  <<< FAILURE!
org.openqa.selenium.ElementNotInteractableException: 
element not interactable
  (Session info: chrome=131.0.6778.140)
Build info: version: '4.26.0', revision: '8ccf0219d7'
System info: os.name: 'Windows 11', os.arch: 'amd64', os.version: '10.0', java.version: '21.0.5'
Driver info: org.openqa.selenium.chrome.ChromeDriver
Command: [5895c2e93af31afb5598c14fcf8dbbef, sendKeysToElement {value=[Ljava.lang.CharSequence;@50b1e22e, id=f.3D7A5C1A72F27DCB4A85F2890FEECB89.d.5A47C0DEDFAA9C06DB6BC8457E1A6F8E.e.51}]
Capabilities {acceptInsecureCerts: false, browserName: chrome, browserVersion: 131.0.6778.140, chrome: {chromedriverVersion: 131.0.6778.108 (3b014839fbc..., userDataDir: C:\Users\vamsh\AppData\Loca...}, fedcm:accounts: true, goog:chromeOptions: {debuggerAddress: localhost:58527}, networkConnectionEnabled: false, pageLoadStrategy: normal, platformName: windows, proxy: Proxy(), se:cdp: ws://localhost:58527/devtoo..., se:cdpVersion: 131.0.6778.140, setWindowRect: true, strictFileInteractability: false, timeouts: {implicit: 0, pageLoad: 300000, script: 30000}, unhandledPromptBehavior: dismiss and notify, webauthn:extension:credBlob: true, webauthn:extension:largeBlob: true, webauthn:extension:minPinLength: true, webauthn:extension:prf: true, webauthn:virtualAuthenticators: true}
Element: [[ChromeDriver: chrome on windows (5895c2e93af31afb5598c14fcf8dbbef)] -> css selector: .CodeMirror textarea]
Session ID: 5895c2e93af31afb5598c14fcf8dbbef

TestRunners.TestRunner.runScenario["LL_Try Here Editor page with invalid data", "Linked List"](81)  Time elapsed: 3.082 s  <<< FAILURE!
org.openqa.selenium.ElementNotInteractableException: 
element not interactable
  (Session info: chrome=131.0.6778.140)
Build info: version: '4.26.0', revision: '8ccf0219d7'
System info: os.name: 'Windows 11', os.arch: 'amd64', os.version: '10.0', java.version: '21.0.5'
Driver info: org.openqa.selenium.chrome.ChromeDriver
Command: [079b5be2fceea3d94f7aee249eb8084e, sendKeysToElement {value=[Ljava.lang.CharSequence;@3c068c80, id=f.04B7EC926AEED19C24D5C8F706867332.d.0E91C44ED1237F92E9BE1214F7AD6B9A.e.56}]
Capabilities {acceptInsecureCerts: false, browserName: chrome, browserVersion: 131.0.6778.140, chrome: {chromedriverVersion: 131.0.6778.108 (3b014839fbc..., userDataDir: C:\Users\vamsh\AppData\Loca...}, fedcm:accounts: true, goog:chromeOptions: {debuggerAddress: localhost:58608}, networkConnectionEnabled: false, pageLoadStrategy: normal, platformName: windows, proxy: Proxy(), se:cdp: ws://localhost:58608/devtoo..., se:cdpVersion: 131.0.6778.140, setWindowRect: true, strictFileInteractability: false, timeouts: {implicit: 0, pageLoad: 300000, script: 30000}, unhandledPromptBehavior: dismiss and notify, webauthn:extension:credBlob: true, webauthn:extension:largeBlob: true, webauthn:extension:minPinLength: true, webauthn:extension:prf: true, webauthn:virtualAuthenticators: true}
Element: [[ChromeDriver: chrome on windows (079b5be2fceea3d94f7aee249eb8084e)] -> css selector: .CodeMirror textarea]
Session ID: 079b5be2fceea3d94f7aee249eb8084e

TestRunners.TestRunner.runScenario["LL_Try Here Editor page with empty data", "Linked List"](84)  Time elapsed: 3.467 s  <<< FAILURE!
org.openqa.selenium.ElementNotInteractableException: 
element not interactable
  (Session info: chrome=131.0.6778.140)
Build info: version: '4.26.0', revision: '8ccf0219d7'
System info: os.name: 'Windows 11', os.arch: 'amd64', os.version: '10.0', java.version: '21.0.5'
Driver info: org.openqa.selenium.chrome.ChromeDriver
Command: [cbd266b330a7b237492121fca2c16ded, sendKeysToElement {value=[Ljava.lang.CharSequence;@4d3103ee, id=f.9C74D92F9522627FD5E3DF1E7EF0A7BC.d.8090D50889A1D793D34266BFCBEBF556.e.59}]
Capabilities {acceptInsecureCerts: false, browserName: chrome, browserVersion: 131.0.6778.140, chrome: {chromedriverVersion: 131.0.6778.108 (3b014839fbc..., userDataDir: C:\Users\vamsh\AppData\Loca...}, fedcm:accounts: true, goog:chromeOptions: {debuggerAddress: localhost:58780}, networkConnectionEnabled: false, pageLoadStrategy: normal, platformName: windows, proxy: Proxy(), se:cdp: ws://localhost:58780/devtoo..., se:cdpVersion: 131.0.6778.140, setWindowRect: true, strictFileInteractability: false, timeouts: {implicit: 0, pageLoad: 300000, script: 30000}, unhandledPromptBehavior: dismiss and notify, webauthn:extension:credBlob: true, webauthn:extension:largeBlob: true, webauthn:extension:minPinLength: true, webauthn:extension:prf: true, webauthn:virtualAuthenticators: true}
Element: [[ChromeDriver: chrome on windows (cbd266b330a7b237492121fca2c16ded)] -> css selector: .CodeMirror textarea]
Session ID: cbd266b330a7b237492121fca2c16ded

TestRunners.TestRunner.runScenario["LL_Try Here Editor page with valid data", "Linked List"](85)  Time elapsed: 1.079 s  <<< FAILURE!
org.openqa.selenium.ElementNotInteractableException: 
element not interactable
  (Session info: chrome=131.0.6778.140)
Build info: version: '4.26.0', revision: '8ccf0219d7'
System info: os.name: 'Windows 11', os.arch: 'amd64', os.version: '10.0', java.version: '21.0.5'
Driver info: org.openqa.selenium.chrome.ChromeDriver
Command: [11502880677c833024901bcf9f4a7d4c, sendKeysToElement {value=[Ljava.lang.CharSequence;@26111868, id=f.1182F0E52A2081333354D06C0A58D45A.d.E321FC0FC171B95AF30703DFBAAAFBF6.e.59}]
Capabilities {acceptInsecureCerts: false, browserName: chrome, browserVersion: 131.0.6778.140, chrome: {chromedriverVersion: 131.0.6778.108 (3b014839fbc..., userDataDir: C:\Users\vamsh\AppData\Loca...}, fedcm:accounts: true, goog:chromeOptions: {debuggerAddress: localhost:58806}, networkConnectionEnabled: false, pageLoadStrategy: normal, platformName: windows, proxy: Proxy(), se:cdp: ws://localhost:58806/devtoo..., se:cdpVersion: 131.0.6778.140, setWindowRect: true, strictFileInteractability: false, timeouts: {implicit: 0, pageLoad: 300000, script: 30000}, unhandledPromptBehavior: dismiss and notify, webauthn:extension:credBlob: true, webauthn:extension:largeBlob: true, webauthn:extension:minPinLength: true, webauthn:extension:prf: true, webauthn:virtualAuthenticators: true}
Element: [[ChromeDriver: chrome on windows (11502880677c833024901bcf9f4a7d4c)] -> css selector: .CodeMirror textarea]
Session ID: 11502880677c833024901bcf9f4a7d4c

TestRunners.TestRunner.runScenario["LL_Try Here Editor page with invalid data", "Linked List"](86)  Time elapsed: 2.646 s  <<< FAILURE!
org.openqa.selenium.ElementNotInteractableException: 
element not interactable
  (Session info: chrome=131.0.6778.140)
Build info: version: '4.26.0', revision: '8ccf0219d7'
System info: os.name: 'Windows 11', os.arch: 'amd64', os.version: '10.0', java.version: '21.0.5'
Driver info: org.openqa.selenium.chrome.ChromeDriver
Command: [caf8f1b8c1c18e927514e35940c654e4, sendKeysToElement {value=[Ljava.lang.CharSequence;@37c25336, id=f.6FC82FA402B368A4B6DC8E796FD97B08.d.7EE06E88D74C1FCE6F8AB15BF5FE322A.e.57}]
Capabilities {acceptInsecureCerts: false, browserName: chrome, browserVersion: 131.0.6778.140, chrome: {chromedriverVersion: 131.0.6778.108 (3b014839fbc..., userDataDir: C:\Users\vamsh\AppData\Loca...}, fedcm:accounts: true, goog:chromeOptions: {debuggerAddress: localhost:58876}, networkConnectionEnabled: false, pageLoadStrategy: normal, platformName: windows, proxy: Proxy(), se:cdp: ws://localhost:58876/devtoo..., se:cdpVersion: 131.0.6778.140, setWindowRect: true, strictFileInteractability: false, timeouts: {implicit: 0, pageLoad: 300000, script: 30000}, unhandledPromptBehavior: dismiss and notify, webauthn:extension:credBlob: true, webauthn:extension:largeBlob: true, webauthn:extension:minPinLength: true, webauthn:extension:prf: true, webauthn:virtualAuthenticators: true}
Element: [[ChromeDriver: chrome on windows (caf8f1b8c1c18e927514e35940c654e4)] -> css selector: .CodeMirror textarea]
Session ID: caf8f1b8c1c18e927514e35940c654e4

TestRunners.TestRunner.runScenario["LL_Try Here Editor page with empty data", "Linked List"](89)  Time elapsed: 2.371 s  <<< FAILURE!
org.openqa.selenium.ElementNotInteractableException: 
element not interactable
  (Session info: chrome=131.0.6778.140)
Build info: version: '4.26.0', revision: '8ccf0219d7'
System info: os.name: 'Windows 11', os.arch: 'amd64', os.version: '10.0', java.version: '21.0.5'
Driver info: org.openqa.selenium.chrome.ChromeDriver
Command: [8069d12e77f456052c9d0ca9be11ed2c, sendKeysToElement {value=[Ljava.lang.CharSequence;@32bea176, id=f.1544A59FC6A8E36DEA9AEB96042AAC0E.d.BC054E882DB7BAFFC83760D7A4287B00.e.61}]
Capabilities {acceptInsecureCerts: false, browserName: chrome, browserVersion: 131.0.6778.140, chrome: {chromedriverVersion: 131.0.6778.108 (3b014839fbc..., userDataDir: C:\Users\vamsh\AppData\Loca...}, fedcm:accounts: true, goog:chromeOptions: {debuggerAddress: localhost:59056}, networkConnectionEnabled: false, pageLoadStrategy: normal, platformName: windows, proxy: Proxy(), se:cdp: ws://localhost:59056/devtoo..., se:cdpVersion: 131.0.6778.140, setWindowRect: true, strictFileInteractability: false, timeouts: {implicit: 0, pageLoad: 300000, script: 30000}, unhandledPromptBehavior: dismiss and notify, webauthn:extension:credBlob: true, webauthn:extension:largeBlob: true, webauthn:extension:minPinLength: true, webauthn:extension:prf: true, webauthn:virtualAuthenticators: true}
Element: [[ChromeDriver: chrome on windows (8069d12e77f456052c9d0ca9be11ed2c)] -> css selector: .CodeMirror textarea]
Session ID: 8069d12e77f456052c9d0ca9be11ed2c

TestRunners.TestRunner.runScenario["LL_Try Here Editor page with valid data", "Linked List"](90)  Time elapsed: 2.984 s  <<< FAILURE!
org.openqa.selenium.ElementNotInteractableException: 
element not interactable
  (Session info: chrome=131.0.6778.140)
Build info: version: '4.26.0', revision: '8ccf0219d7'
System info: os.name: 'Windows 11', os.arch: 'amd64', os.version: '10.0', java.version: '21.0.5'
Driver info: org.openqa.selenium.chrome.ChromeDriver
Command: [06ca71b177733650d066375215a536d6, sendKeysToElement {value=[Ljava.lang.CharSequence;@5ea78ad9, id=f.DFD71CF1574EBCA1499E9481400346DD.d.111FB0345029C88300451AF507F5ED18.e.58}]
Capabilities {acceptInsecureCerts: false, browserName: chrome, browserVersion: 131.0.6778.140, chrome: {chromedriverVersion: 131.0.6778.108 (3b014839fbc..., userDataDir: C:\Users\vamsh\AppData\Loca...}, fedcm:accounts: true, goog:chromeOptions: {debuggerAddress: localhost:59106}, networkConnectionEnabled: false, pageLoadStrategy: normal, platformName: windows, proxy: Proxy(), se:cdp: ws://localhost:59106/devtoo..., se:cdpVersion: 131.0.6778.140, setWindowRect: true, strictFileInteractability: false, timeouts: {implicit: 0, pageLoad: 300000, script: 30000}, unhandledPromptBehavior: dismiss and notify, webauthn:extension:credBlob: true, webauthn:extension:largeBlob: true, webauthn:extension:minPinLength: true, webauthn:extension:prf: true, webauthn:virtualAuthenticators: true}
Element: [[ChromeDriver: chrome on windows (06ca71b177733650d066375215a536d6)] -> css selector: .CodeMirror textarea]
Session ID: 06ca71b177733650d066375215a536d6

TestRunners.TestRunner.runScenario["LL_Try Here Editor page with invalid data", "Linked List"](91)  Time elapsed: 2.941 s  <<< FAILURE!
org.openqa.selenium.ElementNotInteractableException: 
element not interactable
  (Session info: chrome=131.0.6778.140)
Build info: version: '4.26.0', revision: '8ccf0219d7'
System info: os.name: 'Windows 11', os.arch: 'amd64', os.version: '10.0', java.version: '21.0.5'
Driver info: org.openqa.selenium.chrome.ChromeDriver
Command: [795a378e26605642b4120dfefaaddf69, sendKeysToElement {value=[Ljava.lang.CharSequence;@638e045b, id=f.103F68174494A7C568DD035CAFBDDC92.d.9781F8CFD772570A6E32130FD4066F26.e.48}]
Capabilities {acceptInsecureCerts: false, browserName: chrome, browserVersion: 131.0.6778.140, chrome: {chromedriverVersion: 131.0.6778.108 (3b014839fbc..., userDataDir: C:\Users\vamsh\AppData\Loca...}, fedcm:accounts: true, goog:chromeOptions: {debuggerAddress: localhost:59156}, networkConnectionEnabled: false, pageLoadStrategy: normal, platformName: windows, proxy: Proxy(), se:cdp: ws://localhost:59156/devtoo..., se:cdpVersion: 131.0.6778.140, setWindowRect: true, strictFileInteractability: false, timeouts: {implicit: 0, pageLoad: 300000, script: 30000}, unhandledPromptBehavior: dismiss and notify, webauthn:extension:credBlob: true, webauthn:extension:largeBlob: true, webauthn:extension:minPinLength: true, webauthn:extension:prf: true, webauthn:virtualAuthenticators: true}
Element: [[ChromeDriver: chrome on windows (795a378e26605642b4120dfefaaddf69)] -> css selector: .CodeMirror textarea]
Session ID: 795a378e26605642b4120dfefaaddf69

TestRunners.TestRunner.runScenario["LL_Try Here Editor page with empty data", "Linked List"](94)  Time elapsed: 1.932 s  <<< FAILURE!
org.openqa.selenium.ElementNotInteractableException: 
element not interactable
  (Session info: chrome=131.0.6778.140)
Build info: version: '4.26.0', revision: '8ccf0219d7'
System info: os.name: 'Windows 11', os.arch: 'amd64', os.version: '10.0', java.version: '21.0.5'
Driver info: org.openqa.selenium.chrome.ChromeDriver
Command: [5e7bed25d5224629167b42845f9cd840, sendKeysToElement {value=[Ljava.lang.CharSequence;@6a200df4, id=f.415296966892CCC26983DF2DA3F010FF.d.A757D790305DBF54A65D77FDA76C563C.e.35}]
Capabilities {acceptInsecureCerts: false, browserName: chrome, browserVersion: 131.0.6778.140, chrome: {chromedriverVersion: 131.0.6778.108 (3b014839fbc..., userDataDir: C:\Users\vamsh\AppData\Loca...}, fedcm:accounts: true, goog:chromeOptions: {debuggerAddress: localhost:59319}, networkConnectionEnabled: false, pageLoadStrategy: normal, platformName: windows, proxy: Proxy(), se:cdp: ws://localhost:59319/devtoo..., se:cdpVersion: 131.0.6778.140, setWindowRect: true, strictFileInteractability: false, timeouts: {implicit: 0, pageLoad: 300000, script: 30000}, unhandledPromptBehavior: dismiss and notify, webauthn:extension:credBlob: true, webauthn:extension:largeBlob: true, webauthn:extension:minPinLength: true, webauthn:extension:prf: true, webauthn:virtualAuthenticators: true}
Element: [[ChromeDriver: chrome on windows (5e7bed25d5224629167b42845f9cd840)] -> css selector: .CodeMirror textarea]
Session ID: 5e7bed25d5224629167b42845f9cd840

TestRunners.TestRunner.runScenario["LL_Try Here Editor page with valid data", "Linked List"](95)  Time elapsed: 2.114 s  <<< FAILURE!
org.openqa.selenium.ElementNotInteractableException: 
element not interactable
  (Session info: chrome=131.0.6778.140)
Build info: version: '4.26.0', revision: '8ccf0219d7'
System info: os.name: 'Windows 11', os.arch: 'amd64', os.version: '10.0', java.version: '21.0.5'
Driver info: org.openqa.selenium.chrome.ChromeDriver
Command: [2799018caed75afde3468df4214a8466, sendKeysToElement {value=[Ljava.lang.CharSequence;@67340bef, id=f.33A944D0A4E70B3879DCD004637AE229.d.27E94F7C59BC13417C2F949D604292A5.e.49}]
Capabilities {acceptInsecureCerts: false, browserName: chrome, browserVersion: 131.0.6778.140, chrome: {chromedriverVersion: 131.0.6778.108 (3b014839fbc..., userDataDir: C:\Users\vamsh\AppData\Loca...}, fedcm:accounts: true, goog:chromeOptions: {debuggerAddress: localhost:59385}, networkConnectionEnabled: false, pageLoadStrategy: normal, platformName: windows, proxy: Proxy(), se:cdp: ws://localhost:59385/devtoo..., se:cdpVersion: 131.0.6778.140, setWindowRect: true, strictFileInteractability: false, timeouts: {implicit: 0, pageLoad: 300000, script: 30000}, unhandledPromptBehavior: dismiss and notify, webauthn:extension:credBlob: true, webauthn:extension:largeBlob: true, webauthn:extension:minPinLength: true, webauthn:extension:prf: true, webauthn:virtualAuthenticators: true}
Element: [[ChromeDriver: chrome on windows (2799018caed75afde3468df4214a8466)] -> css selector: .CodeMirror textarea]
Session ID: 2799018caed75afde3468df4214a8466

TestRunners.TestRunner.runScenario["LL_Try Here Editor page with invalid data", "Linked List"](96)  Time elapsed: 2.832 s  <<< FAILURE!
org.openqa.selenium.ElementNotInteractableException: 
element not interactable
  (Session info: chrome=131.0.6778.140)
Build info: version: '4.26.0', revision: '8ccf0219d7'
System info: os.name: 'Windows 11', os.arch: 'amd64', os.version: '10.0', java.version: '21.0.5'
Driver info: org.openqa.selenium.chrome.ChromeDriver
Command: [2facfc3edacc3b3e1a9a2aed2994f758, sendKeysToElement {value=[Ljava.lang.CharSequence;@57be2174, id=f.8700080ADFF8F165D1BA755FC9A98016.d.33C9B535656FEAE7870873B58B4A889B.e.48}]
Capabilities {acceptInsecureCerts: false, browserName: chrome, browserVersion: 131.0.6778.140, chrome: {chromedriverVersion: 131.0.6778.108 (3b014839fbc..., userDataDir: C:\Users\vamsh\AppData\Loca...}, fedcm:accounts: true, goog:chromeOptions: {debuggerAddress: localhost:59453}, networkConnectionEnabled: false, pageLoadStrategy: normal, platformName: windows, proxy: Proxy(), se:cdp: ws://localhost:59453/devtoo..., se:cdpVersion: 131.0.6778.140, setWindowRect: true, strictFileInteractability: false, timeouts: {implicit: 0, pageLoad: 300000, script: 30000}, unhandledPromptBehavior: dismiss and notify, webauthn:extension:credBlob: true, webauthn:extension:largeBlob: true, webauthn:extension:minPinLength: true, webauthn:extension:prf: true, webauthn:virtualAuthenticators: true}
Element: [[ChromeDriver: chrome on windows (2facfc3edacc3b3e1a9a2aed2994f758)] -> css selector: .CodeMirror textarea]
Session ID: 2facfc3edacc3b3e1a9a2aed2994f758

TestRunners.TestRunner.runScenario["Error message displayed for invalid code on try editor for Implementation of Queue in python", "Queue Details page"](107)  Time elapsed: 3.91 s  <<< FAILURE!
org.openqa.selenium.ElementNotInteractableException: 
element not interactable
  (Session info: chrome=131.0.6778.140)
Build info: version: '4.26.0', revision: '8ccf0219d7'
System info: os.name: 'Windows 11', os.arch: 'amd64', os.version: '10.0', java.version: '21.0.5'
Driver info: org.openqa.selenium.chrome.ChromeDriver
Command: [d9a347255ca2383721939f7cd6e364c3, sendKeysToElement {value=[Ljava.lang.CharSequence;@29bd189e, id=f.D93428E9045A74E83D66CB2B75FF5CA3.d.B014178D37D54BBD5DB7B525C0C9B963.e.49}]
Capabilities {acceptInsecureCerts: false, browserName: chrome, browserVersion: 131.0.6778.140, chrome: {chromedriverVersion: 131.0.6778.108 (3b014839fbc..., userDataDir: C:\Users\vamsh\AppData\Loca...}, fedcm:accounts: true, goog:chromeOptions: {debuggerAddress: localhost:59985}, networkConnectionEnabled: false, pageLoadStrategy: normal, platformName: windows, proxy: Proxy(), se:cdp: ws://localhost:59985/devtoo..., se:cdpVersion: 131.0.6778.140, setWindowRect: true, strictFileInteractability: false, timeouts: {implicit: 0, pageLoad: 300000, script: 30000}, unhandledPromptBehavior: dismiss and notify, webauthn:extension:credBlob: true, webauthn:extension:largeBlob: true, webauthn:extension:minPinLength: true, webauthn:extension:prf: true, webauthn:virtualAuthenticators: true}
Element: [[ChromeDriver: chrome on windows (d9a347255ca2383721939f7cd6e364c3)] -> css selector: .CodeMirror textarea]
Session ID: d9a347255ca2383721939f7cd6e364c3

TestRunners.TestRunner.runScenario["No error message displayed for empty code on try editor for Implementation of Queue in python", "Queue Details page"](108)  Time elapsed: 1.343 s  <<< FAILURE!
org.openqa.selenium.ElementNotInteractableException: 
element not interactable
  (Session info: chrome=131.0.6778.140)
Build info: version: '4.26.0', revision: '8ccf0219d7'
System info: os.name: 'Windows 11', os.arch: 'amd64', os.version: '10.0', java.version: '21.0.5'
Driver info: org.openqa.selenium.chrome.ChromeDriver
Command: [ac0866c026638e3ea8dd503b1311ccfa, sendKeysToElement {value=[Ljava.lang.CharSequence;@748a52a7, id=f.C659B3C1EE89AD284DA7968105E62912.d.411B94E6EF516127BC9A2780B2EDEBCE.e.49}]
Capabilities {acceptInsecureCerts: false, browserName: chrome, browserVersion: 131.0.6778.140, chrome: {chromedriverVersion: 131.0.6778.108 (3b014839fbc..., userDataDir: C:\Users\vamsh\AppData\Loca...}, fedcm:accounts: true, goog:chromeOptions: {debuggerAddress: localhost:60047}, networkConnectionEnabled: false, pageLoadStrategy: normal, platformName: windows, proxy: Proxy(), se:cdp: ws://localhost:60047/devtoo..., se:cdpVersion: 131.0.6778.140, setWindowRect: true, strictFileInteractability: false, timeouts: {implicit: 0, pageLoad: 300000, script: 30000}, unhandledPromptBehavior: dismiss and notify, webauthn:extension:credBlob: true, webauthn:extension:largeBlob: true, webauthn:extension:minPinLength: true, webauthn:extension:prf: true, webauthn:virtualAuthenticators: true}
Element: [[ChromeDriver: chrome on windows (ac0866c026638e3ea8dd503b1311ccfa)] -> css selector: .CodeMirror textarea]
Session ID: ac0866c026638e3ea8dd503b1311ccfa

TestRunners.TestRunner.runScenario["Valid code on try editor for Implementation of Queue in python runs successfully", "Queue Details page"](109)  Time elapsed: 3.171 s  <<< FAILURE!
org.openqa.selenium.ElementNotInteractableException: 
element not interactable
  (Session info: chrome=131.0.6778.140)
Build info: version: '4.26.0', revision: '8ccf0219d7'
System info: os.name: 'Windows 11', os.arch: 'amd64', os.version: '10.0', java.version: '21.0.5'
Driver info: org.openqa.selenium.chrome.ChromeDriver
Command: [42418d8e5675106973d1e50ea8498318, sendKeysToElement {value=[Ljava.lang.CharSequence;@74024807, id=f.5530344E77420CC6659A89B068E2EAB8.d.310B449E852F302F499787FE45F79C0B.e.51}]
Capabilities {acceptInsecureCerts: false, browserName: chrome, browserVersion: 131.0.6778.140, chrome: {chromedriverVersion: 131.0.6778.108 (3b014839fbc..., userDataDir: C:\Users\vamsh\AppData\Loca...}, fedcm:accounts: true, goog:chromeOptions: {debuggerAddress: localhost:60096}, networkConnectionEnabled: false, pageLoadStrategy: normal, platformName: windows, proxy: Proxy(), se:cdp: ws://localhost:60096/devtoo..., se:cdpVersion: 131.0.6778.140, setWindowRect: true, strictFileInteractability: false, timeouts: {implicit: 0, pageLoad: 300000, script: 30000}, unhandledPromptBehavior: dismiss and notify, webauthn:extension:credBlob: true, webauthn:extension:largeBlob: true, webauthn:extension:minPinLength: true, webauthn:extension:prf: true, webauthn:virtualAuthenticators: true}
Element: [[ChromeDriver: chrome on windows (42418d8e5675106973d1e50ea8498318)] -> css selector: .CodeMirror textarea]
Session ID: 42418d8e5675106973d1e50ea8498318

TestRunners.TestRunner.runScenario["Error message displayed for invalid code on try editor for Implementation using collections.deque", "Queue Details page"](112)  Time elapsed: 3.371 s  <<< FAILURE!
org.openqa.selenium.ElementNotInteractableException: 
element not interactable
  (Session info: chrome=131.0.6778.140)
Build info: version: '4.26.0', revision: '8ccf0219d7'
System info: os.name: 'Windows 11', os.arch: 'amd64', os.version: '10.0', java.version: '21.0.5'
Driver info: org.openqa.selenium.chrome.ChromeDriver
Command: [207eef4a9edb7b357947ea2dbfb860d5, sendKeysToElement {value=[Ljava.lang.CharSequence;@303afa11, id=f.1E13569C9E00B25B285E05773A1F593C.d.41D6B3D1D587D650B0E0B6C0EC80A40B.e.50}]
Capabilities {acceptInsecureCerts: false, browserName: chrome, browserVersion: 131.0.6778.140, chrome: {chromedriverVersion: 131.0.6778.108 (3b014839fbc..., userDataDir: C:\Users\vamsh\AppData\Loca...}, fedcm:accounts: true, goog:chromeOptions: {debuggerAddress: localhost:60283}, networkConnectionEnabled: false, pageLoadStrategy: normal, platformName: windows, proxy: Proxy(), se:cdp: ws://localhost:60283/devtoo..., se:cdpVersion: 131.0.6778.140, setWindowRect: true, strictFileInteractability: false, timeouts: {implicit: 0, pageLoad: 300000, script: 30000}, unhandledPromptBehavior: dismiss and notify, webauthn:extension:credBlob: true, webauthn:extension:largeBlob: true, webauthn:extension:minPinLength: true, webauthn:extension:prf: true, webauthn:virtualAuthenticators: true}
Element: [[ChromeDriver: chrome on windows (207eef4a9edb7b357947ea2dbfb860d5)] -> css selector: .CodeMirror textarea]
Session ID: 207eef4a9edb7b357947ea2dbfb860d5

TestRunners.TestRunner.runScenario["Valid code on try editor for Implementation using collections.deque runs successfully", "Queue Details page"](114)  Time elapsed: 1.249 s  <<< FAILURE!
org.openqa.selenium.ElementNotInteractableException: 
element not interactable
  (Session info: chrome=131.0.6778.140)
Build info: version: '4.26.0', revision: '8ccf0219d7'
System info: os.name: 'Windows 11', os.arch: 'amd64', os.version: '10.0', java.version: '21.0.5'
Driver info: org.openqa.selenium.chrome.ChromeDriver
Command: [8286e260dc0d283c5ae176e5cc4c7f0b, sendKeysToElement {value=[Ljava.lang.CharSequence;@2c3ffb1d, id=f.4372DED8C297AB018646DE203381D407.d.D0B44B1E768245C9720D68A4E9724084.e.50}]
Capabilities {acceptInsecureCerts: false, browserName: chrome, browserVersion: 131.0.6778.140, chrome: {chromedriverVersion: 131.0.6778.108 (3b014839fbc..., userDataDir: C:\Users\vamsh\AppData\Loca...}, fedcm:accounts: true, goog:chromeOptions: {debuggerAddress: localhost:60375}, networkConnectionEnabled: false, pageLoadStrategy: normal, platformName: windows, proxy: Proxy(), se:cdp: ws://localhost:60375/devtoo..., se:cdpVersion: 131.0.6778.140, setWindowRect: true, strictFileInteractability: false, timeouts: {implicit: 0, pageLoad: 300000, script: 30000}, unhandledPromptBehavior: dismiss and notify, webauthn:extension:credBlob: true, webauthn:extension:largeBlob: true, webauthn:extension:minPinLength: true, webauthn:extension:prf: true, webauthn:virtualAuthenticators: true}
Element: [[ChromeDriver: chrome on windows (8286e260dc0d283c5ae176e5cc4c7f0b)] -> css selector: .CodeMirror textarea]
Session ID: 8286e260dc0d283c5ae176e5cc4c7f0b

TestRunners.TestRunner.runScenario["Error message displayed for invalid code on try editor for Implementation using collections.deque", "Queue Details page"](117)  Time elapsed: 2.054 s  <<< FAILURE!
org.openqa.selenium.ElementNotInteractableException: 
element not interactable
  (Session info: chrome=131.0.6778.140)
Build info: version: '4.26.0', revision: '8ccf0219d7'
System info: os.name: 'Windows 11', os.arch: 'amd64', os.version: '10.0', java.version: '21.0.5'
Driver info: org.openqa.selenium.chrome.ChromeDriver
Command: [211b24ff5fc01a0ceb11851029dcb4c7, sendKeysToElement {value=[Ljava.lang.CharSequence;@2ee2098f, id=f.F2795921F5429EDE1817339396B14CBD.d.6064D221B4AFA4D454B1449E01D86AE9.e.50}]
Capabilities {acceptInsecureCerts: false, browserName: chrome, browserVersion: 131.0.6778.140, chrome: {chromedriverVersion: 131.0.6778.108 (3b014839fbc..., userDataDir: C:\Users\vamsh\AppData\Loca...}, fedcm:accounts: true, goog:chromeOptions: {debuggerAddress: localhost:60543}, networkConnectionEnabled: false, pageLoadStrategy: normal, platformName: windows, proxy: Proxy(), se:cdp: ws://localhost:60543/devtoo..., se:cdpVersion: 131.0.6778.140, setWindowRect: true, strictFileInteractability: false, timeouts: {implicit: 0, pageLoad: 300000, script: 30000}, unhandledPromptBehavior: dismiss and notify, webauthn:extension:credBlob: true, webauthn:extension:largeBlob: true, webauthn:extension:minPinLength: true, webauthn:extension:prf: true, webauthn:virtualAuthenticators: true}
Element: [[ChromeDriver: chrome on windows (211b24ff5fc01a0ceb11851029dcb4c7)] -> css selector: .CodeMirror textarea]
Session ID: 211b24ff5fc01a0ceb11851029dcb4c7

TestRunners.TestRunner.runScenario["Valid code on try editor for Implementation using collections.deque runs successfully", "Queue Details page"](119)  Time elapsed: 2.51 s  <<< FAILURE!
org.openqa.selenium.ElementNotInteractableException: 
element not interactable
  (Session info: chrome=131.0.6778.140)
Build info: version: '4.26.0', revision: '8ccf0219d7'
System info: os.name: 'Windows 11', os.arch: 'amd64', os.version: '10.0', java.version: '21.0.5'
Driver info: org.openqa.selenium.chrome.ChromeDriver
Command: [7830ce6d5f3cdc764d7e07c24207cc76, sendKeysToElement {value=[Ljava.lang.CharSequence;@7d251911, id=f.1FDC7AEAD9AA2129757A059CCAFB54D0.d.5B6781C0AD6EC99F432F1E7A6FD2FE31.e.50}]
Capabilities {acceptInsecureCerts: false, browserName: chrome, browserVersion: 131.0.6778.140, chrome: {chromedriverVersion: 131.0.6778.108 (3b014839fbc..., userDataDir: C:\Users\vamsh\AppData\Loca...}, fedcm:accounts: true, goog:chromeOptions: {debuggerAddress: localhost:60687}, networkConnectionEnabled: false, pageLoadStrategy: normal, platformName: windows, proxy: Proxy(), se:cdp: ws://localhost:60687/devtoo..., se:cdpVersion: 131.0.6778.140, setWindowRect: true, strictFileInteractability: false, timeouts: {implicit: 0, pageLoad: 300000, script: 30000}, unhandledPromptBehavior: dismiss and notify, webauthn:extension:credBlob: true, webauthn:extension:largeBlob: true, webauthn:extension:minPinLength: true, webauthn:extension:prf: true, webauthn:virtualAuthenticators: true}
Element: [[ChromeDriver: chrome on windows (7830ce6d5f3cdc764d7e07c24207cc76)] -> css selector: .CodeMirror textarea]
Session ID: 7830ce6d5f3cdc764d7e07c24207cc76

TestRunners.TestRunner.runScenario["Error message displayed for invalid code on try editor for Implementation using collections.deque", "Queue Details page"](122)  Time elapsed: 2.381 s  <<< FAILURE!
org.openqa.selenium.ElementNotInteractableException: 
element not interactable
  (Session info: chrome=131.0.6778.140)
Build info: version: '4.26.0', revision: '8ccf0219d7'
System info: os.name: 'Windows 11', os.arch: 'amd64', os.version: '10.0', java.version: '21.0.5'
Driver info: org.openqa.selenium.chrome.ChromeDriver
Command: [f63aba3ce2f66bf6336691a9451c6bb3, sendKeysToElement {value=[Ljava.lang.CharSequence;@53a57d46, id=f.C19D72791402CF7184E353B324E53234.d.C16ABCE33EAFB017A5BA96BACCFA4859.e.50}]
Capabilities {acceptInsecureCerts: false, browserName: chrome, browserVersion: 131.0.6778.140, chrome: {chromedriverVersion: 131.0.6778.108 (3b014839fbc..., userDataDir: C:\Users\vamsh\AppData\Loca...}, fedcm:accounts: true, goog:chromeOptions: {debuggerAddress: localhost:60852}, networkConnectionEnabled: false, pageLoadStrategy: normal, platformName: windows, proxy: Proxy(), se:cdp: ws://localhost:60852/devtoo..., se:cdpVersion: 131.0.6778.140, setWindowRect: true, strictFileInteractability: false, timeouts: {implicit: 0, pageLoad: 300000, script: 30000}, unhandledPromptBehavior: dismiss and notify, webauthn:extension:credBlob: true, webauthn:extension:largeBlob: true, webauthn:extension:minPinLength: true, webauthn:extension:prf: true, webauthn:virtualAuthenticators: true}
Element: [[ChromeDriver: chrome on windows (f63aba3ce2f66bf6336691a9451c6bb3)] -> css selector: .CodeMirror textarea]
Session ID: f63aba3ce2f66bf6336691a9451c6bb3

TestRunners.TestRunner.runScenario["Valid code on try editor for Implementation using collections.deque runs successfully", "Queue Details page"](125)  Time elapsed: 0.789 s  <<< FAILURE!
org.openqa.selenium.ElementNotInteractableException: 
element not interactable
  (Session info: chrome=131.0.6778.140)
Build info: version: '4.26.0', revision: '8ccf0219d7'
System info: os.name: 'Windows 11', os.arch: 'amd64', os.version: '10.0', java.version: '21.0.5'
Driver info: org.openqa.selenium.chrome.ChromeDriver
Command: [142b2323f1bad4091d29282e38591788, sendKeysToElement {value=[Ljava.lang.CharSequence;@8145a6, id=f.D1FA646507587BE445A31E8694ED7784.d.75279592864B4687023D5A2728A838CB.e.49}]
Capabilities {acceptInsecureCerts: false, browserName: chrome, browserVersion: 131.0.6778.140, chrome: {chromedriverVersion: 131.0.6778.108 (3b014839fbc..., userDataDir: C:\Users\vamsh\AppData\Loca...}, fedcm:accounts: true, goog:chromeOptions: {debuggerAddress: localhost:60967}, networkConnectionEnabled: false, pageLoadStrategy: normal, platformName: windows, proxy: Proxy(), se:cdp: ws://localhost:60967/devtoo..., se:cdpVersion: 131.0.6778.140, setWindowRect: true, strictFileInteractability: false, timeouts: {implicit: 0, pageLoad: 300000, script: 30000}, unhandledPromptBehavior: dismiss and notify, webauthn:extension:credBlob: true, webauthn:extension:largeBlob: true, webauthn:extension:minPinLength: true, webauthn:extension:prf: true, webauthn:virtualAuthenticators: true}
Element: [[ChromeDriver: chrome on windows (142b2323f1bad4091d29282e38591788)] -> css selector: .CodeMirror textarea]
Session ID: 142b2323f1bad4091d29282e38591788

TestRunners.TestRunner.runScenario["New user registration page with username entered with a space inbetween", "Registration"](128)  Time elapsed: 0.803 s  <<< FAILURE!
java.lang.AssertionError: expected [NumpyNinja] but found [Registration]

TestRunners.TestRunner.runScenario["New user registration page with valid username but only numeric password and confirm password", "Registration"](129)  Time elapsed: 1.883 s  <<< FAILURE!
java.lang.AssertionError: expected [Invalid password] but found [password_mismatch:The two password fields didn’t match.]

TestRunners.TestRunner.runScenario["New user registration page with valid username but password and confirm password fields has less than eight characters", "Registration"](130)  Time elapsed: 2.472 s  <<< FAILURE!
java.lang.AssertionError: expected [Invalid password] but found [password_mismatch:The two password fields didn’t match.]

TestRunners.TestRunner.runScenario["New user registration page with all valid credentials entered", "Registration"](132)  Time elapsed: 2.512 s  <<< FAILURE!
java.lang.AssertionError: expected [New Account Created. You are logged in as 11111dddfrtfg] but found [password_mismatch:The two password fields didn’t match.]

TestRunners.TestRunner.runScenario["Error message displayed for invalid code on try Editor for Operations in Stack page", "Stack page"](138)  Time elapsed: 3.238 s  <<< FAILURE!
org.openqa.selenium.ElementNotInteractableException: 
element not interactable
  (Session info: chrome=131.0.6778.140)
Build info: version: '4.26.0', revision: '8ccf0219d7'
System info: os.name: 'Windows 11', os.arch: 'amd64', os.version: '10.0', java.version: '21.0.5'
Driver info: org.openqa.selenium.chrome.ChromeDriver
Command: [fdf9ca6f5b98c087e33cbef3a33ece6b, sendKeysToElement {value=[Ljava.lang.CharSequence;@33a32bbc, id=f.EF755FC7C47E88E8F4D56EB66073DBDA.d.3C4E8462A8543722C0780175C7C2A524.e.51}]
Capabilities {acceptInsecureCerts: false, browserName: chrome, browserVersion: 131.0.6778.140, chrome: {chromedriverVersion: 131.0.6778.108 (3b014839fbc..., userDataDir: C:\Users\vamsh\AppData\Loca...}, fedcm:accounts: true, goog:chromeOptions: {debuggerAddress: localhost:61641}, networkConnectionEnabled: false, pageLoadStrategy: normal, platformName: windows, proxy: Proxy(), se:cdp: ws://localhost:61641/devtoo..., se:cdpVersion: 131.0.6778.140, setWindowRect: true, strictFileInteractability: false, timeouts: {implicit: 0, pageLoad: 300000, script: 30000}, unhandledPromptBehavior: dismiss and notify, webauthn:extension:credBlob: true, webauthn:extension:largeBlob: true, webauthn:extension:minPinLength: true, webauthn:extension:prf: true, webauthn:virtualAuthenticators: true}
Element: [[ChromeDriver: chrome on windows (fdf9ca6f5b98c087e33cbef3a33ece6b)] -> css selector: .CodeMirror textarea]
Session ID: fdf9ca6f5b98c087e33cbef3a33ece6b

TestRunners.TestRunner.runScenario["Valid code on try editor for Operations in Stack runs successfully", "Stack page"](140)  Time elapsed: 2.121 s  <<< FAILURE!
org.openqa.selenium.ElementNotInteractableException: 
element not interactable
  (Session info: chrome=131.0.6778.140)
Build info: version: '4.26.0', revision: '8ccf0219d7'
System info: os.name: 'Windows 11', os.arch: 'amd64', os.version: '10.0', java.version: '21.0.5'
Driver info: org.openqa.selenium.chrome.ChromeDriver
Command: [148dc883452a9294c7c7af978bdf845a, sendKeysToElement {value=[Ljava.lang.CharSequence;@7177beba, id=f.7A2A9BE5BEA1094F235D9B7273B47066.d.147DE2E1D36F26CAD99DF553EDF8841B.e.51}]
Capabilities {acceptInsecureCerts: false, browserName: chrome, browserVersion: 131.0.6778.140, chrome: {chromedriverVersion: 131.0.6778.108 (3b014839fbc..., userDataDir: C:\Users\vamsh\AppData\Loca...}, fedcm:accounts: true, goog:chromeOptions: {debuggerAddress: localhost:61738}, networkConnectionEnabled: false, pageLoadStrategy: normal, platformName: windows, proxy: Proxy(), se:cdp: ws://localhost:61738/devtoo..., se:cdpVersion: 131.0.6778.140, setWindowRect: true, strictFileInteractability: false, timeouts: {implicit: 0, pageLoad: 300000, script: 30000}, unhandledPromptBehavior: dismiss and notify, webauthn:extension:credBlob: true, webauthn:extension:largeBlob: true, webauthn:extension:minPinLength: true, webauthn:extension:prf: true, webauthn:virtualAuthenticators: true}
Element: [[ChromeDriver: chrome on windows (148dc883452a9294c7c7af978bdf845a)] -> css selector: .CodeMirror textarea]
Session ID: 148dc883452a9294c7c7af978bdf845a

TestRunners.TestRunner.runScenario["Error message displayed for invalid code on try Editor for Implementation page", "Stack page"](143)  Time elapsed: 1.871 s  <<< FAILURE!
org.openqa.selenium.ElementNotInteractableException: 
element not interactable
  (Session info: chrome=131.0.6778.140)
Build info: version: '4.26.0', revision: '8ccf0219d7'
System info: os.name: 'Windows 11', os.arch: 'amd64', os.version: '10.0', java.version: '21.0.5'
Driver info: org.openqa.selenium.chrome.ChromeDriver
Command: [1859950b4f3b8910e702876b42773490, sendKeysToElement {value=[Ljava.lang.CharSequence;@57407b7, id=f.4F6F95118FA84D6FDB7622EC484D8EC4.d.118C52939D31F9CDA1A9D587B23ECDED.e.50}]
Capabilities {acceptInsecureCerts: false, browserName: chrome, browserVersion: 131.0.6778.140, chrome: {chromedriverVersion: 131.0.6778.108 (3b014839fbc..., userDataDir: C:\Users\vamsh\AppData\Loca...}, fedcm:accounts: true, goog:chromeOptions: {debuggerAddress: localhost:61920}, networkConnectionEnabled: false, pageLoadStrategy: normal, platformName: windows, proxy: Proxy(), se:cdp: ws://localhost:61920/devtoo..., se:cdpVersion: 131.0.6778.140, setWindowRect: true, strictFileInteractability: false, timeouts: {implicit: 0, pageLoad: 300000, script: 30000}, unhandledPromptBehavior: dismiss and notify, webauthn:extension:credBlob: true, webauthn:extension:largeBlob: true, webauthn:extension:minPinLength: true, webauthn:extension:prf: true, webauthn:virtualAuthenticators: true}
Element: [[ChromeDriver: chrome on windows (1859950b4f3b8910e702876b42773490)] -> css selector: .CodeMirror textarea]
Session ID: 1859950b4f3b8910e702876b42773490

TestRunners.TestRunner.runScenario["Valid code on try editor for Implementation runs successfully", "Stack page"](145)  Time elapsed: 2.928 s  <<< FAILURE!
org.openqa.selenium.ElementNotInteractableException: 
element not interactable
  (Session info: chrome=131.0.6778.140)
Build info: version: '4.26.0', revision: '8ccf0219d7'
System info: os.name: 'Windows 11', os.arch: 'amd64', os.version: '10.0', java.version: '21.0.5'
Driver info: org.openqa.selenium.chrome.ChromeDriver
Command: [26e465bdd06b69f046beab568dbc61fc, sendKeysToElement {value=[Ljava.lang.CharSequence;@11a67d0c, id=f.C025CB3162C71F21AFC5B17B2227D6F6.d.8DD2B9E432DE2145E8351484C1C92954.e.36}]
Capabilities {acceptInsecureCerts: false, browserName: chrome, browserVersion: 131.0.6778.140, chrome: {chromedriverVersion: 131.0.6778.108 (3b014839fbc..., userDataDir: C:\Users\vamsh\AppData\Loca...}, fedcm:accounts: true, goog:chromeOptions: {debuggerAddress: localhost:62037}, networkConnectionEnabled: false, pageLoadStrategy: normal, platformName: windows, proxy: Proxy(), se:cdp: ws://localhost:62037/devtoo..., se:cdpVersion: 131.0.6778.140, setWindowRect: true, strictFileInteractability: false, timeouts: {implicit: 0, pageLoad: 300000, script: 30000}, unhandledPromptBehavior: dismiss and notify, webauthn:extension:credBlob: true, webauthn:extension:largeBlob: true, webauthn:extension:minPinLength: true, webauthn:extension:prf: true, webauthn:virtualAuthenticators: true}
Element: [[ChromeDriver: chrome on windows (26e465bdd06b69f046beab568dbc61fc)] -> css selector: .CodeMirror textarea]
Session ID: 26e465bdd06b69f046beab568dbc61fc

TestRunners.TestRunner.runScenario["Error message displayed for invalid code on try Editor for Applications page", "Stack page"](148)  Time elapsed: 3.282 s  <<< FAILURE!
org.openqa.selenium.ElementNotInteractableException: 
element not interactable
  (Session info: chrome=131.0.6778.140)
Build info: version: '4.26.0', revision: '8ccf0219d7'
System info: os.name: 'Windows 11', os.arch: 'amd64', os.version: '10.0', java.version: '21.0.5'
Driver info: org.openqa.selenium.chrome.ChromeDriver
Command: [0d0d73302c94aa79cc107ecf6ef1b91a, sendKeysToElement {value=[Ljava.lang.CharSequence;@28bace51, id=f.6AAED68C2A76546194803C12AF1AE058.d.2B2DA0FA44839E052F596E2BA2094871.e.51}]
Capabilities {acceptInsecureCerts: false, browserName: chrome, browserVersion: 131.0.6778.140, chrome: {chromedriverVersion: 131.0.6778.108 (3b014839fbc..., userDataDir: C:\Users\vamsh\AppData\Loca...}, fedcm:accounts: true, goog:chromeOptions: {debuggerAddress: localhost:62208}, networkConnectionEnabled: false, pageLoadStrategy: normal, platformName: windows, proxy: Proxy(), se:cdp: ws://localhost:62208/devtoo..., se:cdpVersion: 131.0.6778.140, setWindowRect: true, strictFileInteractability: false, timeouts: {implicit: 0, pageLoad: 300000, script: 30000}, unhandledPromptBehavior: dismiss and notify, webauthn:extension:credBlob: true, webauthn:extension:largeBlob: true, webauthn:extension:minPinLength: true, webauthn:extension:prf: true, webauthn:virtualAuthenticators: true}
Element: [[ChromeDriver: chrome on windows (0d0d73302c94aa79cc107ecf6ef1b91a)] -> css selector: .CodeMirror textarea]
Session ID: 0d0d73302c94aa79cc107ecf6ef1b91a

TestRunners.TestRunner.runScenario["Valid code on try editor for Applications runs successfully", "Stack page"](150)  Time elapsed: 3.271 s  <<< FAILURE!
org.openqa.selenium.ElementNotInteractableException: 
element not interactable
  (Session info: chrome=131.0.6778.140)
Build info: version: '4.26.0', revision: '8ccf0219d7'
System info: os.name: 'Windows 11', os.arch: 'amd64', os.version: '10.0', java.version: '21.0.5'
Driver info: org.openqa.selenium.chrome.ChromeDriver
Command: [a7ae9006658204e6c7932fcb6f692db4, sendKeysToElement {value=[Ljava.lang.CharSequence;@1b937fc9, id=f.5049E64788C57FC510BB44A3E50B2A3F.d.12E0CC2B518F0D7FA34CB8FB4DA1C5F4.e.50}]
Capabilities {acceptInsecureCerts: false, browserName: chrome, browserVersion: 131.0.6778.140, chrome: {chromedriverVersion: 131.0.6778.108 (3b014839fbc..., userDataDir: C:\Users\vamsh\AppData\Loca...}, fedcm:accounts: true, goog:chromeOptions: {debuggerAddress: localhost:62301}, networkConnectionEnabled: false, pageLoadStrategy: normal, platformName: windows, proxy: Proxy(), se:cdp: ws://localhost:62301/devtoo..., se:cdpVersion: 131.0.6778.140, setWindowRect: true, strictFileInteractability: false, timeouts: {implicit: 0, pageLoad: 300000, script: 30000}, unhandledPromptBehavior: dismiss and notify, webauthn:extension:credBlob: true, webauthn:extension:largeBlob: true, webauthn:extension:minPinLength: true, webauthn:extension:prf: true, webauthn:virtualAuthenticators: true}
Element: [[ChromeDriver: chrome on windows (a7ae9006658204e6c7932fcb6f692db4)] -> css selector: .CodeMirror textarea]
Session ID: a7ae9006658204e6c7932fcb6f692db4

TestRunners.TestRunner.runScenario["Try Here Editor page with empty code", "Tree"](154)  Time elapsed: 2.088 s  <<< FAILURE!
org.openqa.selenium.ElementNotInteractableException: 
element not interactable
  (Session info: chrome=131.0.6778.140)
Build info: version: '4.26.0', revision: '8ccf0219d7'
System info: os.name: 'Windows 11', os.arch: 'amd64', os.version: '10.0', java.version: '21.0.5'
Driver info: org.openqa.selenium.chrome.ChromeDriver
Command: [299139734769ff19a14ecfd47e753aea, sendKeysToElement {value=[Ljava.lang.CharSequence;@6232e541, id=f.60411FD2704D0D1016EC0A30EADECA6B.d.9748E455F0ED51FF51EE4A1249B9DF02.e.49}]
Capabilities {acceptInsecureCerts: false, browserName: chrome, browserVersion: 131.0.6778.140, chrome: {chromedriverVersion: 131.0.6778.108 (3b014839fbc..., userDataDir: C:\Users\vamsh\AppData\Loca...}, fedcm:accounts: true, goog:chromeOptions: {debuggerAddress: localhost:62527}, networkConnectionEnabled: false, pageLoadStrategy: normal, platformName: windows, proxy: Proxy(), se:cdp: ws://localhost:62527/devtoo..., se:cdpVersion: 131.0.6778.140, setWindowRect: true, strictFileInteractability: false, timeouts: {implicit: 0, pageLoad: 300000, script: 30000}, unhandledPromptBehavior: dismiss and notify, webauthn:extension:credBlob: true, webauthn:extension:largeBlob: true, webauthn:extension:minPinLength: true, webauthn:extension:prf: true, webauthn:virtualAuthenticators: true}
Element: [[ChromeDriver: chrome on windows (299139734769ff19a14ecfd47e753aea)] -> css selector: .CodeMirror textarea]
Session ID: 299139734769ff19a14ecfd47e753aea

TestRunners.TestRunner.runScenario["Try Here Editor page with valid data", "Tree"](155)  Time elapsed: 2.173 s  <<< FAILURE!
org.openqa.selenium.ElementNotInteractableException: 
element not interactable
  (Session info: chrome=131.0.6778.140)
Build info: version: '4.26.0', revision: '8ccf0219d7'
System info: os.name: 'Windows 11', os.arch: 'amd64', os.version: '10.0', java.version: '21.0.5'
Driver info: org.openqa.selenium.chrome.ChromeDriver
Command: [56c252c9390c4d2eb3841673ca7ac842, sendKeysToElement {value=[Ljava.lang.CharSequence;@7bf3a3dd, id=f.B6B75E831F109E584D7726C88D8FB294.d.B8A7A31EC4A82C9AFE2E4F8A3B9A88BD.e.51}]
Capabilities {acceptInsecureCerts: false, browserName: chrome, browserVersion: 131.0.6778.140, chrome: {chromedriverVersion: 131.0.6778.108 (3b014839fbc..., userDataDir: C:\Users\vamsh\AppData\Loca...}, fedcm:accounts: true, goog:chromeOptions: {debuggerAddress: localhost:62576}, networkConnectionEnabled: false, pageLoadStrategy: normal, platformName: windows, proxy: Proxy(), se:cdp: ws://localhost:62576/devtoo..., se:cdpVersion: 131.0.6778.140, setWindowRect: true, strictFileInteractability: false, timeouts: {implicit: 0, pageLoad: 300000, script: 30000}, unhandledPromptBehavior: dismiss and notify, webauthn:extension:credBlob: true, webauthn:extension:largeBlob: true, webauthn:extension:minPinLength: true, webauthn:extension:prf: true, webauthn:virtualAuthenticators: true}
Element: [[ChromeDriver: chrome on windows (56c252c9390c4d2eb3841673ca7ac842)] -> css selector: .CodeMirror textarea]
Session ID: 56c252c9390c4d2eb3841673ca7ac842

TestRunners.TestRunner.runScenario["Try Here Editor page with invalid data", "Tree"](156)  Time elapsed: 2.709 s  <<< FAILURE!
org.openqa.selenium.ElementNotInteractableException: 
element not interactable
  (Session info: chrome=131.0.6778.140)
Build info: version: '4.26.0', revision: '8ccf0219d7'
System info: os.name: 'Windows 11', os.arch: 'amd64', os.version: '10.0', java.version: '21.0.5'
Driver info: org.openqa.selenium.chrome.ChromeDriver
Command: [104546162bd519e907a417c8c398d9ef, sendKeysToElement {value=[Ljava.lang.CharSequence;@594e9805, id=f.EBB10053B22F640F4648E447DD756277.d.9E6DD52FAD465F89ED2BDB8EA03E0232.e.49}]
Capabilities {acceptInsecureCerts: false, browserName: chrome, browserVersion: 131.0.6778.140, chrome: {chromedriverVersion: 131.0.6778.108 (3b014839fbc..., userDataDir: C:\Users\vamsh\AppData\Loca...}, fedcm:accounts: true, goog:chromeOptions: {debuggerAddress: localhost:62638}, networkConnectionEnabled: false, pageLoadStrategy: normal, platformName: windows, proxy: Proxy(), se:cdp: ws://localhost:62638/devtoo..., se:cdpVersion: 131.0.6778.140, setWindowRect: true, strictFileInteractability: false, timeouts: {implicit: 0, pageLoad: 300000, script: 30000}, unhandledPromptBehavior: dismiss and notify, webauthn:extension:credBlob: true, webauthn:extension:largeBlob: true, webauthn:extension:minPinLength: true, webauthn:extension:prf: true, webauthn:virtualAuthenticators: true}
Element: [[ChromeDriver: chrome on windows (104546162bd519e907a417c8c398d9ef)] -> css selector: .CodeMirror textarea]
Session ID: 104546162bd519e907a417c8c398d9ef

TestRunners.TestRunner.runScenario["Try Here Editor page with empty code", "Tree"](159)  Time elapsed: 2.693 s  <<< FAILURE!
org.openqa.selenium.ElementNotInteractableException: 
element not interactable
  (Session info: chrome=131.0.6778.140)
Build info: version: '4.26.0', revision: '8ccf0219d7'
System info: os.name: 'Windows 11', os.arch: 'amd64', os.version: '10.0', java.version: '21.0.5'
Driver info: org.openqa.selenium.chrome.ChromeDriver
Command: [182809368f1a9e1d04e0cebe758b64f5, sendKeysToElement {value=[Ljava.lang.CharSequence;@2fbc443f, id=f.410B60CC428ED4373E4CD67D045761D4.d.BAD70729DDE006E4034EA40C7A91AC83.e.50}]
[...]
Element: [[EdgeDriver: MicrosoftEdge on windows (d0b1e9bc282f9e5a00546764e3c59803)] -> css selector: .CodeMirror textarea]
Session ID: d0b1e9bc282f9e5a00546764e3c59803

TestRunners.TestRunner.runScenario["Try Here Editor page with valid data", "Tree"](169)  Time elapsed: 7.502 s  <<< FAILURE!
org.openqa.selenium.ElementNotInteractableException: 
element not interactable
  (Session info: MicrosoftEdge=131.0.2903.99)
Build info: version: '4.26.0', revision: '8ccf0219d7'
System info: os.name: 'Windows 11', os.arch: 'amd64', os.version: '10.0', java.version: '21.0.5'
Driver info: org.openqa.selenium.edge.EdgeDriver
Command: [7d6174f5da5ae322f2bec0b7b86d6685, sendKeysToElement {value=[Ljava.lang.CharSequence;@5df9e45f, id=f.086FFD457936D81BD31C6F4E86DBBF91.d.2DDD7E7D6ECAFF9582A5FCF12DB2426B.e.39}]
Capabilities {acceptInsecureCerts: false, browserName: MicrosoftEdge, browserVersion: 131.0.2903.99, fedcm:accounts: true, ms:edgeOptions: {debuggerAddress: localhost:59698}, msedge: {msedgedriverVersion: 131.0.2903.99 (f96a870b1316..., userDataDir: C:\Users\vamsh\AppData\Loca...}, networkConnectionEnabled: false, pageLoadStrategy: normal, platformName: windows, proxy: Proxy(), se:cdp: ws://localhost:59698/devtoo..., se:cdpVersion: 131.0.2903.99, setWindowRect: true, strictFileInteractability: false, timeouts: {implicit: 0, pageLoad: 300000, script: 30000}, unhandledPromptBehavior: dismiss and notify, webauthn:extension:credBlob: true, webauthn:extension:largeBlob: true, webauthn:extension:minPinLength: true, webauthn:extension:prf: true, webauthn:virtualAuthenticators: true}
Element: [[EdgeDriver: MicrosoftEdge on windows (7d6174f5da5ae322f2bec0b7b86d6685)] -> css selector: .CodeMirror textarea]
Session ID: 7d6174f5da5ae322f2bec0b7b86d6685

TestRunners.TestRunner.runScenario["Try Here Editor page with empty code", "Tree"](174)  Time elapsed: 6.931 s  <<< FAILURE!
org.openqa.selenium.ElementNotInteractableException: 
element not interactable
  (Session info: MicrosoftEdge=131.0.2903.99)
Build info: version: '4.26.0', revision: '8ccf0219d7'
System info: os.name: 'Windows 11', os.arch: 'amd64', os.version: '10.0', java.version: '21.0.5'
Driver info: org.openqa.selenium.edge.EdgeDriver
Command: [259e31e7332f7b3c503de57052713f70, sendKeysToElement {value=[Ljava.lang.CharSequence;@71cb84db, id=f.51D5AD1F72614D73D85343BAB58B2B77.d.4487FFB4468559105ED09F598C1D5C2F.e.40}]
Capabilities {acceptInsecureCerts: false, browserName: MicrosoftEdge, browserVersion: 131.0.2903.99, fedcm:accounts: true, ms:edgeOptions: {debuggerAddress: localhost:59980}, msedge: {msedgedriverVersion: 131.0.2903.99 (f96a870b1316..., userDataDir: C:\Users\vamsh\AppData\Loca...}, networkConnectionEnabled: false, pageLoadStrategy: normal, platformName: windows, proxy: Proxy(), se:cdp: ws://localhost:59980/devtoo..., se:cdpVersion: 131.0.2903.99, setWindowRect: true, strictFileInteractability: false, timeouts: {implicit: 0, pageLoad: 300000, script: 30000}, unhandledPromptBehavior: dismiss and notify, webauthn:extension:credBlob: true, webauthn:extension:largeBlob: true, webauthn:extension:minPinLength: true, webauthn:extension:prf: true, webauthn:virtualAuthenticators: true}
Element: [[EdgeDriver: MicrosoftEdge on windows (259e31e7332f7b3c503de57052713f70)] -> css selector: .CodeMirror textarea]
Session ID: 259e31e7332f7b3c503de57052713f70

TestRunners.TestRunner.runScenario["Try Here Editor page with valid data", "Tree"](175)  Time elapsed: 1.12 s  <<< FAILURE!
org.openqa.selenium.ElementNotInteractableException: 
element not interactable
  (Session info: MicrosoftEdge=131.0.2903.99)
Build info: version: '4.26.0', revision: '8ccf0219d7'
System info: os.name: 'Windows 11', os.arch: 'amd64', os.version: '10.0', java.version: '21.0.5'
Driver info: org.openqa.selenium.edge.EdgeDriver
Command: [fee7ecd2b9f133645dc211a83ba84ceb, sendKeysToElement {value=[Ljava.lang.CharSequence;@7ae36aba, id=f.8C46DF1D30044DB88DA94BA876544180.d.65E29920CC1115208C298750CC4B34EC.e.36}]
Capabilities {acceptInsecureCerts: false, browserName: MicrosoftEdge, browserVersion: 131.0.2903.99, fedcm:accounts: true, ms:edgeOptions: {debuggerAddress: localhost:60020}, msedge: {msedgedriverVersion: 131.0.2903.99 (f96a870b1316..., userDataDir: C:\Users\vamsh\AppData\Loca...}, networkConnectionEnabled: false, pageLoadStrategy: normal, platformName: windows, proxy: Proxy(), se:cdp: ws://localhost:60020/devtoo..., se:cdpVersion: 131.0.2903.99, setWindowRect: true, strictFileInteractability: false, timeouts: {implicit: 0, pageLoad: 300000, script: 30000}, unhandledPromptBehavior: dismiss and notify, webauthn:extension:credBlob: true, webauthn:extension:largeBlob: true, webauthn:extension:minPinLength: true, webauthn:extension:prf: true, webauthn:virtualAuthenticators: true}
Element: [[EdgeDriver: MicrosoftEdge on windows (fee7ecd2b9f133645dc211a83ba84ceb)] -> css selector: .CodeMirror textarea]
Session ID: fee7ecd2b9f133645dc211a83ba84ceb

TestRunners.TestRunner.runScenario["Try Here Editor page with valid data", "Tree"](180)  Time elapsed: 7.291 s  <<< FAILURE!
org.openqa.selenium.ElementNotInteractableException: 
element not interactable
  (Session info: MicrosoftEdge=131.0.2903.99)
Build info: version: '4.26.0', revision: '8ccf0219d7'
System info: os.name: 'Windows 11', os.arch: 'amd64', os.version: '10.0', java.version: '21.0.5'
Driver info: org.openqa.selenium.edge.EdgeDriver
Command: [237935042c00225bccfb9b2354e5eb8a, sendKeysToElement {value=[Ljava.lang.CharSequence;@301f038a, id=f.2264A79E187290E1F672079B4D7DF022.d.53ED422B590C4E9D776DA1F40DEFFE10.e.35}]
Capabilities {acceptInsecureCerts: false, browserName: MicrosoftEdge, browserVersion: 131.0.2903.99, fedcm:accounts: true, ms:edgeOptions: {debuggerAddress: localhost:60406}, msedge: {msedgedriverVersion: 131.0.2903.99 (f96a870b1316..., userDataDir: C:\Users\vamsh\AppData\Loca...}, networkConnectionEnabled: false, pageLoadStrategy: normal, platformName: windows, proxy: Proxy(), se:cdp: ws://localhost:60406/devtoo..., se:cdpVersion: 131.0.2903.99, setWindowRect: true, strictFileInteractability: false, timeouts: {implicit: 0, pageLoad: 300000, script: 30000}, unhandledPromptBehavior: dismiss and notify, webauthn:extension:credBlob: true, webauthn:extension:largeBlob: true, webauthn:extension:minPinLength: true, webauthn:extension:prf: true, webauthn:virtualAuthenticators: true}
Element: [[EdgeDriver: MicrosoftEdge on windows (237935042c00225bccfb9b2354e5eb8a)] -> css selector: .CodeMirror textarea]
Session ID: 237935042c00225bccfb9b2354e5eb8a

TestRunners.TestRunner.runScenario["Try Here Editor page with invalid data", "Tree"](181)  Time elapsed: 1.004 s  <<< FAILURE!
org.openqa.selenium.ElementNotInteractableException: 
element not interactable
  (Session info: MicrosoftEdge=131.0.2903.99)
Build info: version: '4.26.0', revision: '8ccf0219d7'
System info: os.name: 'Windows 11', os.arch: 'amd64', os.version: '10.0', java.version: '21.0.5'
Driver info: org.openqa.selenium.edge.EdgeDriver
Command: [cf3d91cf79d8ac93afdee78db191d3be, sendKeysToElement {value=[Ljava.lang.CharSequence;@4c3e9c5e, id=f.916057E88F2BEE29BB820E7C4533E691.d.F9CD1CDE726A7CA388FA059415578950.e.36}]
Capabilities {acceptInsecureCerts: false, browserName: MicrosoftEdge, browserVersion: 131.0.2903.99, fedcm:accounts: true, ms:edgeOptions: {debuggerAddress: localhost:60446}, msedge: {msedgedriverVersion: 131.0.2903.99 (f96a870b1316..., userDataDir: C:\Users\vamsh\AppData\Loca...}, networkConnectionEnabled: false, pageLoadStrategy: normal, platformName: windows, proxy: Proxy(), se:cdp: ws://localhost:60446/devtoo..., se:cdpVersion: 131.0.2903.99, setWindowRect: true, strictFileInteractability: false, timeouts: {implicit: 0, pageLoad: 300000, script: 30000}, unhandledPromptBehavior: dismiss and notify, webauthn:extension:credBlob: true, webauthn:extension:largeBlob: true, webauthn:extension:minPinLength: true, webauthn:extension:prf: true, webauthn:virtualAuthenticators: true}
Element: [[EdgeDriver: MicrosoftEdge on windows (cf3d91cf79d8ac93afdee78db191d3be)] -> css selector: .CodeMirror textarea]
Session ID: cf3d91cf79d8ac93afdee78db191d3be

TestRunners.TestRunner.runScenario["Try Here Editor page with invalid data", "Tree"](185)  Time elapsed: 7.393 s  <<< FAILURE!
org.openqa.selenium.ElementNotInteractableException: 
element not interactable
  (Session info: MicrosoftEdge=131.0.2903.99)
Build info: version: '4.26.0', revision: '8ccf0219d7'
System info: os.name: 'Windows 11', os.arch: 'amd64', os.version: '10.0', java.version: '21.0.5'
Driver info: org.openqa.selenium.edge.EdgeDriver
Command: [410aac7f6568b0662eacff42b8c4026f, sendKeysToElement {value=[Ljava.lang.CharSequence;@7dd3db92, id=f.B76D7EFE9FA6AF715B908A06BEBED27D.d.C32F1255A68D54D8C1C42EC6FAB602E7.e.39}]
Capabilities {acceptInsecureCerts: false, browserName: MicrosoftEdge, browserVersion: 131.0.2903.99, fedcm:accounts: true, ms:edgeOptions: {debuggerAddress: localhost:60860}, msedge: {msedgedriverVersion: 131.0.2903.99 (f96a870b1316..., userDataDir: C:\Users\vamsh\AppData\Loca...}, networkConnectionEnabled: false, pageLoadStrategy: normal, platformName: windows, proxy: Proxy(), se:cdp: ws://localhost:60860/devtoo..., se:cdpVersion: 131.0.2903.99, setWindowRect: true, strictFileInteractability: false, timeouts: {implicit: 0, pageLoad: 300000, script: 30000}, unhandledPromptBehavior: dismiss and notify, webauthn:extension:credBlob: true, webauthn:extension:largeBlob: true, webauthn:extension:minPinLength: true, webauthn:extension:prf: true, webauthn:virtualAuthenticators: true}
Element: [[EdgeDriver: MicrosoftEdge on windows (410aac7f6568b0662eacff42b8c4026f)] -> css selector: .CodeMirror textarea]
Session ID: 410aac7f6568b0662eacff42b8c4026f

TestRunners.TestRunner.runScenario["Try Here Editor page with valid data", "Tree"](189)  Time elapsed: 7.8 s  <<< FAILURE!
org.openqa.selenium.ElementNotInteractableException: 
element not interactable
  (Session info: MicrosoftEdge=131.0.2903.99)
Build info: version: '4.26.0', revision: '8ccf0219d7'
System info: os.name: 'Windows 11', os.arch: 'amd64', os.version: '10.0', java.version: '21.0.5'
Driver info: org.openqa.selenium.edge.EdgeDriver
Command: [c996084117c52eec306e4d5b4f523f23, sendKeysToElement {value=[Ljava.lang.CharSequence;@4852fa07, id=f.FBAD1B61382BE2DA9CC30FF6BC36638A.d.2072D71AEFA360FDACC0D031678FD3C3.e.36}]
Capabilities {acceptInsecureCerts: false, browserName: MicrosoftEdge, browserVersion: 131.0.2903.99, fedcm:accounts: true, ms:edgeOptions: {debuggerAddress: localhost:61138}, msedge: {msedgedriverVersion: 131.0.2903.99 (f96a870b1316..., userDataDir: C:\Users\vamsh\AppData\Loca...}, networkConnectionEnabled: false, pageLoadStrategy: normal, platformName: windows, proxy: Proxy(), se:cdp: ws://localhost:61138/devtoo..., se:cdpVersion: 131.0.2903.99, setWindowRect: true, strictFileInteractability: false, timeouts: {implicit: 0, pageLoad: 300000, script: 30000}, unhandledPromptBehavior: dismiss and notify, webauthn:extension:credBlob: true, webauthn:extension:largeBlob: true, webauthn:extension:minPinLength: true, webauthn:extension:prf: true, webauthn:virtualAuthenticators: true}
Element: [[EdgeDriver: MicrosoftEdge on windows (c996084117c52eec306e4d5b4f523f23)] -> css selector: .CodeMirror textarea]
Session ID: c996084117c52eec306e4d5b4f523f23

TestRunners.TestRunner.runScenario["Try Here Editor page with empty code", "Tree"](194)  Time elapsed: 8.367 s  <<< FAILURE!
org.openqa.selenium.ElementNotInteractableException: 
element not interactable
  (Session info: MicrosoftEdge=131.0.2903.99)
Build info: version: '4.26.0', revision: '8ccf0219d7'
System info: os.name: 'Windows 11', os.arch: 'amd64', os.version: '10.0', java.version: '21.0.5'
Driver info: org.openqa.selenium.edge.EdgeDriver
Command: [4e5c393c7282138c14ebc774eff8b753, sendKeysToElement {value=[Ljava.lang.CharSequence;@317284df, id=f.E20E407977841AF186C842AC639D274A.d.1163B4AF942A7F3852D8454929B15E3B.e.36}]
Capabilities {acceptInsecureCerts: false, browserName: MicrosoftEdge, browserVersion: 131.0.2903.99, fedcm:accounts: true, ms:edgeOptions: {debuggerAddress: localhost:61429}, msedge: {msedgedriverVersion: 131.0.2903.99 (f96a870b1316..., userDataDir: C:\Users\vamsh\AppData\Loca...}, networkConnectionEnabled: false, pageLoadStrategy: normal, platformName: windows, proxy: Proxy(), se:cdp: ws://localhost:61429/devtoo..., se:cdpVersion: 131.0.2903.99, setWindowRect: true, strictFileInteractability: false, timeouts: {implicit: 0, pageLoad: 300000, script: 30000}, unhandledPromptBehavior: dismiss and notify, webauthn:extension:credBlob: true, webauthn:extension:largeBlob: true, webauthn:extension:minPinLength: true, webauthn:extension:prf: true, webauthn:virtualAuthenticators: true}
Element: [[EdgeDriver: MicrosoftEdge on windows (4e5c393c7282138c14ebc774eff8b753)] -> css selector: .CodeMirror textarea]
Session ID: 4e5c393c7282138c14ebc774eff8b753

TestRunners.TestRunner.runScenario["Try Here Editor page with empty code", "Tree"](198)  Time elapsed: 7.095 s  <<< FAILURE!
org.openqa.selenium.ElementNotInteractableException: 
element not interactable
  (Session info: MicrosoftEdge=131.0.2903.99)
Build info: version: '4.26.0', revision: '8ccf0219d7'
System info: os.name: 'Windows 11', os.arch: 'amd64', os.version: '10.0', java.version: '21.0.5'
Driver info: org.openqa.selenium.edge.EdgeDriver
Command: [8b23d94ffe7d90ceed83c000177e653f, sendKeysToElement {value=[Ljava.lang.CharSequence;@27dfa07e, id=f.EDDF1C7CE1EDD7C7EFE70BCEA392F827.d.96C6B3F13B4A31418DF8520496D079C9.e.38}]
Capabilities {acceptInsecureCerts: false, browserName: MicrosoftEdge, browserVersion: 131.0.2903.99, fedcm:accounts: true, ms:edgeOptions: {debuggerAddress: localhost:61837}, msedge: {msedgedriverVersion: 131.0.2903.99 (f96a870b1316..., userDataDir: C:\Users\vamsh\AppData\Loca...}, networkConnectionEnabled: false, pageLoadStrategy: normal, platformName: windows, proxy: Proxy(), se:cdp: ws://localhost:61837/devtoo..., se:cdpVersion: 131.0.2903.99, setWindowRect: true, strictFileInteractability: false, timeouts: {implicit: 0, pageLoad: 300000, script: 30000}, unhandledPromptBehavior: dismiss and notify, webauthn:extension:credBlob: true, webauthn:extension:largeBlob: true, webauthn:extension:minPinLength: true, webauthn:extension:prf: true, webauthn:virtualAuthenticators: true}
Element: [[EdgeDriver: MicrosoftEdge on windows (8b23d94ffe7d90ceed83c000177e653f)] -> css selector: .CodeMirror textarea]
Session ID: 8b23d94ffe7d90ceed83c000177e653f

TestRunners.TestRunner.runScenario["Try Here Editor page with valid data", "Tree"](204)  Time elapsed: 7.18 s  <<< FAILURE!
org.openqa.selenium.ElementNotInteractableException: 
element not interactable
  (Session info: MicrosoftEdge=131.0.2903.99)
Build info: version: '4.26.0', revision: '8ccf0219d7'
System info: os.name: 'Windows 11', os.arch: 'amd64', os.version: '10.0', java.version: '21.0.5'
Driver info: org.openqa.selenium.edge.EdgeDriver
Command: [557805aecacc5b2800d781142d3f006b, sendKeysToElement {value=[Ljava.lang.CharSequence;@400804b3, id=f.DBA364E4FDE903F21735C390FD9BAD39.d.633551A108EC1782677E65C9EC631D48.e.37}]
Capabilities {acceptInsecureCerts: false, browserName: MicrosoftEdge, browserVersion: 131.0.2903.99, fedcm:accounts: true, ms:edgeOptions: {debuggerAddress: localhost:62290}, msedge: {msedgedriverVersion: 131.0.2903.99 (f96a870b1316..., userDataDir: C:\Users\vamsh\AppData\Loca...}, networkConnectionEnabled: false, pageLoadStrategy: normal, platformName: windows, proxy: Proxy(), se:cdp: ws://localhost:62290/devtoo..., se:cdpVersion: 131.0.2903.99, setWindowRect: true, strictFileInteractability: false, timeouts: {implicit: 0, pageLoad: 300000, script: 30000}, unhandledPromptBehavior: dismiss and notify, webauthn:extension:credBlob: true, webauthn:extension:largeBlob: true, webauthn:extension:minPinLength: true, webauthn:extension:prf: true, webauthn:virtualAuthenticators: true}
Element: [[EdgeDriver: MicrosoftEdge on windows (557805aecacc5b2800d781142d3f006b)] -> css selector: .CodeMirror textarea]
Session ID: 557805aecacc5b2800d781142d3f006b

TestRunners.TestRunner.runScenario["Try Here Editor page with valid data", "Tree"](210)  Time elapsed: 8.863 s  <<< FAILURE!
org.openqa.selenium.ElementNotInteractableException: 
element not interactable
  (Session info: MicrosoftEdge=131.0.2903.99)
Build info: version: '4.26.0', revision: '8ccf0219d7'
System info: os.name: 'Windows 11', os.arch: 'amd64', os.version: '10.0', java.version: '21.0.5'
Driver info: org.openqa.selenium.edge.EdgeDriver
Command: [e8666f5126f2c1aad620b0084e4070e0, sendKeysToElement {value=[Ljava.lang.CharSequence;@40949547, id=f.DC171B025CE9C451A656420C5E628909.d.A3227037596605DE74291058BAEA8E80.e.40}]
Capabilities {acceptInsecureCerts: false, browserName: MicrosoftEdge, browserVersion: 131.0.2903.99, fedcm:accounts: true, ms:edgeOptions: {debuggerAddress: localhost:62697}, msedge: {msedgedriverVersion: 131.0.2903.99 (f96a870b1316..., userDataDir: C:\Users\vamsh\AppData\Loca...}, networkConnectionEnabled: false, pageLoadStrategy: normal, platformName: windows, proxy: Proxy(), se:cdp: ws://localhost:62697/devtoo..., se:cdpVersion: 131.0.2903.99, setWindowRect: true, strictFileInteractability: false, timeouts: {implicit: 0, pageLoad: 300000, script: 30000}, unhandledPromptBehavior: dismiss and notify, webauthn:extension:credBlob: true, webauthn:extension:largeBlob: true, webauthn:extension:minPinLength: true, webauthn:extension:prf: true, webauthn:virtualAuthenticators: true}
Element: [[EdgeDriver: MicrosoftEdge on windows (e8666f5126f2c1aad620b0084e4070e0)] -> css selector: .CodeMirror textarea]
Session ID: e8666f5126f2c1aad620b0084e4070e0

TestRunners.TestRunner.runScenario["Try Here Editor page with invalid data", "Tree"](216)  Time elapsed: 8.004 s  <<< FAILURE!
org.openqa.selenium.ElementNotInteractableException: 
element not interactable
  (Session info: MicrosoftEdge=131.0.2903.99)
Build info: version: '4.26.0', revision: '8ccf0219d7'
System info: os.name: 'Windows 11', os.arch: 'amd64', os.version: '10.0', java.version: '21.0.5'
Driver info: org.openqa.selenium.edge.EdgeDriver
Command: [cdec6b1c21c5566ec8751bbc31177cb7, sendKeysToElement {value=[Ljava.lang.CharSequence;@7c9499e9, id=f.481CD9DC8D1CA6D21969DF77074E54BD.d.AD9C792AA96CCA626DCA40FCF2736438.e.36}]
Capabilities {acceptInsecureCerts: false, browserName: MicrosoftEdge, browserVersion: 131.0.2903.99, fedcm:accounts: true, ms:edgeOptions: {debuggerAddress: localhost:63166}, msedge: {msedgedriverVersion: 131.0.2903.99 (f96a870b1316..., userDataDir: C:\Users\vamsh\AppData\Loca...}, networkConnectionEnabled: false, pageLoadStrategy: normal, platformName: windows, proxy: Proxy(), se:cdp: ws://localhost:63166/devtoo..., se:cdpVersion: 131.0.2903.99, setWindowRect: true, strictFileInteractability: false, timeouts: {implicit: 0, pageLoad: 300000, script: 30000}, unhandledPromptBehavior: dismiss and notify, webauthn:extension:credBlob: true, webauthn:extension:largeBlob: true, webauthn:extension:minPinLength: true, webauthn:extension:prf: true, webauthn:virtualAuthenticators: true}
Element: [[EdgeDriver: MicrosoftEdge on windows (cdec6b1c21c5566ec8751bbc31177cb7)] -> css selector: .CodeMirror textarea]
Session ID: cdec6b1c21c5566ec8751bbc31177cb7

