<?xml version="1.0" encoding="UTF-8"?>
<testng-results ignored="0" total="22" passed="22" failed="0" skipped="0">
  <reporter-output>
  </reporter-output>
  <suite started-at="2024-12-06T15:28:41 CST" name="Default suite" finished-at="2024-12-06T15:30:30 CST" duration-ms="109465">
    <groups>
      <group name="cucumber">
        <method signature="AbstractTestNGCucumberTests.runScenario(io.cucumber.testng.PickleWrapper,io.cucumber.testng.FeatureWrapper)[pri:0, instance:TestRunner.TestRunner@10d68fcd]" name="runScenario" class="io.cucumber.testng.AbstractTestNGCucumberTests"/>
      </group> <!-- cucumber -->
    </groups>
    <test started-at="2024-12-06T15:28:41 CST" name="Default test" finished-at="2024-12-06T15:30:30 CST" duration-ms="109465">
      <class name="TestRunner.TestRunner">
        <test-method is-config="true" signature="setUpClass(org.testng.ITestContext)[pri:0, instance:TestRunner.TestRunner@10d68fcd]" started-at="2024-12-06T15:28:41 CST" name="setUpClass" finished-at="2024-12-06T15:28:42 CST" duration-ms="968" status="PASS">
          <params>
            <param index="0">
              <value>
                <![CDATA[org.testng.TestRunner@22a260ff]]>
              </value>
            </param>
          </params>
          <reporter-output>
          </reporter-output>
        </test-method> <!-- setUpClass -->
        <test-method signature="runScenario(io.cucumber.testng.PickleWrapper,io.cucumber.testng.FeatureWrapper)[pri:0, instance:TestRunner.TestRunner@10d68fcd]" started-at="2024-12-06T15:28:42 CST" name="runScenario" description="Runs Cucumber Scenarios" data-provider="scenarios" finished-at="2024-12-06T15:30:08 CST" duration-ms="86230" status="PASS">
          <params>
            <param index="0">
              <value>
                <![CDATA["Error message displayed for invalid code on try Editor for Array using list"]]>
              </value>
            </param>
            <param index="1">
              <value>
                <![CDATA["Array detail page"]]>
              </value>
            </param>
          </params>
          <reporter-output>
          </reporter-output>
        </test-method> <!-- runScenario -->
        <test-method signature="runScenario(io.cucumber.testng.PickleWrapper,io.cucumber.testng.FeatureWrapper)[pri:0, instance:TestRunner.TestRunner@10d68fcd]" started-at="2024-12-06T15:28:42 CST" name="runScenario" description="Runs Cucumber Scenarios" data-provider="scenarios" finished-at="2024-12-06T15:30:01 CST" duration-ms="78953" status="PASS">
          <params>
            <param index="0">
              <value>
                <![CDATA["Validate user can navigate to Arrays in python"]]>
              </value>
            </param>
            <param index="1">
              <value>
                <![CDATA["Array detail page"]]>
              </value>
            </param>
          </params>
          <reporter-output>
          </reporter-output>
        </test-method> <!-- runScenario -->
        <test-method signature="runScenario(io.cucumber.testng.PickleWrapper,io.cucumber.testng.FeatureWrapper)[pri:0, instance:TestRunner.TestRunner@10d68fcd]" started-at="2024-12-06T15:28:42 CST" name="runScenario" description="Runs Cucumber Scenarios" data-provider="scenarios" finished-at="2024-12-06T15:29:30 CST" duration-ms="48114" status="PASS">
          <params>
            <param index="0">
              <value>
                <![CDATA["No error message displayed for empty code on try editor for Array using list"]]>
              </value>
            </param>
            <param index="1">
              <value>
                <![CDATA["Array detail page"]]>
              </value>
            </param>
          </params>
          <reporter-output>
          </reporter-output>
        </test-method> <!-- runScenario -->
        <test-method signature="runScenario(io.cucumber.testng.PickleWrapper,io.cucumber.testng.FeatureWrapper)[pri:0, instance:TestRunner.TestRunner@10d68fcd]" started-at="2024-12-06T15:28:42 CST" name="runScenario" description="Runs Cucumber Scenarios" data-provider="scenarios" finished-at="2024-12-06T15:29:54 CST" duration-ms="72566" status="PASS">
          <params>
            <param index="0">
              <value>
                <![CDATA["Validate user can Try here link page from Array using list"]]>
              </value>
            </param>
            <param index="1">
              <value>
                <![CDATA["Array detail page"]]>
              </value>
            </param>
          </params>
          <reporter-output>
          </reporter-output>
        </test-method> <!-- runScenario -->
        <test-method signature="runScenario(io.cucumber.testng.PickleWrapper,io.cucumber.testng.FeatureWrapper)[pri:0, instance:TestRunner.TestRunner@10d68fcd]" started-at="2024-12-06T15:28:42 CST" name="runScenario" description="Runs Cucumber Scenarios" data-provider="scenarios" finished-at="2024-12-06T15:29:28 CST" duration-ms="46506" status="PASS">
          <params>
            <param index="0">
              <value>
                <![CDATA["Validate user can navigate to Arrays using list"]]>
              </value>
            </param>
            <param index="1">
              <value>
                <![CDATA["Array detail page"]]>
              </value>
            </param>
          </params>
          <reporter-output>
          </reporter-output>
        </test-method> <!-- runScenario -->
        <test-method signature="runScenario(io.cucumber.testng.PickleWrapper,io.cucumber.testng.FeatureWrapper)[pri:0, instance:TestRunner.TestRunner@10d68fcd]" started-at="2024-12-06T15:28:42 CST" name="runScenario" description="Runs Cucumber Scenarios" data-provider="scenarios" finished-at="2024-12-06T15:29:48 CST" duration-ms="66378" status="PASS">
          <params>
            <param index="0">
              <value>
                <![CDATA["Error message displayed for invalid code on try Editor for Queue operations"]]>
              </value>
            </param>
            <param index="1">
              <value>
                <![CDATA["Array detail page"]]>
              </value>
            </param>
          </params>
          <reporter-output>
          </reporter-output>
        </test-method> <!-- runScenario -->
        <test-method signature="runScenario(io.cucumber.testng.PickleWrapper,io.cucumber.testng.FeatureWrapper)[pri:0, instance:TestRunner.TestRunner@10d68fcd]" started-at="2024-12-06T15:28:42 CST" name="runScenario" description="Runs Cucumber Scenarios" data-provider="scenarios" finished-at="2024-12-06T15:29:29 CST" duration-ms="47456" status="PASS">
          <params>
            <param index="0">
              <value>
                <![CDATA["Validate user navigated to array details page when clicked on get started"]]>
              </value>
            </param>
            <param index="1">
              <value>
                <![CDATA["Array detail page"]]>
              </value>
            </param>
          </params>
          <reporter-output>
          </reporter-output>
        </test-method> <!-- runScenario -->
        <test-method signature="runScenario(io.cucumber.testng.PickleWrapper,io.cucumber.testng.FeatureWrapper)[pri:0, instance:TestRunner.TestRunner@10d68fcd]" started-at="2024-12-06T15:28:42 CST" name="runScenario" description="Runs Cucumber Scenarios" data-provider="scenarios" finished-at="2024-12-06T15:29:54 CST" duration-ms="72467" status="PASS">
          <params>
            <param index="0">
              <value>
                <![CDATA["Validate user can Try here link page from Arrays in python"]]>
              </value>
            </param>
            <param index="1">
              <value>
                <![CDATA["Array detail page"]]>
              </value>
            </param>
          </params>
          <reporter-output>
          </reporter-output>
        </test-method> <!-- runScenario -->
        <test-method signature="runScenario(io.cucumber.testng.PickleWrapper,io.cucumber.testng.FeatureWrapper)[pri:0, instance:TestRunner.TestRunner@10d68fcd]" started-at="2024-12-06T15:28:42 CST" name="runScenario" description="Runs Cucumber Scenarios" data-provider="scenarios" finished-at="2024-12-06T15:29:47 CST" duration-ms="65545" status="PASS">
          <params>
            <param index="0">
              <value>
                <![CDATA["Valid code on try editor for arrays in python runs successfully"]]>
              </value>
            </param>
            <param index="1">
              <value>
                <![CDATA["Array detail page"]]>
              </value>
            </param>
          </params>
          <reporter-output>
          </reporter-output>
        </test-method> <!-- runScenario -->
        <test-method signature="runScenario(io.cucumber.testng.PickleWrapper,io.cucumber.testng.FeatureWrapper)[pri:0, instance:TestRunner.TestRunner@10d68fcd]" started-at="2024-12-06T15:28:42 CST" name="runScenario" description="Runs Cucumber Scenarios" data-provider="scenarios" finished-at="2024-12-06T15:29:29 CST" duration-ms="46953" status="PASS">
          <params>
            <param index="0">
              <value>
                <![CDATA["No error message displayed for empty code on try editor for array in python"]]>
              </value>
            </param>
            <param index="1">
              <value>
                <![CDATA["Array detail page"]]>
              </value>
            </param>
          </params>
          <reporter-output>
          </reporter-output>
        </test-method> <!-- runScenario -->
        <test-method signature="runScenario(io.cucumber.testng.PickleWrapper,io.cucumber.testng.FeatureWrapper)[pri:0, instance:TestRunner.TestRunner@10d68fcd]" started-at="2024-12-06T15:29:28 CST" name="runScenario" description="Runs Cucumber Scenarios" data-provider="scenarios" finished-at="2024-12-06T15:30:25 CST" duration-ms="56510" status="PASS">
          <params>
            <param index="0">
              <value>
                <![CDATA["Valid code on try editor for Array using list runs successfully"]]>
              </value>
            </param>
            <param index="1">
              <value>
                <![CDATA["Array detail page"]]>
              </value>
            </param>
          </params>
          <reporter-output>
          </reporter-output>
        </test-method> <!-- runScenario -->
        <test-method signature="runScenario(io.cucumber.testng.PickleWrapper,io.cucumber.testng.FeatureWrapper)[pri:0, instance:TestRunner.TestRunner@10d68fcd]" started-at="2024-12-06T15:29:29 CST" name="runScenario" description="Runs Cucumber Scenarios" data-provider="scenarios" finished-at="2024-12-06T15:30:16 CST" duration-ms="46864" status="PASS">
          <params>
            <param index="0">
              <value>
                <![CDATA["Validate user can navigate to basic opertaions in lists"]]>
              </value>
            </param>
            <param index="1">
              <value>
                <![CDATA["Array detail page"]]>
              </value>
            </param>
          </params>
          <reporter-output>
          </reporter-output>
        </test-method> <!-- runScenario -->
        <test-method signature="runScenario(io.cucumber.testng.PickleWrapper,io.cucumber.testng.FeatureWrapper)[pri:0, instance:TestRunner.TestRunner@10d68fcd]" started-at="2024-12-06T15:29:29 CST" name="runScenario" description="Runs Cucumber Scenarios" data-provider="scenarios" finished-at="2024-12-06T15:29:49 CST" duration-ms="19828" status="PASS">
          <params>
            <param index="0">
              <value>
                <![CDATA["Validate user can Try here link page from Basic operations in lists"]]>
              </value>
            </param>
            <param index="1">
              <value>
                <![CDATA["Array detail page"]]>
              </value>
            </param>
          </params>
          <reporter-output>
          </reporter-output>
        </test-method> <!-- runScenario -->
        <test-method signature="runScenario(io.cucumber.testng.PickleWrapper,io.cucumber.testng.FeatureWrapper)[pri:0, instance:TestRunner.TestRunner@10d68fcd]" started-at="2024-12-06T15:29:30 CST" name="runScenario" description="Runs Cucumber Scenarios" data-provider="scenarios" finished-at="2024-12-06T15:30:25 CST" duration-ms="54937" status="PASS">
          <params>
            <param index="0">
              <value>
                <![CDATA["Error message displayed for invalid code on try Editor for Basic operations in lists"]]>
              </value>
            </param>
            <param index="1">
              <value>
                <![CDATA["Array detail page"]]>
              </value>
            </param>
          </params>
          <reporter-output>
          </reporter-output>
        </test-method> <!-- runScenario -->
        <test-method signature="runScenario(io.cucumber.testng.PickleWrapper,io.cucumber.testng.FeatureWrapper)[pri:0, instance:TestRunner.TestRunner@10d68fcd]" started-at="2024-12-06T15:29:47 CST" name="runScenario" description="Runs Cucumber Scenarios" data-provider="scenarios" finished-at="2024-12-06T15:30:27 CST" duration-ms="39243" status="PASS">
          <params>
            <param index="0">
              <value>
                <![CDATA["No error message displayed for empty code on try editor for basic operations in lists"]]>
              </value>
            </param>
            <param index="1">
              <value>
                <![CDATA["Array detail page"]]>
              </value>
            </param>
          </params>
          <reporter-output>
          </reporter-output>
        </test-method> <!-- runScenario -->
        <test-method signature="runScenario(io.cucumber.testng.PickleWrapper,io.cucumber.testng.FeatureWrapper)[pri:0, instance:TestRunner.TestRunner@10d68fcd]" started-at="2024-12-06T15:29:48 CST" name="runScenario" description="Runs Cucumber Scenarios" data-provider="scenarios" finished-at="2024-12-06T15:30:27 CST" duration-ms="38543" status="PASS">
          <params>
            <param index="0">
              <value>
                <![CDATA["Valid code on try editor for basic operations in lists runs successfully"]]>
              </value>
            </param>
            <param index="1">
              <value>
                <![CDATA["Array detail page"]]>
              </value>
            </param>
          </params>
          <reporter-output>
          </reporter-output>
        </test-method> <!-- runScenario -->
        <test-method signature="runScenario(io.cucumber.testng.PickleWrapper,io.cucumber.testng.FeatureWrapper)[pri:0, instance:TestRunner.TestRunner@10d68fcd]" started-at="2024-12-06T15:29:49 CST" name="runScenario" description="Runs Cucumber Scenarios" data-provider="scenarios" finished-at="2024-12-06T15:30:27 CST" duration-ms="37775" status="PASS">
          <params>
            <param index="0">
              <value>
                <![CDATA["Validate user can navigate to applications of array"]]>
              </value>
            </param>
            <param index="1">
              <value>
                <![CDATA["Array detail page"]]>
              </value>
            </param>
          </params>
          <reporter-output>
          </reporter-output>
        </test-method> <!-- runScenario -->
        <test-method signature="runScenario(io.cucumber.testng.PickleWrapper,io.cucumber.testng.FeatureWrapper)[pri:0, instance:TestRunner.TestRunner@10d68fcd]" started-at="2024-12-06T15:29:54 CST" name="runScenario" description="Runs Cucumber Scenarios" data-provider="scenarios" finished-at="2024-12-06T15:30:26 CST" duration-ms="32171" status="PASS">
          <params>
            <param index="0">
              <value>
                <![CDATA["Validate user can Try here link page from applications of array"]]>
              </value>
            </param>
            <param index="1">
              <value>
                <![CDATA["Array detail page"]]>
              </value>
            </param>
          </params>
          <reporter-output>
          </reporter-output>
        </test-method> <!-- runScenario -->
        <test-method signature="runScenario(io.cucumber.testng.PickleWrapper,io.cucumber.testng.FeatureWrapper)[pri:0, instance:TestRunner.TestRunner@10d68fcd]" started-at="2024-12-06T15:29:54 CST" name="runScenario" description="Runs Cucumber Scenarios" data-provider="scenarios" finished-at="2024-12-06T15:30:27 CST" duration-ms="32588" status="PASS">
          <params>
            <param index="0">
              <value>
                <![CDATA["Error message displayed for invalid code on try Editor for applications of array"]]>
              </value>
            </param>
            <param index="1">
              <value>
                <![CDATA["Array detail page"]]>
              </value>
            </param>
          </params>
          <reporter-output>
          </reporter-output>
        </test-method> <!-- runScenario -->
        <test-method signature="runScenario(io.cucumber.testng.PickleWrapper,io.cucumber.testng.FeatureWrapper)[pri:0, instance:TestRunner.TestRunner@10d68fcd]" started-at="2024-12-06T15:30:01 CST" name="runScenario" description="Runs Cucumber Scenarios" data-provider="scenarios" finished-at="2024-12-06T15:30:25 CST" duration-ms="24292" status="PASS">
          <params>
            <param index="0">
              <value>
                <![CDATA["No error message displayed for empty code on try editor for applications of array"]]>
              </value>
            </param>
            <param index="1">
              <value>
                <![CDATA["Array detail page"]]>
              </value>
            </param>
          </params>
          <reporter-output>
          </reporter-output>
        </test-method> <!-- runScenario -->
        <test-method signature="runScenario(io.cucumber.testng.PickleWrapper,io.cucumber.testng.FeatureWrapper)[pri:0, instance:TestRunner.TestRunner@10d68fcd]" started-at="2024-12-06T15:30:08 CST" name="runScenario" description="Runs Cucumber Scenarios" data-provider="scenarios" finished-at="2024-12-06T15:30:27 CST" duration-ms="18612" status="PASS">
          <params>
            <param index="0">
              <value>
                <![CDATA["Valid code on try editor for applications of array runs successfully"]]>
              </value>
            </param>
            <param index="1">
              <value>
                <![CDATA["Array detail page"]]>
              </value>
            </param>
          </params>
          <reporter-output>
          </reporter-output>
        </test-method> <!-- runScenario -->
        <test-method signature="runScenario(io.cucumber.testng.PickleWrapper,io.cucumber.testng.FeatureWrapper)[pri:0, instance:TestRunner.TestRunner@10d68fcd]" started-at="2024-12-06T15:30:16 CST" name="runScenario" description="Runs Cucumber Scenarios" data-provider="scenarios" finished-at="2024-12-06T15:30:27 CST" duration-ms="11408" status="PASS">
          <params>
            <param index="0">
              <value>
                <![CDATA["validate user can click on practicequestions"]]>
              </value>
            </param>
            <param index="1">
              <value>
                <![CDATA["Array detail page"]]>
              </value>
            </param>
          </params>
          <reporter-output>
          </reporter-output>
        </test-method> <!-- runScenario -->
        <test-method is-config="true" signature="tearDownClass()[pri:0, instance:TestRunner.TestRunner@10d68fcd]" started-at="2024-12-06T15:30:27 CST" name="tearDownClass" finished-at="2024-12-06T15:30:30 CST" duration-ms="3198" status="PASS">
          <reporter-output>
          </reporter-output>
        </test-method> <!-- tearDownClass -->
      </class> <!-- TestRunner.TestRunner -->
    </test> <!-- Default test -->
  </suite> <!-- Default suite -->
</testng-results>
