<?xml version="1.0" encoding="UTF-8"?>
<!-- Generated by org.testng.reporters.JUnitReportReporter -->
<testsuite hostname="DESKTOP-6M2FCE6" failures="21" tests="651" name="TestRunners.TestRunner" time="7354.539" errors="30" timestamp="2024-12-17T10:25:37 CST" skipped="0">
  <testcase classname="TestRunners.TestRunner" name="runScenario" time="7.800"/>
  <testcase classname="TestRunners.TestRunner" name="runScenario" time="8.964"/>
  <testcase classname="TestRunners.TestRunner" name="runScenario" time="12.436"/>
  <testcase classname="TestRunners.TestRunner" name="runScenario" time="8.251"/>
  <testcase classname="TestRunners.TestRunner" name="runScenario" time="9.226"/>
  <testcase classname="TestRunners.TestRunner" name="runScenario" time="6.604"/>
  <testcase classname="TestRunners.TestRunner" name="runScenario" time="13.267"/>
  <testcase classname="TestRunners.TestRunner" name="runScenario" time="11.688"/>
  <testcase classname="TestRunners.TestRunner" name="runScenario" time="8.716"/>
  <testcase classname="TestRunners.TestRunner" name="runScenario" time="14.117"/>
  <testcase classname="TestRunners.TestRunner" name="runScenario" time="9.543"/>
  <testcase classname="TestRunners.TestRunner" name="runScenario" time="5.321"/>
  <testcase classname="TestRunners.TestRunner" name="runScenario" time="35.607"/>
  <testcase classname="TestRunners.TestRunner" name="runScenario" time="8.796"/>
  <testcase classname="TestRunners.TestRunner" name="runScenario" time="6.310"/>
  <testcase classname="TestRunners.TestRunner" name="runScenario" time="10.814">
    <error message="Build info: version: &#039;4.26.0&#039;, revision: &#039;8ccf0219d7&#039;
System info: os.name: &#039;Windows 11&#039;, os.arch: &#039;amd64&#039;, os.version: &#039;10.0&#039;, java.version: &#039;21.0.5&#039;
Driver info: org.openqa.selenium.firefox.FirefoxDriver
Command: [9d6567fb-f31d-4601-aa37-0449fd7aecdd, getAlertText {}]
Capabilities {acceptInsecureCerts: true, browserName: firefox, browserVersion: 133.0.3, moz:accessibilityChecks: false, moz:buildID: 20241209150345, moz:debuggerAddress: 127.0.0.1:12295, moz:geckodriverVersion: 0.35.0, moz:headless: false, moz:platformVersion: 10.0, moz:processID: 15852, moz:profile: C:\Users\vamsh\AppData\Loca..., moz:shutdownTimeout: 60000, moz:webdriverClick: true, moz:windowless: false, pageLoadStrategy: normal, platformName: windows, proxy: Proxy(), se:cdp: ws://127.0.0.1:12295/devtoo..., se:cdpVersion: 85.0, setWindowRect: true, strictFileInteractability: false, timeouts: {implicit: 0, pageLoad: 300000, script: 30000}, unhandledPromptBehavior: dismiss and notify, userAgent: Mozilla/5.0 (Windows NT 10....}
Session ID: 9d6567fb-f31d-4601-aa37-0449fd7aecdd" type="org.openqa.selenium.NoAlertPresentException">
      <![CDATA[org.openqa.selenium.NoAlertPresentException: Build info: version: '4.26.0', revision: '8ccf0219d7'
System info: os.name: 'Windows 11', os.arch: 'amd64', os.version: '10.0', java.version: '21.0.5'
Driver info: org.openqa.selenium.firefox.FirefoxDriver
Command: [9d6567fb-f31d-4601-aa37-0449fd7aecdd, getAlertText {}]
Capabilities {acceptInsecureCerts: true, browserName: firefox, browserVersion: 133.0.3, moz:accessibilityChecks: false, moz:buildID: 20241209150345, moz:debuggerAddress: 127.0.0.1:12295, moz:geckodriverVersion: 0.35.0, moz:headless: false, moz:platformVersion: 10.0, moz:processID: 15852, moz:profile: C:\Users\vamsh\AppData\Loca..., moz:shutdownTimeout: 60000, moz:webdriverClick: true, moz:windowless: false, pageLoadStrategy: normal, platformName: windows, proxy: Proxy(), se:cdp: ws://127.0.0.1:12295/devtoo..., se:cdpVersion: 85.0, setWindowRect: true, strictFileInteractability: false, timeouts: {implicit: 0, pageLoad: 300000, script: 30000}, unhandledPromptBehavior: dismiss and notify, userAgent: Mozilla/5.0 (Windows NT 10....}
Session ID: 9d6567fb-f31d-4601-aa37-0449fd7aecdd
at java.base/jdk.internal.reflect.DirectConstructorHandleAccessor.newInstance(DirectConstructorHandleAccessor.java:62)
at java.base/java.lang.reflect.Constructor.newInstanceWithCaller(Constructor.java:502)
at java.base/java.lang.reflect.Constructor.newInstance(Constructor.java:486)
at org.openqa.selenium.remote.ErrorCodec.decode(ErrorCodec.java:167)
at org.openqa.selenium.remote.codec.w3c.W3CHttpResponseCodec.decode(W3CHttpResponseCodec.java:138)
at org.openqa.selenium.remote.codec.w3c.W3CHttpResponseCodec.decode(W3CHttpResponseCodec.java:50)
at org.openqa.selenium.remote.HttpCommandExecutor.execute(HttpCommandExecutor.java:190)
at org.openqa.selenium.remote.service.DriverCommandExecutor.invokeExecute(DriverCommandExecutor.java:216)
at org.openqa.selenium.remote.service.DriverCommandExecutor.execute(DriverCommandExecutor.java:174)
at org.openqa.selenium.remote.RemoteWebDriver.execute(RemoteWebDriver.java:545)
at org.openqa.selenium.remote.RemoteWebDriver.execute(RemoteWebDriver.java:618)
at org.openqa.selenium.remote.RemoteWebDriver.execute(RemoteWebDriver.java:622)
at org.openqa.selenium.remote.RemoteWebDriver$RemoteTargetLocator.alert(RemoteWebDriver.java:1190)
at PageObjects.IntroductionPage.getAlertText(IntroductionPage.java:134)
at StepDefinitions.Tree.the_user_see_error_msg_in_alert_window(Tree.java:113)
at ✽.The user see error msg in alert window(file:///C:/Projects/newFolder-3/Repo1/src/test/resources/Features/Tree.feature:310)
]]>
    </error>
  </testcase> <!-- runScenario -->
  <testcase classname="TestRunners.TestRunner" name="runScenario" time="3.645"/>
  <testcase classname="TestRunners.TestRunner" name="runScenario" time="9.744">
    <failure message="expected [Invalid password] but found [password_mismatch:The two password fields didn’t match.]" type="java.lang.AssertionError">
      <![CDATA[java.lang.AssertionError: expected [Invalid password] but found [password_mismatch:The two password fields didn’t match.]
at org.testng.Assert.fail(Assert.java:111)
at org.testng.Assert.failNotEquals(Assert.java:1578)
at org.testng.Assert.assertEqualsImpl(Assert.java:150)
at org.testng.Assert.assertEquals(Assert.java:132)
at org.testng.Assert.assertEquals(Assert.java:656)
at org.testng.Assert.assertEquals(Assert.java:666)
at StepDefinitions.Registration.the_user_is_displayed_the_appropriate_error_msg_after_entering_invalid_data_and_redirects_to_empty_confirm_password_textbox(Registration.java:112)
at ✽.The user is displayed the appropriate error msg after entering invalid data and redirects to empty confirm password textbox(file:///C:/Projects/newFolder-3/Repo1/src/test/resources/Features/Registration.feature:39)
]]>
    </failure>
  </testcase> <!-- runScenario -->
  <testcase classname="TestRunners.TestRunner" name="runScenario" time="9.449"/>
  <testcase classname="TestRunners.TestRunner" name="runScenario" time="37.970"/>
  <testcase classname="TestRunners.TestRunner" name="runScenario" time="8.567"/>
  <testcase classname="TestRunners.TestRunner" name="runScenario" time="40.282">
    <failure message="expected [hello] but found []" type="java.lang.AssertionError">
      <![CDATA[java.lang.AssertionError: expected [hello] but found []
at org.testng.Assert.fail(Assert.java:111)
at org.testng.Assert.failNotEquals(Assert.java:1578)
at org.testng.Assert.assertEqualsImpl(Assert.java:150)
at org.testng.Assert.assertEquals(Assert.java:132)
at org.testng.Assert.assertEquals(Assert.java:656)
at org.testng.Assert.assertEquals(Assert.java:666)
at StepDefinitions.Tree.the_user_is_able_to_see_the_output_inside_the_console(Tree.java:101)
at ✽.The user is able to see the output inside the console.(file:///C:/Projects/newFolder-3/Repo1/src/test/resources/Features/LinkedList.feature:81)
]]>
    </failure>
  </testcase> <!-- runScenario -->
  <testcase classname="TestRunners.TestRunner" name="runScenario" time="4.667"/>
  <testcase classname="TestRunners.TestRunner" name="runScenario" time="7.669"/>
  <testcase classname="TestRunners.TestRunner" name="runScenario" time="6.897"/>
  <testcase classname="TestRunners.TestRunner" name="runScenario" time="38.373"/>
  <testcase classname="TestRunners.TestRunner" name="runScenario" time="7.551"/>
  <testcase classname="TestRunners.TestRunner" name="runScenario" time="12.653"/>
  <testcase classname="TestRunners.TestRunner" name="runScenario" time="5.207"/>
  <testcase classname="TestRunners.TestRunner" name="runScenario" time="9.725"/>
  <testcase classname="TestRunners.TestRunner" name="runScenario" time="11.458"/>
  <testcase classname="TestRunners.TestRunner" name="runScenario" time="9.693"/>
  <testcase classname="TestRunners.TestRunner" name="runScenario" time="4.334"/>
  <testcase classname="TestRunners.TestRunner" name="runScenario" time="38.509"/>
  <testcase classname="TestRunners.TestRunner" name="runScenario" time="4.835"/>
  <testcase classname="TestRunners.TestRunner" name="runScenario" time="4.297"/>
  <testcase classname="TestRunners.TestRunner" name="runScenario" time="8.047"/>
  <testcase classname="TestRunners.TestRunner" name="runScenario" time="4.258"/>
  <testcase classname="TestRunners.TestRunner" name="runScenario" time="12.743"/>
  <testcase classname="TestRunners.TestRunner" name="runScenario" time="3.920"/>
  <testcase classname="TestRunners.TestRunner" name="runScenario" time="34.917"/>
  <testcase classname="TestRunners.TestRunner" name="runScenario" time="8.397"/>
  <testcase classname="TestRunners.TestRunner" name="runScenario" time="6.506"/>
  <testcase classname="TestRunners.TestRunner" name="runScenario" time="4.209"/>
  <testcase classname="TestRunners.TestRunner" name="runScenario" time="9.529"/>
  <testcase classname="TestRunners.TestRunner" name="runScenario" time="6.550"/>
  <testcase classname="TestRunners.TestRunner" name="runScenario" time="7.762">
    <failure message="expected [Invalid password] but found [password_mismatch:The two password fields didn’t match.]" type="java.lang.AssertionError">
      <![CDATA[java.lang.AssertionError: expected [Invalid password] but found [password_mismatch:The two password fields didn’t match.]
at org.testng.Assert.fail(Assert.java:111)
at org.testng.Assert.failNotEquals(Assert.java:1578)
at org.testng.Assert.assertEqualsImpl(Assert.java:150)
at org.testng.Assert.assertEquals(Assert.java:132)
at org.testng.Assert.assertEquals(Assert.java:656)
at org.testng.Assert.assertEquals(Assert.java:666)
at StepDefinitions.Registration.the_user_is_displayed_the_appropriate_error_msg_after_entering_invalid_data_and_redirects_to_empty_password_confirm_textbox(Registration.java:131)
at ✽.The user is displayed the appropriate error msg after entering invalid data and  redirects to empty password confirm textbox(file:///C:/Projects/newFolder-3/Repo1/src/test/resources/Features/Registration.feature:47)
]]>
    </failure>
  </testcase> <!-- runScenario -->
  <testcase classname="TestRunners.TestRunner" name="runScenario" time="5.979"/>
  <testcase classname="TestRunners.TestRunner" name="runScenario" time="5.209"/>
  <testcase classname="TestRunners.TestRunner" name="runScenario" time="7.865"/>
  <testcase classname="TestRunners.TestRunner" name="runScenario" time="4.572"/>
  <testcase classname="TestRunners.TestRunner" name="runScenario" time="9.860"/>
  <testcase classname="TestRunners.TestRunner" name="runScenario" time="7.847"/>
  <testcase classname="TestRunners.TestRunner" name="runScenario" time="7.212">
    <error message="element not interactable
  (Session info: chrome=131.0.6778.140)
Build info: version: &#039;4.26.0&#039;, revision: &#039;8ccf0219d7&#039;
System info: os.name: &#039;Windows 11&#039;, os.arch: &#039;amd64&#039;, os.version: &#039;10.0&#039;, java.version: &#039;21.0.5&#039;
Driver info: org.openqa.selenium.chrome.ChromeDriver
Command: [79d00bb693e73327fbd5f07ec4f314d4, sendKeysToElement {id=f.962E92A42DD46AA11563613BF90EEB35.d.1F11A4D81ADDA5865127DF534E7AB237.e.50, value=[Ljava.lang.CharSequence;@3ee82c53}]
Capabilities {acceptInsecureCerts: false, browserName: chrome, browserVersion: 131.0.6778.140, chrome: {chromedriverVersion: 131.0.6778.108 (3b014839fbc..., userDataDir: C:\Users\vamsh\AppData\Loca...}, fedcm:accounts: true, goog:chromeOptions: {debuggerAddress: localhost:62522}, networkConnectionEnabled: false, pageLoadStrategy: normal, platformName: windows, proxy: Proxy(), se:cdp: ws://localhost:62522/devtoo..., se:cdpVersion: 131.0.6778.140, setWindowRect: true, strictFileInteractability: false, timeouts: {implicit: 0, pageLoad: 300000, script: 30000}, unhandledPromptBehavior: dismiss and notify, webauthn:extension:credBlob: true, webauthn:extension:largeBlob: true, webauthn:extension:minPinLength: true, webauthn:extension:prf: true, webauthn:virtualAuthenticators: true}
Element: [[ChromeDriver: chrome on windows (79d00bb693e73327fbd5f07ec4f314d4)] -&gt; css selector: .CodeMirror textarea]
Session ID: 79d00bb693e73327fbd5f07ec4f314d4" type="org.openqa.selenium.ElementNotInteractableException">
      <![CDATA[org.openqa.selenium.ElementNotInteractableException: element not interactable
  (Session info: chrome=131.0.6778.140)
Build info: version: '4.26.0', revision: '8ccf0219d7'
System info: os.name: 'Windows 11', os.arch: 'amd64', os.version: '10.0', java.version: '21.0.5'
Driver info: org.openqa.selenium.chrome.ChromeDriver
Command: [79d00bb693e73327fbd5f07ec4f314d4, sendKeysToElement {id=f.962E92A42DD46AA11563613BF90EEB35.d.1F11A4D81ADDA5865127DF534E7AB237.e.50, value=[Ljava.lang.CharSequence;@3ee82c53}]
Capabilities {acceptInsecureCerts: false, browserName: chrome, browserVersion: 131.0.6778.140, chrome: {chromedriverVersion: 131.0.6778.108 (3b014839fbc..., userDataDir: C:\Users\vamsh\AppData\Loca...}, fedcm:accounts: true, goog:chromeOptions: {debuggerAddress: localhost:62522}, networkConnectionEnabled: false, pageLoadStrategy: normal, platformName: windows, proxy: Proxy(), se:cdp: ws://localhost:62522/devtoo..., se:cdpVersion: 131.0.6778.140, setWindowRect: true, strictFileInteractability: false, timeouts: {implicit: 0, pageLoad: 300000, script: 30000}, unhandledPromptBehavior: dismiss and notify, webauthn:extension:credBlob: true, webauthn:extension:largeBlob: true, webauthn:extension:minPinLength: true, webauthn:extension:prf: true, webauthn:virtualAuthenticators: true}
Element: [[ChromeDriver: chrome on windows (79d00bb693e73327fbd5f07ec4f314d4)] -> css selector: .CodeMirror textarea]
Session ID: 79d00bb693e73327fbd5f07ec4f314d4
at java.base/jdk.internal.reflect.DirectConstructorHandleAccessor.newInstance(DirectConstructorHandleAccessor.java:62)
at java.base/java.lang.reflect.Constructor.newInstanceWithCaller(Constructor.java:502)
at java.base/java.lang.reflect.Constructor.newInstance(Constructor.java:486)
at org.openqa.selenium.remote.ErrorCodec.decode(ErrorCodec.java:167)
at org.openqa.selenium.remote.codec.w3c.W3CHttpResponseCodec.decode(W3CHttpResponseCodec.java:138)
at org.openqa.selenium.remote.codec.w3c.W3CHttpResponseCodec.decode(W3CHttpResponseCodec.java:50)
at org.openqa.selenium.remote.HttpCommandExecutor.execute(HttpCommandExecutor.java:190)
at org.openqa.selenium.remote.service.DriverCommandExecutor.invokeExecute(DriverCommandExecutor.java:216)
at org.openqa.selenium.remote.service.DriverCommandExecutor.execute(DriverCommandExecutor.java:174)
at org.openqa.selenium.remote.RemoteWebDriver.execute(RemoteWebDriver.java:545)
at org.openqa.selenium.remote.RemoteWebElement.execute(RemoteWebElement.java:223)
at org.openqa.selenium.remote.RemoteWebElement.sendKeys(RemoteWebElement.java:110)
at PageObjects.IntroductionPage.enterCodeInEditor(IntroductionPage.java:82)
at StepDefinitions.DSIntroductionDetails.user_writes_invalid_code_and_clicks_run_button(DSIntroductionDetails.java:184)
at ✽.User writes invalid code and clicks run button(file:///C:/Projects/newFolder-3/Repo1/src/test/resources/Features/ArrayDetailsPage.feature:72)
]]>
    </error>
  </testcase> <!-- runScenario -->
  <testcase classname="TestRunners.TestRunner" name="runScenario" time="9.867"/>
  <testcase classname="TestRunners.TestRunner" name="runScenario" time="12.657"/>
  <testcase classname="TestRunners.TestRunner" name="runScenario" time="40.478"/>
  <testcase classname="TestRunners.TestRunner" name="runScenario" time="7.908"/>
  <testcase classname="TestRunners.TestRunner" name="runScenario" time="35.244"/>
  <testcase classname="TestRunners.TestRunner" name="runScenario" time="7.572"/>
  <testcase classname="TestRunners.TestRunner" name="runScenario" time="11.253"/>
  <testcase classname="TestRunners.TestRunner" name="runScenario" time="40.386"/>
  <testcase classname="TestRunners.TestRunner" name="runScenario" time="4.812"/>
  <testcase classname="TestRunners.TestRunner" name="runScenario" time="39.909"/>
  <testcase classname="TestRunners.TestRunner" name="runScenario" time="11.411"/>
  <testcase classname="TestRunners.TestRunner" name="runScenario" time="11.544"/>
  <testcase classname="TestRunners.TestRunner" name="runScenario" time="7.730">
    <failure message="expected [New Account Created. You are logged in as 11111dddfrtfg] but found [password_mismatch:The two password fields didn’t match.]" type="java.lang.AssertionError">
      <![CDATA[java.lang.AssertionError: expected [New Account Created. You are logged in as 11111dddfrtfg] but found [password_mismatch:The two password fields didn’t match.]
at org.testng.Assert.fail(Assert.java:111)
at org.testng.Assert.failNotEquals(Assert.java:1578)
at org.testng.Assert.assertEqualsImpl(Assert.java:150)
at org.testng.Assert.assertEquals(Assert.java:132)
at org.testng.Assert.assertEquals(Assert.java:656)
at org.testng.Assert.assertEquals(Assert.java:666)
at StepDefinitions.Registration.the_user_is_redirected_to_home_page_of_ds_algo_with_success_message_new_account_created_you_are_logged_in_as_username_on_the_ds_algo_home_page(Registration.java:167)
at ✽.The user is redirected to Home Page of DS Algo with success message - New Account Created. You are logged in as username on the DS Algo Home Page(file:///C:/Projects/newFolder-3/Repo1/src/test/resources/Features/Registration.feature:62)
]]>
    </failure>
  </testcase> <!-- runScenario -->
  <testcase classname="TestRunners.TestRunner" name="runScenario" time="9.111"/>
  <testcase classname="TestRunners.TestRunner" name="runScenario" time="6.580">
    <error message="element not interactable
  (Session info: chrome=131.0.6778.140)
Build info: version: &#039;4.26.0&#039;, revision: &#039;8ccf0219d7&#039;
System info: os.name: &#039;Windows 11&#039;, os.arch: &#039;amd64&#039;, os.version: &#039;10.0&#039;, java.version: &#039;21.0.5&#039;
Driver info: org.openqa.selenium.chrome.ChromeDriver
Command: [f16180c8a799e5cc5c9e58916b672635, sendKeysToElement {id=f.7E16ECC2F1A6832181806D639365C871.d.364543682A2DEF98FFA9018DC5D1C57F.e.49, value=[Ljava.lang.CharSequence;@42112666}]
Capabilities {acceptInsecureCerts: false, browserName: chrome, browserVersion: 131.0.6778.140, chrome: {chromedriverVersion: 131.0.6778.108 (3b014839fbc..., userDataDir: C:\Users\vamsh\AppData\Loca...}, fedcm:accounts: true, goog:chromeOptions: {debuggerAddress: localhost:63127}, networkConnectionEnabled: false, pageLoadStrategy: normal, platformName: windows, proxy: Proxy(), se:cdp: ws://localhost:63127/devtoo..., se:cdpVersion: 131.0.6778.140, setWindowRect: true, strictFileInteractability: false, timeouts: {implicit: 0, pageLoad: 300000, script: 30000}, unhandledPromptBehavior: dismiss and notify, webauthn:extension:credBlob: true, webauthn:extension:largeBlob: true, webauthn:extension:minPinLength: true, webauthn:extension:prf: true, webauthn:virtualAuthenticators: true}
Element: [[ChromeDriver: chrome on windows (f16180c8a799e5cc5c9e58916b672635)] -&gt; css selector: .CodeMirror textarea]
Session ID: f16180c8a799e5cc5c9e58916b672635" type="org.openqa.selenium.ElementNotInteractableException">
      <![CDATA[org.openqa.selenium.ElementNotInteractableException: element not interactable
  (Session info: chrome=131.0.6778.140)
Build info: version: '4.26.0', revision: '8ccf0219d7'
System info: os.name: 'Windows 11', os.arch: 'amd64', os.version: '10.0', java.version: '21.0.5'
Driver info: org.openqa.selenium.chrome.ChromeDriver
Command: [f16180c8a799e5cc5c9e58916b672635, sendKeysToElement {id=f.7E16ECC2F1A6832181806D639365C871.d.364543682A2DEF98FFA9018DC5D1C57F.e.49, value=[Ljava.lang.CharSequence;@42112666}]
Capabilities {acceptInsecureCerts: false, browserName: chrome, browserVersion: 131.0.6778.140, chrome: {chromedriverVersion: 131.0.6778.108 (3b014839fbc..., userDataDir: C:\Users\vamsh\AppData\Loca...}, fedcm:accounts: true, goog:chromeOptions: {debuggerAddress: localhost:63127}, networkConnectionEnabled: false, pageLoadStrategy: normal, platformName: windows, proxy: Proxy(), se:cdp: ws://localhost:63127/devtoo..., se:cdpVersion: 131.0.6778.140, setWindowRect: true, strictFileInteractability: false, timeouts: {implicit: 0, pageLoad: 300000, script: 30000}, unhandledPromptBehavior: dismiss and notify, webauthn:extension:credBlob: true, webauthn:extension:largeBlob: true, webauthn:extension:minPinLength: true, webauthn:extension:prf: true, webauthn:virtualAuthenticators: true}
Element: [[ChromeDriver: chrome on windows (f16180c8a799e5cc5c9e58916b672635)] -> css selector: .CodeMirror textarea]
Session ID: f16180c8a799e5cc5c9e58916b672635
at java.base/jdk.internal.reflect.DirectConstructorHandleAccessor.newInstance(DirectConstructorHandleAccessor.java:62)
at java.base/java.lang.reflect.Constructor.newInstanceWithCaller(Constructor.java:502)
at java.base/java.lang.reflect.Constructor.newInstance(Constructor.java:486)
at org.openqa.selenium.remote.ErrorCodec.decode(ErrorCodec.java:167)
at org.openqa.selenium.remote.codec.w3c.W3CHttpResponseCodec.decode(W3CHttpResponseCodec.java:138)
at org.openqa.selenium.remote.codec.w3c.W3CHttpResponseCodec.decode(W3CHttpResponseCodec.java:50)
at org.openqa.selenium.remote.HttpCommandExecutor.execute(HttpCommandExecutor.java:190)
at org.openqa.selenium.remote.service.DriverCommandExecutor.invokeExecute(DriverCommandExecutor.java:216)
at org.openqa.selenium.remote.service.DriverCommandExecutor.execute(DriverCommandExecutor.java:174)
at org.openqa.selenium.remote.RemoteWebDriver.execute(RemoteWebDriver.java:545)
at org.openqa.selenium.remote.RemoteWebElement.execute(RemoteWebElement.java:223)
at org.openqa.selenium.remote.RemoteWebElement.sendKeys(RemoteWebElement.java:110)
at PageObjects.IntroductionPage.enterCodeInEditor(IntroductionPage.java:82)
at StepDefinitions.DSIntroductionDetails.user_writes_valid_code_and_clicks_run_button(DSIntroductionDetails.java:197)
at ✽.User writes valid code and clicks run button(file:///C:/Projects/newFolder-3/Repo1/src/test/resources/Features/ArrayDetailsPage.feature:107)
]]>
    </error>
  </testcase> <!-- runScenario -->
  <testcase classname="TestRunners.TestRunner" name="runScenario" time="9.682"/>
  <testcase classname="TestRunners.TestRunner" name="runScenario" time="40.951"/>
  <testcase classname="TestRunners.TestRunner" name="runScenario" time="5.783"/>
  <testcase classname="TestRunners.TestRunner" name="runScenario" time="11.961">
    <error message="Build info: version: &#039;4.26.0&#039;, revision: &#039;8ccf0219d7&#039;
System info: os.name: &#039;Windows 11&#039;, os.arch: &#039;amd64&#039;, os.version: &#039;10.0&#039;, java.version: &#039;21.0.5&#039;
Driver info: org.openqa.selenium.firefox.FirefoxDriver
Command: [8bb4ea19-46bf-450c-afd3-be9558ab5c86, getAlertText {}]
Capabilities {acceptInsecureCerts: true, browserName: firefox, browserVersion: 133.0.3, moz:accessibilityChecks: false, moz:buildID: 20241209150345, moz:debuggerAddress: 127.0.0.1:46482, moz:geckodriverVersion: 0.35.0, moz:headless: false, moz:platformVersion: 10.0, moz:processID: 4628, moz:profile: C:\Users\vamsh\AppData\Loca..., moz:shutdownTimeout: 60000, moz:webdriverClick: true, moz:windowless: false, pageLoadStrategy: normal, platformName: windows, proxy: Proxy(), se:cdp: ws://127.0.0.1:46482/devtoo..., se:cdpVersion: 85.0, setWindowRect: true, strictFileInteractability: false, timeouts: {implicit: 0, pageLoad: 300000, script: 30000}, unhandledPromptBehavior: dismiss and notify, userAgent: Mozilla/5.0 (Windows NT 10....}
Session ID: 8bb4ea19-46bf-450c-afd3-be9558ab5c86" type="org.openqa.selenium.NoAlertPresentException">
      <![CDATA[org.openqa.selenium.NoAlertPresentException: Build info: version: '4.26.0', revision: '8ccf0219d7'
System info: os.name: 'Windows 11', os.arch: 'amd64', os.version: '10.0', java.version: '21.0.5'
Driver info: org.openqa.selenium.firefox.FirefoxDriver
Command: [8bb4ea19-46bf-450c-afd3-be9558ab5c86, getAlertText {}]
Capabilities {acceptInsecureCerts: true, browserName: firefox, browserVersion: 133.0.3, moz:accessibilityChecks: false, moz:buildID: 20241209150345, moz:debuggerAddress: 127.0.0.1:46482, moz:geckodriverVersion: 0.35.0, moz:headless: false, moz:platformVersion: 10.0, moz:processID: 4628, moz:profile: C:\Users\vamsh\AppData\Loca..., moz:shutdownTimeout: 60000, moz:webdriverClick: true, moz:windowless: false, pageLoadStrategy: normal, platformName: windows, proxy: Proxy(), se:cdp: ws://127.0.0.1:46482/devtoo..., se:cdpVersion: 85.0, setWindowRect: true, strictFileInteractability: false, timeouts: {implicit: 0, pageLoad: 300000, script: 30000}, unhandledPromptBehavior: dismiss and notify, userAgent: Mozilla/5.0 (Windows NT 10....}
Session ID: 8bb4ea19-46bf-450c-afd3-be9558ab5c86
at java.base/jdk.internal.reflect.DirectConstructorHandleAccessor.newInstance(DirectConstructorHandleAccessor.java:62)
at java.base/java.lang.reflect.Constructor.newInstanceWithCaller(Constructor.java:502)
at java.base/java.lang.reflect.Constructor.newInstance(Constructor.java:486)
at org.openqa.selenium.remote.ErrorCodec.decode(ErrorCodec.java:167)
at org.openqa.selenium.remote.codec.w3c.W3CHttpResponseCodec.decode(W3CHttpResponseCodec.java:138)
at org.openqa.selenium.remote.codec.w3c.W3CHttpResponseCodec.decode(W3CHttpResponseCodec.java:50)
at org.openqa.selenium.remote.HttpCommandExecutor.execute(HttpCommandExecutor.java:190)
at org.openqa.selenium.remote.service.DriverCommandExecutor.invokeExecute(DriverCommandExecutor.java:216)
at org.openqa.selenium.remote.service.DriverCommandExecutor.execute(DriverCommandExecutor.java:174)
at org.openqa.selenium.remote.RemoteWebDriver.execute(RemoteWebDriver.java:545)
at org.openqa.selenium.remote.RemoteWebDriver.execute(RemoteWebDriver.java:618)
at org.openqa.selenium.remote.RemoteWebDriver.execute(RemoteWebDriver.java:622)
at org.openqa.selenium.remote.RemoteWebDriver$RemoteTargetLocator.alert(RemoteWebDriver.java:1190)
at PageObjects.IntroductionPage.getAlertText(IntroductionPage.java:134)
at StepDefinitions.DSIntroductionDetails.the_user_should_able_to_see_an_error_message_in_alert_window(DSIntroductionDetails.java:203)
at ✽.The user should able to see an error message in alert window(file:///C:/Projects/newFolder-3/Repo1/src/test/resources/Features/StackPage.feature:74)
]]>
    </error>
  </testcase> <!-- runScenario -->
  <testcase classname="TestRunners.TestRunner" name="runScenario" time="39.648"/>
  <testcase classname="TestRunners.TestRunner" name="runScenario" time="3.641"/>
  <testcase classname="TestRunners.TestRunner" name="runScenario" time="35.440"/>
  <testcase classname="TestRunners.TestRunner" name="runScenario" time="6.024"/>
  <testcase classname="TestRunners.TestRunner" name="runScenario" time="38.740"/>
  <testcase classname="TestRunners.TestRunner" name="runScenario" time="9.698">
    <failure message="expected [Invalid password] but found [password_mismatch:The two password fields didn’t match.]" type="java.lang.AssertionError">
      <![CDATA[java.lang.AssertionError: expected [Invalid password] but found [password_mismatch:The two password fields didn’t match.]
at org.testng.Assert.fail(Assert.java:111)
at org.testng.Assert.failNotEquals(Assert.java:1578)
at org.testng.Assert.assertEqualsImpl(Assert.java:150)
at org.testng.Assert.assertEquals(Assert.java:132)
at org.testng.Assert.assertEquals(Assert.java:656)
at org.testng.Assert.assertEquals(Assert.java:666)
at StepDefinitions.Registration.the_user_is_displayed_the_appropriate_error_msg_after_entering_invalid_data_and_redirects_to_empty_password_confirm_textbox(Registration.java:131)
at ✽.The user is displayed the appropriate error msg after entering invalid data and  redirects to empty password confirm textbox(file:///C:/Projects/newFolder-3/Repo1/src/test/resources/Features/Registration.feature:47)
]]>
    </failure>
  </testcase> <!-- runScenario -->
  <testcase classname="TestRunners.TestRunner" name="runScenario" time="11.759"/>
  <testcase classname="TestRunners.TestRunner" name="runScenario" time="11.114"/>
  <testcase classname="TestRunners.TestRunner" name="runScenario" time="5.044"/>
  <testcase classname="TestRunners.TestRunner" name="runScenario" time="4.245">
    <failure message="expected [Invalid password] but found [password_mismatch:The two password fields didn’t match.]" type="java.lang.AssertionError">
      <![CDATA[java.lang.AssertionError: expected [Invalid password] but found [password_mismatch:The two password fields didn’t match.]
at org.testng.Assert.fail(Assert.java:111)
at org.testng.Assert.failNotEquals(Assert.java:1578)
at org.testng.Assert.assertEqualsImpl(Assert.java:150)
at org.testng.Assert.assertEquals(Assert.java:132)
at org.testng.Assert.assertEquals(Assert.java:656)
at org.testng.Assert.assertEquals(Assert.java:666)
at StepDefinitions.Registration.the_user_is_displayed_the_appropriate_error_msg_after_entering_invalid_data_and_redirects_to_empty_password_confirm_textbox(Registration.java:131)
at ✽.The user is displayed the appropriate error msg after entering invalid data and  redirects to empty password confirm textbox(file:///C:/Projects/newFolder-3/Repo1/src/test/resources/Features/Registration.feature:47)
]]>
    </failure>
  </testcase> <!-- runScenario -->
  <testcase classname="TestRunners.TestRunner" name="runScenario" time="37.980"/>
  <testcase classname="TestRunners.TestRunner" name="runScenario" time="4.411"/>
  <testcase classname="TestRunners.TestRunner" name="runScenario" time="6.337"/>
  <testcase classname="TestRunners.TestRunner" name="runScenario" time="8.562"/>
  <testcase classname="TestRunners.TestRunner" name="runScenario" time="12.180"/>
  <testcase classname="TestRunners.TestRunner" name="runScenario" time="7.461"/>
  <testcase classname="TestRunners.TestRunner" name="runScenario" time="5.891"/>
  <testcase classname="TestRunners.TestRunner" name="runScenario" time="11.604"/>
  <testcase classname="TestRunners.TestRunner" name="runScenario" time="9.804"/>
  <testcase classname="TestRunners.TestRunner" name="runScenario" time="9.088"/>
  <testcase classname="TestRunners.TestRunner" name="runScenario" time="7.748"/>
  <testcase classname="TestRunners.TestRunner" name="runScenario" time="10.292"/>
  <testcase classname="TestRunners.TestRunner" name="runScenario" time="7.942"/>
  <testcase classname="TestRunners.TestRunner" name="runScenario" time="10.686"/>
  <testcase classname="TestRunners.TestRunner" name="runScenario" time="13.592"/>
  <testcase classname="TestRunners.TestRunner" name="runScenario" time="4.573"/>
  <testcase classname="TestRunners.TestRunner" name="runScenario" time="4.595"/>
  <testcase classname="TestRunners.TestRunner" name="runScenario" time="9.968"/>
  <testcase classname="TestRunners.TestRunner" name="runScenario" time="9.534"/>
  <testcase classname="TestRunners.TestRunner" name="runScenario" time="7.337"/>
  <testcase classname="TestRunners.TestRunner" name="runScenario" time="13.762"/>
  <testcase classname="TestRunners.TestRunner" name="runScenario" time="10.363"/>
  <testcase classname="TestRunners.TestRunner" name="runScenario" time="8.265"/>
  <testcase classname="TestRunners.TestRunner" name="runScenario" time="9.851">
    <error message="Build info: version: &#039;4.26.0&#039;, revision: &#039;8ccf0219d7&#039;
System info: os.name: &#039;Windows 11&#039;, os.arch: &#039;amd64&#039;, os.version: &#039;10.0&#039;, java.version: &#039;21.0.5&#039;
Driver info: org.openqa.selenium.firefox.FirefoxDriver
Command: [c058843d-35c2-4272-b83d-46d29fc1ceac, getAlertText {}]
Capabilities {acceptInsecureCerts: true, browserName: firefox, browserVersion: 133.0.3, moz:accessibilityChecks: false, moz:buildID: 20241209150345, moz:debuggerAddress: 127.0.0.1:20466, moz:geckodriverVersion: 0.35.0, moz:headless: false, moz:platformVersion: 10.0, moz:processID: 9364, moz:profile: C:\Users\vamsh\AppData\Loca..., moz:shutdownTimeout: 60000, moz:webdriverClick: true, moz:windowless: false, pageLoadStrategy: normal, platformName: windows, proxy: Proxy(), se:cdp: ws://127.0.0.1:20466/devtoo..., se:cdpVersion: 85.0, setWindowRect: true, strictFileInteractability: false, timeouts: {implicit: 0, pageLoad: 300000, script: 30000}, unhandledPromptBehavior: dismiss and notify, userAgent: Mozilla/5.0 (Windows NT 10....}
Session ID: c058843d-35c2-4272-b83d-46d29fc1ceac" type="org.openqa.selenium.NoAlertPresentException">
      <![CDATA[org.openqa.selenium.NoAlertPresentException: Build info: version: '4.26.0', revision: '8ccf0219d7'
System info: os.name: 'Windows 11', os.arch: 'amd64', os.version: '10.0', java.version: '21.0.5'
Driver info: org.openqa.selenium.firefox.FirefoxDriver
Command: [c058843d-35c2-4272-b83d-46d29fc1ceac, getAlertText {}]
Capabilities {acceptInsecureCerts: true, browserName: firefox, browserVersion: 133.0.3, moz:accessibilityChecks: false, moz:buildID: 20241209150345, moz:debuggerAddress: 127.0.0.1:20466, moz:geckodriverVersion: 0.35.0, moz:headless: false, moz:platformVersion: 10.0, moz:processID: 9364, moz:profile: C:\Users\vamsh\AppData\Loca..., moz:shutdownTimeout: 60000, moz:webdriverClick: true, moz:windowless: false, pageLoadStrategy: normal, platformName: windows, proxy: Proxy(), se:cdp: ws://127.0.0.1:20466/devtoo..., se:cdpVersion: 85.0, setWindowRect: true, strictFileInteractability: false, timeouts: {implicit: 0, pageLoad: 300000, script: 30000}, unhandledPromptBehavior: dismiss and notify, userAgent: Mozilla/5.0 (Windows NT 10....}
Session ID: c058843d-35c2-4272-b83d-46d29fc1ceac
at java.base/jdk.internal.reflect.DirectConstructorHandleAccessor.newInstance(DirectConstructorHandleAccessor.java:62)
at java.base/java.lang.reflect.Constructor.newInstanceWithCaller(Constructor.java:502)
at java.base/java.lang.reflect.Constructor.newInstance(Constructor.java:486)
at org.openqa.selenium.remote.ErrorCodec.decode(ErrorCodec.java:167)
at org.openqa.selenium.remote.codec.w3c.W3CHttpResponseCodec.decode(W3CHttpResponseCodec.java:138)
at org.openqa.selenium.remote.codec.w3c.W3CHttpResponseCodec.decode(W3CHttpResponseCodec.java:50)
at org.openqa.selenium.remote.HttpCommandExecutor.execute(HttpCommandExecutor.java:190)
at org.openqa.selenium.remote.service.DriverCommandExecutor.invokeExecute(DriverCommandExecutor.java:216)
at org.openqa.selenium.remote.service.DriverCommandExecutor.execute(DriverCommandExecutor.java:174)
at org.openqa.selenium.remote.RemoteWebDriver.execute(RemoteWebDriver.java:545)
at org.openqa.selenium.remote.RemoteWebDriver.execute(RemoteWebDriver.java:618)
at org.openqa.selenium.remote.RemoteWebDriver.execute(RemoteWebDriver.java:622)
at org.openqa.selenium.remote.RemoteWebDriver$RemoteTargetLocator.alert(RemoteWebDriver.java:1190)
at PageObjects.IntroductionPage.getAlertText(IntroductionPage.java:134)
at StepDefinitions.Tree.the_user_see_error_msg_in_alert_window(Tree.java:113)
at ✽.The user see error msg in alert window(file:///C:/Projects/newFolder-3/Repo1/src/test/resources/Features/Tree.feature:279)
]]>
    </error>
  </testcase> <!-- runScenario -->
  <testcase classname="TestRunners.TestRunner" name="runScenario" time="7.373">
    <error message="element not interactable
  (Session info: chrome=131.0.6778.140)
Build info: version: &#039;4.26.0&#039;, revision: &#039;8ccf0219d7&#039;
System info: os.name: &#039;Windows 11&#039;, os.arch: &#039;amd64&#039;, os.version: &#039;10.0&#039;, java.version: &#039;21.0.5&#039;
Driver info: org.openqa.selenium.chrome.ChromeDriver
Command: [a1cfd53e677b245019230b5ea936dc6d, sendKeysToElement {id=f.D18E66ECBF9CF42C986708B30AF90001.d.4119112968F52E62DA0605D900A8B937.e.49, value=[Ljava.lang.CharSequence;@7b5dcb42}]
Capabilities {acceptInsecureCerts: false, browserName: chrome, browserVersion: 131.0.6778.140, chrome: {chromedriverVersion: 131.0.6778.108 (3b014839fbc..., userDataDir: C:\Users\vamsh\AppData\Loca...}, fedcm:accounts: true, goog:chromeOptions: {debuggerAddress: localhost:62940}, networkConnectionEnabled: false, pageLoadStrategy: normal, platformName: windows, proxy: Proxy(), se:cdp: ws://localhost:62940/devtoo..., se:cdpVersion: 131.0.6778.140, setWindowRect: true, strictFileInteractability: false, timeouts: {implicit: 0, pageLoad: 300000, script: 30000}, unhandledPromptBehavior: dismiss and notify, webauthn:extension:credBlob: true, webauthn:extension:largeBlob: true, webauthn:extension:minPinLength: true, webauthn:extension:prf: true, webauthn:virtualAuthenticators: true}
Element: [[ChromeDriver: chrome on windows (a1cfd53e677b245019230b5ea936dc6d)] -&gt; css selector: .CodeMirror textarea]
Session ID: a1cfd53e677b245019230b5ea936dc6d" type="org.openqa.selenium.ElementNotInteractableException">
      <![CDATA[org.openqa.selenium.ElementNotInteractableException: element not interactable
  (Session info: chrome=131.0.6778.140)
Build info: version: '4.26.0', revision: '8ccf0219d7'
System info: os.name: 'Windows 11', os.arch: 'amd64', os.version: '10.0', java.version: '21.0.5'
Driver info: org.openqa.selenium.chrome.ChromeDriver
Command: [a1cfd53e677b245019230b5ea936dc6d, sendKeysToElement {id=f.D18E66ECBF9CF42C986708B30AF90001.d.4119112968F52E62DA0605D900A8B937.e.49, value=[Ljava.lang.CharSequence;@7b5dcb42}]
Capabilities {acceptInsecureCerts: false, browserName: chrome, browserVersion: 131.0.6778.140, chrome: {chromedriverVersion: 131.0.6778.108 (3b014839fbc..., userDataDir: C:\Users\vamsh\AppData\Loca...}, fedcm:accounts: true, goog:chromeOptions: {debuggerAddress: localhost:62940}, networkConnectionEnabled: false, pageLoadStrategy: normal, platformName: windows, proxy: Proxy(), se:cdp: ws://localhost:62940/devtoo..., se:cdpVersion: 131.0.6778.140, setWindowRect: true, strictFileInteractability: false, timeouts: {implicit: 0, pageLoad: 300000, script: 30000}, unhandledPromptBehavior: dismiss and notify, webauthn:extension:credBlob: true, webauthn:extension:largeBlob: true, webauthn:extension:minPinLength: true, webauthn:extension:prf: true, webauthn:virtualAuthenticators: true}
Element: [[ChromeDriver: chrome on windows (a1cfd53e677b245019230b5ea936dc6d)] -> css selector: .CodeMirror textarea]
Session ID: a1cfd53e677b245019230b5ea936dc6d
at java.base/jdk.internal.reflect.DirectConstructorHandleAccessor.newInstance(DirectConstructorHandleAccessor.java:62)
at java.base/java.lang.reflect.Constructor.newInstanceWithCaller(Constructor.java:502)
at java.base/java.lang.reflect.Constructor.newInstance(Constructor.java:486)
at org.openqa.selenium.remote.ErrorCodec.decode(ErrorCodec.java:167)
at org.openqa.selenium.remote.codec.w3c.W3CHttpResponseCodec.decode(W3CHttpResponseCodec.java:138)
at org.openqa.selenium.remote.codec.w3c.W3CHttpResponseCodec.decode(W3CHttpResponseCodec.java:50)
at org.openqa.selenium.remote.HttpCommandExecutor.execute(HttpCommandExecutor.java:190)
at org.openqa.selenium.remote.service.DriverCommandExecutor.invokeExecute(DriverCommandExecutor.java:216)
at org.openqa.selenium.remote.service.DriverCommandExecutor.execute(DriverCommandExecutor.java:174)
at org.openqa.selenium.remote.RemoteWebDriver.execute(RemoteWebDriver.java:545)
at org.openqa.selenium.remote.RemoteWebElement.execute(RemoteWebElement.java:223)
at org.openqa.selenium.remote.RemoteWebElement.sendKeys(RemoteWebElement.java:110)
at PageObjects.IntroductionPage.enterCodeInEditor(IntroductionPage.java:82)
at StepDefinitions.DSIntroductionDetails.user_writes_invalid_code_and_clicks_run_button(DSIntroductionDetails.java:184)
at ✽.User writes invalid code and clicks run button(file:///C:/Projects/newFolder-3/Repo1/src/test/resources/Features/ArrayDetailsPage.feature:97)
]]>
    </error>
  </testcase> <!-- runScenario -->
  <testcase classname="TestRunners.TestRunner" name="runScenario" time="11.554"/>
  <testcase classname="TestRunners.TestRunner" name="runScenario" time="9.750"/>
  <testcase classname="TestRunners.TestRunner" name="runScenario" time="13.153"/>
  <testcase classname="TestRunners.TestRunner" name="runScenario" time="8.018"/>
  <testcase classname="TestRunners.TestRunner" name="runScenario" time="7.544"/>
  <testcase classname="TestRunners.TestRunner" name="runScenario" time="8.458"/>
  <testcase classname="TestRunners.TestRunner" name="runScenario" time="4.079"/>
  <testcase classname="TestRunners.TestRunner" name="runScenario" time="8.893">
    <error message="element not interactable
  (Session info: chrome=131.0.6778.140)
Build info: version: &#039;4.26.0&#039;, revision: &#039;8ccf0219d7&#039;
System info: os.name: &#039;Windows 11&#039;, os.arch: &#039;amd64&#039;, os.version: &#039;10.0&#039;, java.version: &#039;21.0.5&#039;
Driver info: org.openqa.selenium.chrome.ChromeDriver
Command: [cb07818fdfcb353732092f46acc0f5d8, sendKeysToElement {id=f.5609C63DD162CC8D8EA902189CB87944.d.8BD3673493399F4EAF0C263EFD851B50.e.49, value=[Ljava.lang.CharSequence;@2f83e314}]
Capabilities {acceptInsecureCerts: false, browserName: chrome, browserVersion: 131.0.6778.140, chrome: {chromedriverVersion: 131.0.6778.108 (3b014839fbc..., userDataDir: C:\Users\vamsh\AppData\Loca...}, fedcm:accounts: true, goog:chromeOptions: {debuggerAddress: localhost:62245}, networkConnectionEnabled: false, pageLoadStrategy: normal, platformName: windows, proxy: Proxy(), se:cdp: ws://localhost:62245/devtoo..., se:cdpVersion: 131.0.6778.140, setWindowRect: true, strictFileInteractability: false, timeouts: {implicit: 0, pageLoad: 300000, script: 30000}, unhandledPromptBehavior: dismiss and notify, webauthn:extension:credBlob: true, webauthn:extension:largeBlob: true, webauthn:extension:minPinLength: true, webauthn:extension:prf: true, webauthn:virtualAuthenticators: true}
Element: [[ChromeDriver: chrome on windows (cb07818fdfcb353732092f46acc0f5d8)] -&gt; css selector: .CodeMirror textarea]
Session ID: cb07818fdfcb353732092f46acc0f5d8" type="org.openqa.selenium.ElementNotInteractableException">
      <![CDATA[org.openqa.selenium.ElementNotInteractableException: element not interactable
  (Session info: chrome=131.0.6778.140)
Build info: version: '4.26.0', revision: '8ccf0219d7'
System info: os.name: 'Windows 11', os.arch: 'amd64', os.version: '10.0', java.version: '21.0.5'
Driver info: org.openqa.selenium.chrome.ChromeDriver
Command: [cb07818fdfcb353732092f46acc0f5d8, sendKeysToElement {id=f.5609C63DD162CC8D8EA902189CB87944.d.8BD3673493399F4EAF0C263EFD851B50.e.49, value=[Ljava.lang.CharSequence;@2f83e314}]
Capabilities {acceptInsecureCerts: false, browserName: chrome, browserVersion: 131.0.6778.140, chrome: {chromedriverVersion: 131.0.6778.108 (3b014839fbc..., userDataDir: C:\Users\vamsh\AppData\Loca...}, fedcm:accounts: true, goog:chromeOptions: {debuggerAddress: localhost:62245}, networkConnectionEnabled: false, pageLoadStrategy: normal, platformName: windows, proxy: Proxy(), se:cdp: ws://localhost:62245/devtoo..., se:cdpVersion: 131.0.6778.140, setWindowRect: true, strictFileInteractability: false, timeouts: {implicit: 0, pageLoad: 300000, script: 30000}, unhandledPromptBehavior: dismiss and notify, webauthn:extension:credBlob: true, webauthn:extension:largeBlob: true, webauthn:extension:minPinLength: true, webauthn:extension:prf: true, webauthn:virtualAuthenticators: true}
Element: [[ChromeDriver: chrome on windows (cb07818fdfcb353732092f46acc0f5d8)] -> css selector: .CodeMirror textarea]
Session ID: cb07818fdfcb353732092f46acc0f5d8
at java.base/jdk.internal.reflect.DirectConstructorHandleAccessor.newInstance(DirectConstructorHandleAccessor.java:62)
at java.base/java.lang.reflect.Constructor.newInstanceWithCaller(Constructor.java:502)
at java.base/java.lang.reflect.Constructor.newInstance(Constructor.java:486)
at org.openqa.selenium.remote.ErrorCodec.decode(ErrorCodec.java:167)
at org.openqa.selenium.remote.codec.w3c.W3CHttpResponseCodec.decode(W3CHttpResponseCodec.java:138)
at org.openqa.selenium.remote.codec.w3c.W3CHttpResponseCodec.decode(W3CHttpResponseCodec.java:50)
at org.openqa.selenium.remote.HttpCommandExecutor.execute(HttpCommandExecutor.java:190)
at org.openqa.selenium.remote.service.DriverCommandExecutor.invokeExecute(DriverCommandExecutor.java:216)
at org.openqa.selenium.remote.service.DriverCommandExecutor.execute(DriverCommandExecutor.java:174)
at org.openqa.selenium.remote.RemoteWebDriver.execute(RemoteWebDriver.java:545)
at org.openqa.selenium.remote.RemoteWebElement.execute(RemoteWebElement.java:223)
at org.openqa.selenium.remote.RemoteWebElement.sendKeys(RemoteWebElement.java:110)
at PageObjects.IntroductionPage.enterCodeInEditor(IntroductionPage.java:82)
at StepDefinitions.DSIntroductionDetails.user_writes_valid_code_and_clicks_run_button(DSIntroductionDetails.java:197)
at ✽.User writes valid code and clicks run button(file:///C:/Projects/newFolder-3/Repo1/src/test/resources/Features/ArrayDetailsPage.feature:57)
]]>
    </error>
  </testcase> <!-- runScenario -->
  <testcase classname="TestRunners.TestRunner" name="runScenario" time="9.471"/>
  <testcase classname="TestRunners.TestRunner" name="runScenario" time="8.670"/>
  <testcase classname="TestRunners.TestRunner" name="runScenario" time="13.131">
    <error message="Unexpected alert dialog detected. Performed handler &quot;dismiss&quot;. Dialog text: SyntaxError: bad input on line 2: 
Build info: version: &#039;4.26.0&#039;, revision: &#039;8ccf0219d7&#039;
System info: os.name: &#039;Windows 11&#039;, os.arch: &#039;amd64&#039;, os.version: &#039;10.0&#039;, java.version: &#039;21.0.5&#039;
Driver info: org.openqa.selenium.firefox.FirefoxDriver
Command: [64e362eb-b128-47c8-a0e6-9bc9af133c6c, findElement {using=css selector, value=#output}]
Capabilities {acceptInsecureCerts: true, browserName: firefox, browserVersion: 133.0.3, moz:accessibilityChecks: false, moz:buildID: 20241209150345, moz:debuggerAddress: 127.0.0.1:34518, moz:geckodriverVersion: 0.35.0, moz:headless: false, moz:platformVersion: 10.0, moz:processID: 25532, moz:profile: C:\Users\vamsh\AppData\Loca..., moz:shutdownTimeout: 60000, moz:webdriverClick: true, moz:windowless: false, pageLoadStrategy: normal, platformName: windows, proxy: Proxy(), se:cdp: ws://127.0.0.1:34518/devtoo..., se:cdpVersion: 85.0, setWindowRect: true, strictFileInteractability: false, timeouts: {implicit: 0, pageLoad: 300000, script: 30000}, unhandledPromptBehavior: dismiss and notify, userAgent: Mozilla/5.0 (Windows NT 10....}
Session ID: 64e362eb-b128-47c8-a0e6-9bc9af133c6c" type="org.openqa.selenium.UnhandledAlertException">
      <![CDATA[org.openqa.selenium.UnhandledAlertException: Unexpected alert dialog detected. Performed handler "dismiss". Dialog text: SyntaxError: bad input on line 2: 
Build info: version: '4.26.0', revision: '8ccf0219d7'
System info: os.name: 'Windows 11', os.arch: 'amd64', os.version: '10.0', java.version: '21.0.5'
Driver info: org.openqa.selenium.firefox.FirefoxDriver
Command: [64e362eb-b128-47c8-a0e6-9bc9af133c6c, findElement {using=css selector, value=#output}]
Capabilities {acceptInsecureCerts: true, browserName: firefox, browserVersion: 133.0.3, moz:accessibilityChecks: false, moz:buildID: 20241209150345, moz:debuggerAddress: 127.0.0.1:34518, moz:geckodriverVersion: 0.35.0, moz:headless: false, moz:platformVersion: 10.0, moz:processID: 25532, moz:profile: C:\Users\vamsh\AppData\Loca..., moz:shutdownTimeout: 60000, moz:webdriverClick: true, moz:windowless: false, pageLoadStrategy: normal, platformName: windows, proxy: Proxy(), se:cdp: ws://127.0.0.1:34518/devtoo..., se:cdpVersion: 85.0, setWindowRect: true, strictFileInteractability: false, timeouts: {implicit: 0, pageLoad: 300000, script: 30000}, unhandledPromptBehavior: dismiss and notify, userAgent: Mozilla/5.0 (Windows NT 10....}
Session ID: 64e362eb-b128-47c8-a0e6-9bc9af133c6c
at org.openqa.selenium.remote.codec.w3c.W3CHttpResponseCodec.decode(W3CHttpResponseCodec.java:136)
at org.openqa.selenium.remote.codec.w3c.W3CHttpResponseCodec.decode(W3CHttpResponseCodec.java:50)
at org.openqa.selenium.remote.HttpCommandExecutor.execute(HttpCommandExecutor.java:190)
at org.openqa.selenium.remote.service.DriverCommandExecutor.invokeExecute(DriverCommandExecutor.java:216)
at org.openqa.selenium.remote.service.DriverCommandExecutor.execute(DriverCommandExecutor.java:174)
at org.openqa.selenium.remote.RemoteWebDriver.execute(RemoteWebDriver.java:545)
at org.openqa.selenium.remote.ElementLocation$ElementFinder$2.findElement(ElementLocation.java:165)
at org.openqa.selenium.remote.ElementLocation.findElement(ElementLocation.java:59)
at org.openqa.selenium.remote.RemoteWebDriver.findElement(RemoteWebDriver.java:368)
at org.openqa.selenium.remote.RemoteWebDriver.findElement(RemoteWebDriver.java:362)
at PageObjects.IntroductionPage.getTextForElement(IntroductionPage.java:106)
at StepDefinitions.ArrayStepDefintions.the_user_should_be_presented_with_the_run_result(ArrayStepDefintions.java:159)
at ✽.the user should be presented with the Run result from sheet "pythonCode" and row 6(file:///C:/Projects/newFolder-3/Repo1/src/test/resources/Features/ArrayDetailsPage.feature:202)
]]>
    </error>
  </testcase> <!-- runScenario -->
  <testcase classname="TestRunners.TestRunner" name="runScenario" time="34.739"/>
  <testcase classname="TestRunners.TestRunner" name="runScenario" time="3.912"/>
  <testcase classname="TestRunners.TestRunner" name="runScenario" time="35.501"/>
  <testcase classname="TestRunners.TestRunner" name="runScenario" time="8.455"/>
  <testcase classname="TestRunners.TestRunner" name="runScenario" time="9.357"/>
  <testcase classname="TestRunners.TestRunner" name="runScenario" time="4.157"/>
  <testcase classname="TestRunners.TestRunner" name="runScenario" time="9.813"/>
  <testcase classname="TestRunners.TestRunner" name="runScenario" time="4.806"/>
  <testcase classname="TestRunners.TestRunner" name="runScenario" time="7.766"/>
  <testcase classname="TestRunners.TestRunner" name="runScenario" time="5.881"/>
  <testcase classname="TestRunners.TestRunner" name="runScenario" time="41.639"/>
  <testcase classname="TestRunners.TestRunner" name="runScenario" time="7.918"/>
  <testcase classname="TestRunners.TestRunner" name="runScenario" time="12.718"/>
  <testcase classname="TestRunners.TestRunner" name="runScenario" time="40.228"/>
  <testcase classname="TestRunners.TestRunner" name="runScenario" time="3.612"/>
  <testcase classname="TestRunners.TestRunner" name="runScenario" time="8.319"/>
  <testcase classname="TestRunners.TestRunner" name="runScenario" time="7.730"/>
  <testcase classname="TestRunners.TestRunner" name="runScenario" time="8.820"/>
  <testcase classname="TestRunners.TestRunner" name="runScenario" time="3.599"/>
  <testcase classname="TestRunners.TestRunner" name="runScenario" time="10.204"/>
  <testcase classname="TestRunners.TestRunner" name="runScenario" time="4.051"/>
  <testcase classname="TestRunners.TestRunner" name="runScenario" time="13.762"/>
  <testcase classname="TestRunners.TestRunner" name="runScenario" time="9.984"/>
  <testcase classname="TestRunners.TestRunner" name="runScenario" time="6.452"/>
  <testcase classname="TestRunners.TestRunner" name="runScenario" time="9.487"/>
  <testcase classname="TestRunners.TestRunner" name="runScenario" time="36.123"/>
  <testcase classname="TestRunners.TestRunner" name="runScenario" time="10.892"/>
  <testcase classname="TestRunners.TestRunner" name="runScenario" time="9.914"/>
  <testcase classname="TestRunners.TestRunner" name="runScenario" time="7.486"/>
  <testcase classname="TestRunners.TestRunner" name="runScenario" time="12.551"/>
  <testcase classname="TestRunners.TestRunner" name="runScenario" time="9.716"/>
  <testcase classname="TestRunners.TestRunner" name="runScenario" time="9.701"/>
  <testcase classname="TestRunners.TestRunner" name="runScenario" time="7.819"/>
  <testcase classname="TestRunners.TestRunner" name="runScenario" time="8.790"/>
  <testcase classname="TestRunners.TestRunner" name="runScenario" time="4.509"/>
  <testcase classname="TestRunners.TestRunner" name="runScenario" time="7.628"/>
  <testcase classname="TestRunners.TestRunner" name="runScenario" time="4.970"/>
  <testcase classname="TestRunners.TestRunner" name="runScenario" time="9.792"/>
  <testcase classname="TestRunners.TestRunner" name="runScenario" time="3.744"/>
  <testcase classname="TestRunners.TestRunner" name="runScenario" time="8.875"/>
  <testcase classname="TestRunners.TestRunner" name="runScenario" time="5.418"/>
  <testcase classname="TestRunners.TestRunner" name="runScenario" time="9.690">
    <error message="Build info: version: &#039;4.26.0&#039;, revision: &#039;8ccf0219d7&#039;
System info: os.name: &#039;Windows 11&#039;, os.arch: &#039;amd64&#039;, os.version: &#039;10.0&#039;, java.version: &#039;21.0.5&#039;
Driver info: org.openqa.selenium.firefox.FirefoxDriver
Command: [d6b48694-cead-4535-8c28-6d050453f982, getAlertText {}]
Capabilities {acceptInsecureCerts: true, browserName: firefox, browserVersion: 133.0.3, moz:accessibilityChecks: false, moz:buildID: 20241209150345, moz:debuggerAddress: 127.0.0.1:40791, moz:geckodriverVersion: 0.35.0, moz:headless: false, moz:platformVersion: 10.0, moz:processID: 35260, moz:profile: C:\Users\vamsh\AppData\Loca..., moz:shutdownTimeout: 60000, moz:webdriverClick: true, moz:windowless: false, pageLoadStrategy: normal, platformName: windows, proxy: Proxy(), se:cdp: ws://127.0.0.1:40791/devtoo..., se:cdpVersion: 85.0, setWindowRect: true, strictFileInteractability: false, timeouts: {implicit: 0, pageLoad: 300000, script: 30000}, unhandledPromptBehavior: dismiss and notify, userAgent: Mozilla/5.0 (Windows NT 10....}
Session ID: d6b48694-cead-4535-8c28-6d050453f982" type="org.openqa.selenium.NoAlertPresentException">
      <![CDATA[org.openqa.selenium.NoAlertPresentException: Build info: version: '4.26.0', revision: '8ccf0219d7'
System info: os.name: 'Windows 11', os.arch: 'amd64', os.version: '10.0', java.version: '21.0.5'
Driver info: org.openqa.selenium.firefox.FirefoxDriver
Command: [d6b48694-cead-4535-8c28-6d050453f982, getAlertText {}]
Capabilities {acceptInsecureCerts: true, browserName: firefox, browserVersion: 133.0.3, moz:accessibilityChecks: false, moz:buildID: 20241209150345, moz:debuggerAddress: 127.0.0.1:40791, moz:geckodriverVersion: 0.35.0, moz:headless: false, moz:platformVersion: 10.0, moz:processID: 35260, moz:profile: C:\Users\vamsh\AppData\Loca..., moz:shutdownTimeout: 60000, moz:webdriverClick: true, moz:windowless: false, pageLoadStrategy: normal, platformName: windows, proxy: Proxy(), se:cdp: ws://127.0.0.1:40791/devtoo..., se:cdpVersion: 85.0, setWindowRect: true, strictFileInteractability: false, timeouts: {implicit: 0, pageLoad: 300000, script: 30000}, unhandledPromptBehavior: dismiss and notify, userAgent: Mozilla/5.0 (Windows NT 10....}
Session ID: d6b48694-cead-4535-8c28-6d050453f982
at java.base/jdk.internal.reflect.DirectConstructorHandleAccessor.newInstance(DirectConstructorHandleAccessor.java:62)
at java.base/java.lang.reflect.Constructor.newInstanceWithCaller(Constructor.java:502)
at java.base/java.lang.reflect.Constructor.newInstance(Constructor.java:486)
at org.openqa.selenium.remote.ErrorCodec.decode(ErrorCodec.java:167)
at org.openqa.selenium.remote.codec.w3c.W3CHttpResponseCodec.decode(W3CHttpResponseCodec.java:138)
at org.openqa.selenium.remote.codec.w3c.W3CHttpResponseCodec.decode(W3CHttpResponseCodec.java:50)
at org.openqa.selenium.remote.HttpCommandExecutor.execute(HttpCommandExecutor.java:190)
at org.openqa.selenium.remote.service.DriverCommandExecutor.invokeExecute(DriverCommandExecutor.java:216)
at org.openqa.selenium.remote.service.DriverCommandExecutor.execute(DriverCommandExecutor.java:174)
at org.openqa.selenium.remote.RemoteWebDriver.execute(RemoteWebDriver.java:545)
at org.openqa.selenium.remote.RemoteWebDriver.execute(RemoteWebDriver.java:618)
at org.openqa.selenium.remote.RemoteWebDriver.execute(RemoteWebDriver.java:622)
at org.openqa.selenium.remote.RemoteWebDriver$RemoteTargetLocator.alert(RemoteWebDriver.java:1190)
at PageObjects.IntroductionPage.getAlertText(IntroductionPage.java:134)
at StepDefinitions.Tree.the_user_see_error_msg_in_alert_window(Tree.java:113)
at ✽.The user see error msg in alert window(file:///C:/Projects/newFolder-3/Repo1/src/test/resources/Features/Tree.feature:217)
]]>
    </error>
  </testcase> <!-- runScenario -->
  <testcase classname="TestRunners.TestRunner" name="runScenario" time="8.685"/>
  <testcase classname="TestRunners.TestRunner" name="runScenario" time="11.888"/>
  <testcase classname="TestRunners.TestRunner" name="runScenario" time="8.721"/>
  <testcase classname="TestRunners.TestRunner" name="runScenario" time="8.358"/>
  <testcase classname="TestRunners.TestRunner" name="runScenario" time="8.581"/>
  <testcase classname="TestRunners.TestRunner" name="runScenario" time="7.137"/>
  <testcase classname="TestRunners.TestRunner" name="runScenario" time="9.403"/>
  <testcase classname="TestRunners.TestRunner" name="runScenario" time="10.417"/>
  <testcase classname="TestRunners.TestRunner" name="runScenario" time="8.518"/>
  <testcase classname="TestRunners.TestRunner" name="runScenario" time="12.339"/>
  <testcase classname="TestRunners.TestRunner" name="runScenario" time="9.994"/>
  <testcase classname="TestRunners.TestRunner" name="runScenario" time="10.469"/>
  <testcase classname="TestRunners.TestRunner" name="runScenario" time="35.109"/>
  <testcase classname="TestRunners.TestRunner" name="runScenario" time="6.077"/>
  <testcase classname="TestRunners.TestRunner" name="runScenario" time="15.260">
    <error message="Unexpected alert dialog detected. Performed handler &quot;dismiss&quot;. Dialog text: SyntaxError: bad input on line 2: 
Build info: version: &#039;4.26.0&#039;, revision: &#039;8ccf0219d7&#039;
System info: os.name: &#039;Windows 11&#039;, os.arch: &#039;amd64&#039;, os.version: &#039;10.0&#039;, java.version: &#039;21.0.5&#039;
Driver info: org.openqa.selenium.firefox.FirefoxDriver
Command: [baf81d13-afff-424d-9fe7-e48daca4ccc4, findElement {using=css selector, value=#output}]
Capabilities {acceptInsecureCerts: true, browserName: firefox, browserVersion: 133.0.3, moz:accessibilityChecks: false, moz:buildID: 20241209150345, moz:debuggerAddress: 127.0.0.1:28687, moz:geckodriverVersion: 0.35.0, moz:headless: false, moz:platformVersion: 10.0, moz:processID: 17456, moz:profile: C:\Users\vamsh\AppData\Loca..., moz:shutdownTimeout: 60000, moz:webdriverClick: true, moz:windowless: false, pageLoadStrategy: normal, platformName: windows, proxy: Proxy(), se:cdp: ws://127.0.0.1:28687/devtoo..., se:cdpVersion: 85.0, setWindowRect: true, strictFileInteractability: false, timeouts: {implicit: 0, pageLoad: 300000, script: 30000}, unhandledPromptBehavior: dismiss and notify, userAgent: Mozilla/5.0 (Windows NT 10....}
Session ID: baf81d13-afff-424d-9fe7-e48daca4ccc4" type="org.openqa.selenium.UnhandledAlertException">
      <![CDATA[org.openqa.selenium.UnhandledAlertException: Unexpected alert dialog detected. Performed handler "dismiss". Dialog text: SyntaxError: bad input on line 2: 
Build info: version: '4.26.0', revision: '8ccf0219d7'
System info: os.name: 'Windows 11', os.arch: 'amd64', os.version: '10.0', java.version: '21.0.5'
Driver info: org.openqa.selenium.firefox.FirefoxDriver
Command: [baf81d13-afff-424d-9fe7-e48daca4ccc4, findElement {using=css selector, value=#output}]
Capabilities {acceptInsecureCerts: true, browserName: firefox, browserVersion: 133.0.3, moz:accessibilityChecks: false, moz:buildID: 20241209150345, moz:debuggerAddress: 127.0.0.1:28687, moz:geckodriverVersion: 0.35.0, moz:headless: false, moz:platformVersion: 10.0, moz:processID: 17456, moz:profile: C:\Users\vamsh\AppData\Loca..., moz:shutdownTimeout: 60000, moz:webdriverClick: true, moz:windowless: false, pageLoadStrategy: normal, platformName: windows, proxy: Proxy(), se:cdp: ws://127.0.0.1:28687/devtoo..., se:cdpVersion: 85.0, setWindowRect: true, strictFileInteractability: false, timeouts: {implicit: 0, pageLoad: 300000, script: 30000}, unhandledPromptBehavior: dismiss and notify, userAgent: Mozilla/5.0 (Windows NT 10....}
Session ID: baf81d13-afff-424d-9fe7-e48daca4ccc4
at org.openqa.selenium.remote.codec.w3c.W3CHttpResponseCodec.decode(W3CHttpResponseCodec.java:136)
at org.openqa.selenium.remote.codec.w3c.W3CHttpResponseCodec.decode(W3CHttpResponseCodec.java:50)
at org.openqa.selenium.remote.HttpCommandExecutor.execute(HttpCommandExecutor.java:190)
at org.openqa.selenium.remote.service.DriverCommandExecutor.invokeExecute(DriverCommandExecutor.java:216)
at org.openqa.selenium.remote.service.DriverCommandExecutor.execute(DriverCommandExecutor.java:174)
at org.openqa.selenium.remote.RemoteWebDriver.execute(RemoteWebDriver.java:545)
at org.openqa.selenium.remote.ElementLocation$ElementFinder$2.findElement(ElementLocation.java:165)
at org.openqa.selenium.remote.ElementLocation.findElement(ElementLocation.java:59)
at org.openqa.selenium.remote.RemoteWebDriver.findElement(RemoteWebDriver.java:368)
at org.openqa.selenium.remote.RemoteWebDriver.findElement(RemoteWebDriver.java:362)
at PageObjects.IntroductionPage.getTextForElement(IntroductionPage.java:106)
at StepDefinitions.ArrayStepDefintions.the_user_should_be_presented_with_the_run_result(ArrayStepDefintions.java:159)
at ✽.the user should be presented with the Run result from sheet "pythonCode" and row 2(file:///C:/Projects/newFolder-3/Repo1/src/test/resources/Features/ArrayDetailsPage.feature:156)
]]>
    </error>
  </testcase> <!-- runScenario -->
  <testcase classname="TestRunners.TestRunner" name="runScenario" time="11.681"/>
  <testcase classname="TestRunners.TestRunner" name="runScenario" time="10.502"/>
  <testcase classname="TestRunners.TestRunner" name="runScenario" time="9.187">
    <failure message="expected [NumpyNinja] but found [Registration]" type="java.lang.AssertionError">
      <![CDATA[java.lang.AssertionError: expected [NumpyNinja] but found [Registration]
at org.testng.Assert.fail(Assert.java:111)
at org.testng.Assert.failNotEquals(Assert.java:1578)
at org.testng.Assert.assertEqualsImpl(Assert.java:150)
at org.testng.Assert.assertEquals(Assert.java:132)
at org.testng.Assert.assertEquals(Assert.java:656)
at org.testng.Assert.assertEquals(Assert.java:666)
at StepDefinitions.Registration.the_user_is_displayed_with_error_msg_after_entering_invalid_data_and_redirects_to_empty_username_textbox(Registration.java:94)
at ✽.The user is displayed with error msg after entering invalid data and redirects to empty username textbox(file:///C:/Projects/newFolder-3/Repo1/src/test/resources/Features/Registration.feature:32)
]]>
    </failure>
  </testcase> <!-- runScenario -->
  <testcase classname="TestRunners.TestRunner" name="runScenario" time="4.481"/>
  <testcase classname="TestRunners.TestRunner" name="runScenario" time="6.264"/>
  <testcase classname="TestRunners.TestRunner" name="runScenario" time="11.233"/>
  <testcase classname="TestRunners.TestRunner" name="runScenario" time="35.143"/>
  <testcase classname="TestRunners.TestRunner" name="runScenario" time="9.623"/>
  <testcase classname="TestRunners.TestRunner" name="runScenario" time="12.801"/>
  <testcase classname="TestRunners.TestRunner" name="runScenario" time="11.918"/>
  <testcase classname="TestRunners.TestRunner" name="runScenario" time="40.594"/>
  <testcase classname="TestRunners.TestRunner" name="runScenario" time="6.534"/>
  <testcase classname="TestRunners.TestRunner" name="runScenario" time="12.159"/>
  <testcase classname="TestRunners.TestRunner" name="runScenario" time="12.075">
    <failure message="expected [hello] but found []" type="java.lang.AssertionError">
      <![CDATA[java.lang.AssertionError: expected [hello] but found []
at org.testng.Assert.fail(Assert.java:111)
at org.testng.Assert.failNotEquals(Assert.java:1578)
at org.testng.Assert.assertEqualsImpl(Assert.java:150)
at org.testng.Assert.assertEquals(Assert.java:132)
at org.testng.Assert.assertEquals(Assert.java:656)
at org.testng.Assert.assertEquals(Assert.java:666)
at StepDefinitions.DSIntroductionDetails.the_user_should_able_to_see_output_in_the_console(DSIntroductionDetails.java:223)
at ✽.The user should able to see output in the console(file:///C:/Projects/newFolder-3/Repo1/src/test/resources/Features/StackPage.feature:59)
]]>
    </failure>
  </testcase> <!-- runScenario -->
  <testcase classname="TestRunners.TestRunner" name="runScenario" time="15.709">
    <error message="Unexpected alert dialog detected. Performed handler &quot;dismiss&quot;. Dialog text: SyntaxError: bad input on line 2: 
Build info: version: &#039;4.26.0&#039;, revision: &#039;8ccf0219d7&#039;
System info: os.name: &#039;Windows 11&#039;, os.arch: &#039;amd64&#039;, os.version: &#039;10.0&#039;, java.version: &#039;21.0.5&#039;
Driver info: org.openqa.selenium.firefox.FirefoxDriver
Command: [8eafd762-934b-4ebc-96a2-8b0b7ab1fa80, findElement {using=css selector, value=#output}]
Capabilities {acceptInsecureCerts: true, browserName: firefox, browserVersion: 133.0.3, moz:accessibilityChecks: false, moz:buildID: 20241209150345, moz:debuggerAddress: 127.0.0.1:12818, moz:geckodriverVersion: 0.35.0, moz:headless: false, moz:platformVersion: 10.0, moz:processID: 5268, moz:profile: C:\Users\vamsh\AppData\Loca..., moz:shutdownTimeout: 60000, moz:webdriverClick: true, moz:windowless: false, pageLoadStrategy: normal, platformName: windows, proxy: Proxy(), se:cdp: ws://127.0.0.1:12818/devtoo..., se:cdpVersion: 85.0, setWindowRect: true, strictFileInteractability: false, timeouts: {implicit: 0, pageLoad: 300000, script: 30000}, unhandledPromptBehavior: dismiss and notify, userAgent: Mozilla/5.0 (Windows NT 10....}
Session ID: 8eafd762-934b-4ebc-96a2-8b0b7ab1fa80" type="org.openqa.selenium.UnhandledAlertException">
      <![CDATA[org.openqa.selenium.UnhandledAlertException: Unexpected alert dialog detected. Performed handler "dismiss". Dialog text: SyntaxError: bad input on line 2: 
Build info: version: '4.26.0', revision: '8ccf0219d7'
System info: os.name: 'Windows 11', os.arch: 'amd64', os.version: '10.0', java.version: '21.0.5'
Driver info: org.openqa.selenium.firefox.FirefoxDriver
Command: [8eafd762-934b-4ebc-96a2-8b0b7ab1fa80, findElement {using=css selector, value=#output}]
Capabilities {acceptInsecureCerts: true, browserName: firefox, browserVersion: 133.0.3, moz:accessibilityChecks: false, moz:buildID: 20241209150345, moz:debuggerAddress: 127.0.0.1:12818, moz:geckodriverVersion: 0.35.0, moz:headless: false, moz:platformVersion: 10.0, moz:processID: 5268, moz:profile: C:\Users\vamsh\AppData\Loca..., moz:shutdownTimeout: 60000, moz:webdriverClick: true, moz:windowless: false, pageLoadStrategy: normal, platformName: windows, proxy: Proxy(), se:cdp: ws://127.0.0.1:12818/devtoo..., se:cdpVersion: 85.0, setWindowRect: true, strictFileInteractability: false, timeouts: {implicit: 0, pageLoad: 300000, script: 30000}, unhandledPromptBehavior: dismiss and notify, userAgent: Mozilla/5.0 (Windows NT 10....}
Session ID: 8eafd762-934b-4ebc-96a2-8b0b7ab1fa80
at org.openqa.selenium.remote.codec.w3c.W3CHttpResponseCodec.decode(W3CHttpResponseCodec.java:136)
at org.openqa.selenium.remote.codec.w3c.W3CHttpResponseCodec.decode(W3CHttpResponseCodec.java:50)
at org.openqa.selenium.remote.HttpCommandExecutor.execute(HttpCommandExecutor.java:190)
at org.openqa.selenium.remote.service.DriverCommandExecutor.invokeExecute(DriverCommandExecutor.java:216)
at org.openqa.selenium.remote.service.DriverCommandExecutor.execute(DriverCommandExecutor.java:174)
at org.openqa.selenium.remote.RemoteWebDriver.execute(RemoteWebDriver.java:545)
at org.openqa.selenium.remote.ElementLocation$ElementFinder$2.findElement(ElementLocation.java:165)
at org.openqa.selenium.remote.ElementLocation.findElement(ElementLocation.java:59)
at org.openqa.selenium.remote.RemoteWebDriver.findElement(RemoteWebDriver.java:368)
at org.openqa.selenium.remote.RemoteWebDriver.findElement(RemoteWebDriver.java:362)
at PageObjects.IntroductionPage.getTextForElement(IntroductionPage.java:106)
at StepDefinitions.ArrayStepDefintions.the_user_should_be_presented_with_the_run_result(ArrayStepDefintions.java:159)
at ✽.the user should be presented with the Run result from sheet "pythonCode" and row 0(file:///C:/Projects/newFolder-3/Repo1/src/test/resources/Features/ArrayDetailsPage.feature:133)
]]>
    </error>
  </testcase> <!-- runScenario -->
  <testcase classname="TestRunners.TestRunner" name="runScenario" time="9.221"/>
  <testcase classname="TestRunners.TestRunner" name="runScenario" time="8.577"/>
  <testcase classname="TestRunners.TestRunner" name="runScenario" time="40.641"/>
  <testcase classname="TestRunners.TestRunner" name="runScenario" time="9.617"/>
  <testcase classname="TestRunners.TestRunner" name="runScenario" time="9.958"/>
  <testcase classname="TestRunners.TestRunner" name="runScenario" time="10.575"/>
  <testcase classname="TestRunners.TestRunner" name="runScenario" time="12.520">
    <error message="Build info: version: &#039;4.26.0&#039;, revision: &#039;8ccf0219d7&#039;
System info: os.name: &#039;Windows 11&#039;, os.arch: &#039;amd64&#039;, os.version: &#039;10.0&#039;, java.version: &#039;21.0.5&#039;
Driver info: org.openqa.selenium.firefox.FirefoxDriver
Command: [4e99c12a-9adc-47b4-96bc-cf637175c876, getAlertText {}]
Capabilities {acceptInsecureCerts: true, browserName: firefox, browserVersion: 133.0.3, moz:accessibilityChecks: false, moz:buildID: 20241209150345, moz:debuggerAddress: 127.0.0.1:6934, moz:geckodriverVersion: 0.35.0, moz:headless: false, moz:platformVersion: 10.0, moz:processID: 27560, moz:profile: C:\Users\vamsh\AppData\Loca..., moz:shutdownTimeout: 60000, moz:webdriverClick: true, moz:windowless: false, pageLoadStrategy: normal, platformName: windows, proxy: Proxy(), se:cdp: ws://127.0.0.1:6934/devtool..., se:cdpVersion: 85.0, setWindowRect: true, strictFileInteractability: false, timeouts: {implicit: 0, pageLoad: 300000, script: 30000}, unhandledPromptBehavior: dismiss and notify, userAgent: Mozilla/5.0 (Windows NT 10....}
Session ID: 4e99c12a-9adc-47b4-96bc-cf637175c876" type="org.openqa.selenium.NoAlertPresentException">
      <![CDATA[org.openqa.selenium.NoAlertPresentException: Build info: version: '4.26.0', revision: '8ccf0219d7'
System info: os.name: 'Windows 11', os.arch: 'amd64', os.version: '10.0', java.version: '21.0.5'
Driver info: org.openqa.selenium.firefox.FirefoxDriver
Command: [4e99c12a-9adc-47b4-96bc-cf637175c876, getAlertText {}]
Capabilities {acceptInsecureCerts: true, browserName: firefox, browserVersion: 133.0.3, moz:accessibilityChecks: false, moz:buildID: 20241209150345, moz:debuggerAddress: 127.0.0.1:6934, moz:geckodriverVersion: 0.35.0, moz:headless: false, moz:platformVersion: 10.0, moz:processID: 27560, moz:profile: C:\Users\vamsh\AppData\Loca..., moz:shutdownTimeout: 60000, moz:webdriverClick: true, moz:windowless: false, pageLoadStrategy: normal, platformName: windows, proxy: Proxy(), se:cdp: ws://127.0.0.1:6934/devtool..., se:cdpVersion: 85.0, setWindowRect: true, strictFileInteractability: false, timeouts: {implicit: 0, pageLoad: 300000, script: 30000}, unhandledPromptBehavior: dismiss and notify, userAgent: Mozilla/5.0 (Windows NT 10....}
Session ID: 4e99c12a-9adc-47b4-96bc-cf637175c876
at java.base/jdk.internal.reflect.DirectConstructorHandleAccessor.newInstance(DirectConstructorHandleAccessor.java:62)
at java.base/java.lang.reflect.Constructor.newInstanceWithCaller(Constructor.java:502)
at java.base/java.lang.reflect.Constructor.newInstance(Constructor.java:486)
at org.openqa.selenium.remote.ErrorCodec.decode(ErrorCodec.java:167)
at org.openqa.selenium.remote.codec.w3c.W3CHttpResponseCodec.decode(W3CHttpResponseCodec.java:138)
at org.openqa.selenium.remote.codec.w3c.W3CHttpResponseCodec.decode(W3CHttpResponseCodec.java:50)
at org.openqa.selenium.remote.HttpCommandExecutor.execute(HttpCommandExecutor.java:190)
at org.openqa.selenium.remote.service.DriverCommandExecutor.invokeExecute(DriverCommandExecutor.java:216)
at org.openqa.selenium.remote.service.DriverCommandExecutor.execute(DriverCommandExecutor.java:174)
at org.openqa.selenium.remote.RemoteWebDriver.execute(RemoteWebDriver.java:545)
at org.openqa.selenium.remote.RemoteWebDriver.execute(RemoteWebDriver.java:618)
at org.openqa.selenium.remote.RemoteWebDriver.execute(RemoteWebDriver.java:622)
at org.openqa.selenium.remote.RemoteWebDriver$RemoteTargetLocator.alert(RemoteWebDriver.java:1190)
at PageObjects.IntroductionPage.getAlertText(IntroductionPage.java:134)
at StepDefinitions.DSIntroductionDetails.the_user_should_able_to_see_an_error_message_in_alert_window(DSIntroductionDetails.java:203)
at ✽.The user should able to see an error message in alert window(file:///C:/Projects/newFolder-3/Repo1/src/test/resources/Features/QueueDetails.feature:28)
]]>
    </error>
  </testcase> <!-- runScenario -->
  <testcase classname="TestRunners.TestRunner" name="runScenario" time="12.186"/>
  <testcase classname="TestRunners.TestRunner" name="runScenario" time="8.891"/>
  <testcase classname="TestRunners.TestRunner" name="runScenario" time="9.359"/>
  <testcase classname="TestRunners.TestRunner" name="runScenario" time="5.189"/>
  <testcase classname="TestRunners.TestRunner" name="runScenario" time="8.588"/>
  <testcase classname="TestRunners.TestRunner" name="runScenario" time="12.028"/>
  <testcase classname="TestRunners.TestRunner" name="runScenario" time="9.899"/>
  <testcase classname="TestRunners.TestRunner" name="runScenario" time="7.700"/>
  <testcase classname="TestRunners.TestRunner" name="runScenario" time="6.935"/>
  <testcase classname="TestRunners.TestRunner" name="runScenario" time="5.952"/>
  <testcase classname="TestRunners.TestRunner" name="runScenario" time="11.577"/>
  <testcase classname="TestRunners.TestRunner" name="runScenario" time="3.560"/>
  <testcase classname="TestRunners.TestRunner" name="runScenario" time="11.173"/>
  <testcase classname="TestRunners.TestRunner" name="runScenario" time="6.745"/>
  <testcase classname="TestRunners.TestRunner" name="runScenario" time="6.735"/>
  <testcase classname="TestRunners.TestRunner" name="runScenario" time="4.335"/>
  <testcase classname="TestRunners.TestRunner" name="runScenario" time="11.949"/>
  <testcase classname="TestRunners.TestRunner" name="runScenario" time="8.120">
    <failure message="expected [NumpyNinja] but found [Registration]" type="java.lang.AssertionError">
      <![CDATA[java.lang.AssertionError: expected [NumpyNinja] but found [Registration]
at org.testng.Assert.fail(Assert.java:111)
at org.testng.Assert.failNotEquals(Assert.java:1578)
at org.testng.Assert.assertEqualsImpl(Assert.java:150)
at org.testng.Assert.assertEquals(Assert.java:132)
at org.testng.Assert.assertEquals(Assert.java:656)
at org.testng.Assert.assertEquals(Assert.java:666)
at StepDefinitions.Registration.the_user_is_displayed_with_error_msg_after_entering_invalid_data_and_redirects_to_empty_username_textbox(Registration.java:94)
at ✽.The user is displayed with error msg after entering invalid data and redirects to empty username textbox(file:///C:/Projects/newFolder-3/Repo1/src/test/resources/Features/Registration.feature:32)
]]>
    </failure>
  </testcase> <!-- runScenario -->
  <testcase classname="TestRunners.TestRunner" name="runScenario" time="9.514"/>
  <testcase classname="TestRunners.TestRunner" name="runScenario" time="12.903"/>
  <testcase classname="TestRunners.TestRunner" name="runScenario" time="9.144"/>
  <testcase classname="TestRunners.TestRunner" name="runScenario" time="6.033"/>
  <testcase classname="TestRunners.TestRunner" name="runScenario" time="10.061">
    <error message="Build info: version: &#039;4.26.0&#039;, revision: &#039;8ccf0219d7&#039;
System info: os.name: &#039;Windows 11&#039;, os.arch: &#039;amd64&#039;, os.version: &#039;10.0&#039;, java.version: &#039;21.0.5&#039;
Driver info: org.openqa.selenium.firefox.FirefoxDriver
Command: [e76dd806-384f-4acd-a835-f7e45441b525, getAlertText {}]
Capabilities {acceptInsecureCerts: true, browserName: firefox, browserVersion: 133.0.3, moz:accessibilityChecks: false, moz:buildID: 20241209150345, moz:debuggerAddress: 127.0.0.1:27487, moz:geckodriverVersion: 0.35.0, moz:headless: false, moz:platformVersion: 10.0, moz:processID: 40512, moz:profile: C:\Users\vamsh\AppData\Loca..., moz:shutdownTimeout: 60000, moz:webdriverClick: true, moz:windowless: false, pageLoadStrategy: normal, platformName: windows, proxy: Proxy(), se:cdp: ws://127.0.0.1:27487/devtoo..., se:cdpVersion: 85.0, setWindowRect: true, strictFileInteractability: false, timeouts: {implicit: 0, pageLoad: 300000, script: 30000}, unhandledPromptBehavior: dismiss and notify, userAgent: Mozilla/5.0 (Windows NT 10....}
Session ID: e76dd806-384f-4acd-a835-f7e45441b525" type="org.openqa.selenium.NoAlertPresentException">
      <![CDATA[org.openqa.selenium.NoAlertPresentException: Build info: version: '4.26.0', revision: '8ccf0219d7'
System info: os.name: 'Windows 11', os.arch: 'amd64', os.version: '10.0', java.version: '21.0.5'
Driver info: org.openqa.selenium.firefox.FirefoxDriver
Command: [e76dd806-384f-4acd-a835-f7e45441b525, getAlertText {}]
Capabilities {acceptInsecureCerts: true, browserName: firefox, browserVersion: 133.0.3, moz:accessibilityChecks: false, moz:buildID: 20241209150345, moz:debuggerAddress: 127.0.0.1:27487, moz:geckodriverVersion: 0.35.0, moz:headless: false, moz:platformVersion: 10.0, moz:processID: 40512, moz:profile: C:\Users\vamsh\AppData\Loca..., moz:shutdownTimeout: 60000, moz:webdriverClick: true, moz:windowless: false, pageLoadStrategy: normal, platformName: windows, proxy: Proxy(), se:cdp: ws://127.0.0.1:27487/devtoo..., se:cdpVersion: 85.0, setWindowRect: true, strictFileInteractability: false, timeouts: {implicit: 0, pageLoad: 300000, script: 30000}, unhandledPromptBehavior: dismiss and notify, userAgent: Mozilla/5.0 (Windows NT 10....}
Session ID: e76dd806-384f-4acd-a835-f7e45441b525
at java.base/jdk.internal.reflect.DirectConstructorHandleAccessor.newInstance(DirectConstructorHandleAccessor.java:62)
at java.base/java.lang.reflect.Constructor.newInstanceWithCaller(Constructor.java:502)
at java.base/java.lang.reflect.Constructor.newInstance(Constructor.java:486)
at org.openqa.selenium.remote.ErrorCodec.decode(ErrorCodec.java:167)
at org.openqa.selenium.remote.codec.w3c.W3CHttpResponseCodec.decode(W3CHttpResponseCodec.java:138)
at org.openqa.selenium.remote.codec.w3c.W3CHttpResponseCodec.decode(W3CHttpResponseCodec.java:50)
at org.openqa.selenium.remote.HttpCommandExecutor.execute(HttpCommandExecutor.java:190)
at org.openqa.selenium.remote.service.DriverCommandExecutor.invokeExecute(DriverCommandExecutor.java:216)
at org.openqa.selenium.remote.service.DriverCommandExecutor.execute(DriverCommandExecutor.java:174)
at org.openqa.selenium.remote.RemoteWebDriver.execute(RemoteWebDriver.java:545)
at org.openqa.selenium.remote.RemoteWebDriver.execute(RemoteWebDriver.java:618)
at org.openqa.selenium.remote.RemoteWebDriver.execute(RemoteWebDriver.java:622)
at org.openqa.selenium.remote.RemoteWebDriver$RemoteTargetLocator.alert(RemoteWebDriver.java:1190)
at PageObjects.IntroductionPage.getAlertText(IntroductionPage.java:134)
at StepDefinitions.Tree.the_user_see_error_msg_in_alert_window(Tree.java:113)
at ✽.The user see error msg in alert window(file:///C:/Projects/newFolder-3/Repo1/src/test/resources/Features/Tree.feature:93)
]]>
    </error>
  </testcase> <!-- runScenario -->
  <testcase classname="TestRunners.TestRunner" name="runScenario" time="13.395"/>
[...]
  <testcase classname="TestRunners.TestRunner" name="runScenario" time="10.109"/>
  <testcase classname="TestRunners.TestRunner" name="runScenario" time="10.742">
    <error message="Build info: version: &#039;4.26.0&#039;, revision: &#039;8ccf0219d7&#039;
System info: os.name: &#039;Windows 11&#039;, os.arch: &#039;amd64&#039;, os.version: &#039;10.0&#039;, java.version: &#039;21.0.5&#039;
Driver info: org.openqa.selenium.firefox.FirefoxDriver
Command: [8a5f77b9-e19c-44a1-8c42-aa4e967c58c4, getAlertText {}]
Capabilities {acceptInsecureCerts: true, browserName: firefox, browserVersion: 133.0.3, moz:accessibilityChecks: false, moz:buildID: 20241209150345, moz:debuggerAddress: 127.0.0.1:29096, moz:geckodriverVersion: 0.35.0, moz:headless: false, moz:platformVersion: 10.0, moz:processID: 44272, moz:profile: C:\Users\vamsh\AppData\Loca..., moz:shutdownTimeout: 60000, moz:webdriverClick: true, moz:windowless: false, pageLoadStrategy: normal, platformName: windows, proxy: Proxy(), se:cdp: ws://127.0.0.1:29096/devtoo..., se:cdpVersion: 85.0, setWindowRect: true, strictFileInteractability: false, timeouts: {implicit: 0, pageLoad: 300000, script: 30000}, unhandledPromptBehavior: dismiss and notify, userAgent: Mozilla/5.0 (Windows NT 10....}
Session ID: 8a5f77b9-e19c-44a1-8c42-aa4e967c58c4" type="org.openqa.selenium.NoAlertPresentException">
      <![CDATA[org.openqa.selenium.NoAlertPresentException: Build info: version: '4.26.0', revision: '8ccf0219d7'
System info: os.name: 'Windows 11', os.arch: 'amd64', os.version: '10.0', java.version: '21.0.5'
Driver info: org.openqa.selenium.firefox.FirefoxDriver
Command: [8a5f77b9-e19c-44a1-8c42-aa4e967c58c4, getAlertText {}]
Capabilities {acceptInsecureCerts: true, browserName: firefox, browserVersion: 133.0.3, moz:accessibilityChecks: false, moz:buildID: 20241209150345, moz:debuggerAddress: 127.0.0.1:29096, moz:geckodriverVersion: 0.35.0, moz:headless: false, moz:platformVersion: 10.0, moz:processID: 44272, moz:profile: C:\Users\vamsh\AppData\Loca..., moz:shutdownTimeout: 60000, moz:webdriverClick: true, moz:windowless: false, pageLoadStrategy: normal, platformName: windows, proxy: Proxy(), se:cdp: ws://127.0.0.1:29096/devtoo..., se:cdpVersion: 85.0, setWindowRect: true, strictFileInteractability: false, timeouts: {implicit: 0, pageLoad: 300000, script: 30000}, unhandledPromptBehavior: dismiss and notify, userAgent: Mozilla/5.0 (Windows NT 10....}
Session ID: 8a5f77b9-e19c-44a1-8c42-aa4e967c58c4
at java.base/jdk.internal.reflect.DirectConstructorHandleAccessor.newInstance(DirectConstructorHandleAccessor.java:62)
at java.base/java.lang.reflect.Constructor.newInstanceWithCaller(Constructor.java:502)
at java.base/java.lang.reflect.Constructor.newInstance(Constructor.java:486)
at org.openqa.selenium.remote.ErrorCodec.decode(ErrorCodec.java:167)
at org.openqa.selenium.remote.codec.w3c.W3CHttpResponseCodec.decode(W3CHttpResponseCodec.java:138)
at org.openqa.selenium.remote.codec.w3c.W3CHttpResponseCodec.decode(W3CHttpResponseCodec.java:50)
at org.openqa.selenium.remote.HttpCommandExecutor.execute(HttpCommandExecutor.java:190)
at org.openqa.selenium.remote.service.DriverCommandExecutor.invokeExecute(DriverCommandExecutor.java:216)
at org.openqa.selenium.remote.service.DriverCommandExecutor.execute(DriverCommandExecutor.java:174)
at org.openqa.selenium.remote.RemoteWebDriver.execute(RemoteWebDriver.java:545)
at org.openqa.selenium.remote.RemoteWebDriver.execute(RemoteWebDriver.java:618)
at org.openqa.selenium.remote.RemoteWebDriver.execute(RemoteWebDriver.java:622)
at org.openqa.selenium.remote.RemoteWebDriver$RemoteTargetLocator.alert(RemoteWebDriver.java:1190)
at PageObjects.IntroductionPage.getAlertText(IntroductionPage.java:134)
at StepDefinitions.Tree.the_user_see_error_msg_in_alert_window(Tree.java:113)
at ✽.The user see error msg in alert window(file:///C:/Projects/newFolder-3/Repo1/src/test/resources/Features/LinkedList.feature:61)
]]>
    </error>
  </testcase> <!-- runScenario -->
  <testcase classname="TestRunners.TestRunner" name="runScenario" time="9.091"/>
  <testcase classname="TestRunners.TestRunner" name="runScenario" time="4.408"/>
  <testcase classname="TestRunners.TestRunner" name="runScenario" time="40.448">
    <failure message="expected [hello] but found []" type="java.lang.AssertionError">
      <![CDATA[java.lang.AssertionError: expected [hello] but found []
at org.testng.Assert.fail(Assert.java:111)
at org.testng.Assert.failNotEquals(Assert.java:1578)
at org.testng.Assert.assertEqualsImpl(Assert.java:150)
at org.testng.Assert.assertEquals(Assert.java:132)
at org.testng.Assert.assertEquals(Assert.java:656)
at org.testng.Assert.assertEquals(Assert.java:666)
at StepDefinitions.Tree.the_user_is_able_to_see_the_output_inside_the_console(Tree.java:101)
at ✽.The user is able to see the output inside the console.(file:///C:/Projects/newFolder-3/Repo1/src/test/resources/Features/Tree.feature:304)
]]>
    </failure>
  </testcase> <!-- runScenario -->
  <testcase classname="TestRunners.TestRunner" name="runScenario" time="3.735"/>
  <testcase classname="TestRunners.TestRunner" name="runScenario" time="11.450"/>
  <testcase classname="TestRunners.TestRunner" name="runScenario" time="6.505"/>
  <testcase classname="TestRunners.TestRunner" name="runScenario" time="4.556"/>
  <testcase classname="TestRunners.TestRunner" name="runScenario" time="40.219"/>
  <testcase classname="TestRunners.TestRunner" name="runScenario" time="36.221"/>
  <testcase classname="TestRunners.TestRunner" name="runScenario" time="5.109"/>
  <testcase classname="TestRunners.TestRunner" name="runScenario" time="7.418"/>
  <testcase classname="TestRunners.TestRunner" name="runScenario" time="10.268">
    <error message="element not interactable
  (Session info: chrome=131.0.6778.140)
Build info: version: &#039;4.26.0&#039;, revision: &#039;8ccf0219d7&#039;
System info: os.name: &#039;Windows 11&#039;, os.arch: &#039;amd64&#039;, os.version: &#039;10.0&#039;, java.version: &#039;21.0.5&#039;
Driver info: org.openqa.selenium.chrome.ChromeDriver
Command: [91f3d01a5c694524ccb9dd007ac22d5f, sendKeysToElement {id=f.5E6C787A34CDD0EDE1706A9221F42270.d.78B07BBB101947A207B86079050FBC6D.e.48, value=[Ljava.lang.CharSequence;@436e38dd}]
Capabilities {acceptInsecureCerts: false, browserName: chrome, browserVersion: 131.0.6778.140, chrome: {chromedriverVersion: 131.0.6778.108 (3b014839fbc..., userDataDir: C:\Users\vamsh\AppData\Loca...}, fedcm:accounts: true, goog:chromeOptions: {debuggerAddress: localhost:62038}, networkConnectionEnabled: false, pageLoadStrategy: normal, platformName: windows, proxy: Proxy(), se:cdp: ws://localhost:62038/devtoo..., se:cdpVersion: 131.0.6778.140, setWindowRect: true, strictFileInteractability: false, timeouts: {implicit: 0, pageLoad: 300000, script: 30000}, unhandledPromptBehavior: dismiss and notify, webauthn:extension:credBlob: true, webauthn:extension:largeBlob: true, webauthn:extension:minPinLength: true, webauthn:extension:prf: true, webauthn:virtualAuthenticators: true}
Element: [[ChromeDriver: chrome on windows (91f3d01a5c694524ccb9dd007ac22d5f)] -&gt; css selector: .CodeMirror textarea]
Session ID: 91f3d01a5c694524ccb9dd007ac22d5f" type="org.openqa.selenium.ElementNotInteractableException">
      <![CDATA[org.openqa.selenium.ElementNotInteractableException: element not interactable
  (Session info: chrome=131.0.6778.140)
Build info: version: '4.26.0', revision: '8ccf0219d7'
System info: os.name: 'Windows 11', os.arch: 'amd64', os.version: '10.0', java.version: '21.0.5'
Driver info: org.openqa.selenium.chrome.ChromeDriver
Command: [91f3d01a5c694524ccb9dd007ac22d5f, sendKeysToElement {id=f.5E6C787A34CDD0EDE1706A9221F42270.d.78B07BBB101947A207B86079050FBC6D.e.48, value=[Ljava.lang.CharSequence;@436e38dd}]
Capabilities {acceptInsecureCerts: false, browserName: chrome, browserVersion: 131.0.6778.140, chrome: {chromedriverVersion: 131.0.6778.108 (3b014839fbc..., userDataDir: C:\Users\vamsh\AppData\Loca...}, fedcm:accounts: true, goog:chromeOptions: {debuggerAddress: localhost:62038}, networkConnectionEnabled: false, pageLoadStrategy: normal, platformName: windows, proxy: Proxy(), se:cdp: ws://localhost:62038/devtoo..., se:cdpVersion: 131.0.6778.140, setWindowRect: true, strictFileInteractability: false, timeouts: {implicit: 0, pageLoad: 300000, script: 30000}, unhandledPromptBehavior: dismiss and notify, webauthn:extension:credBlob: true, webauthn:extension:largeBlob: true, webauthn:extension:minPinLength: true, webauthn:extension:prf: true, webauthn:virtualAuthenticators: true}
Element: [[ChromeDriver: chrome on windows (91f3d01a5c694524ccb9dd007ac22d5f)] -> css selector: .CodeMirror textarea]
Session ID: 91f3d01a5c694524ccb9dd007ac22d5f
at java.base/jdk.internal.reflect.DirectConstructorHandleAccessor.newInstance(DirectConstructorHandleAccessor.java:62)
at java.base/java.lang.reflect.Constructor.newInstanceWithCaller(Constructor.java:502)
at java.base/java.lang.reflect.Constructor.newInstance(Constructor.java:486)
at org.openqa.selenium.remote.ErrorCodec.decode(ErrorCodec.java:167)
at org.openqa.selenium.remote.codec.w3c.W3CHttpResponseCodec.decode(W3CHttpResponseCodec.java:138)
at org.openqa.selenium.remote.codec.w3c.W3CHttpResponseCodec.decode(W3CHttpResponseCodec.java:50)
at org.openqa.selenium.remote.HttpCommandExecutor.execute(HttpCommandExecutor.java:190)
at org.openqa.selenium.remote.service.DriverCommandExecutor.invokeExecute(DriverCommandExecutor.java:216)
at org.openqa.selenium.remote.service.DriverCommandExecutor.execute(DriverCommandExecutor.java:174)
at org.openqa.selenium.remote.RemoteWebDriver.execute(RemoteWebDriver.java:545)
at org.openqa.selenium.remote.RemoteWebElement.execute(RemoteWebElement.java:223)
at org.openqa.selenium.remote.RemoteWebElement.sendKeys(RemoteWebElement.java:110)
at PageObjects.IntroductionPage.enterCodeInEditor(IntroductionPage.java:82)
at StepDefinitions.DSIntroductionDetails.user_writes_invalid_code_and_clicks_run_button(DSIntroductionDetails.java:184)
at ✽.User writes invalid code and clicks run button(file:///C:/Projects/newFolder-3/Repo1/src/test/resources/Features/ArrayDetailsPage.feature:47)
]]>
    </error>
  </testcase> <!-- runScenario -->
  <testcase classname="TestRunners.TestRunner" name="runScenario" time="7.576"/>
  <testcase classname="TestRunners.TestRunner" name="runScenario" time="6.309"/>
  <testcase classname="TestRunners.TestRunner" name="runScenario" time="11.008"/>
  <testcase classname="TestRunners.TestRunner" name="runScenario" time="35.455"/>
  <testcase classname="TestRunners.TestRunner" name="runScenario" time="3.592"/>
  <testcase classname="TestRunners.TestRunner" name="runScenario" time="9.809"/>
  <testcase classname="TestRunners.TestRunner" name="runScenario" time="9.634"/>
  <testcase classname="TestRunners.TestRunner" name="runScenario" time="8.787"/>
  <testcase classname="TestRunners.TestRunner" name="runScenario" time="13.263"/>
  <testcase classname="TestRunners.TestRunner" name="runScenario" time="6.489"/>
  <testcase classname="TestRunners.TestRunner" name="runScenario" time="6.154"/>
  <testcase classname="TestRunners.TestRunner" name="runScenario" time="8.321"/>
  <testcase classname="TestRunners.TestRunner" name="runScenario" time="8.395"/>
  <testcase classname="TestRunners.TestRunner" name="runScenario" time="5.390"/>
  <testcase classname="TestRunners.TestRunner" name="runScenario" time="8.428"/>
  <testcase classname="TestRunners.TestRunner" name="runScenario" time="9.881"/>
  <testcase classname="TestRunners.TestRunner" name="runScenario" time="8.125"/>
  <testcase classname="TestRunners.TestRunner" name="runScenario" time="11.930">
    <error message="Build info: version: &#039;4.26.0&#039;, revision: &#039;8ccf0219d7&#039;
System info: os.name: &#039;Windows 11&#039;, os.arch: &#039;amd64&#039;, os.version: &#039;10.0&#039;, java.version: &#039;21.0.5&#039;
Driver info: org.openqa.selenium.firefox.FirefoxDriver
Command: [d2bdc711-5394-4e13-8bc6-ce4de2910796, getAlertText {}]
Capabilities {acceptInsecureCerts: true, browserName: firefox, browserVersion: 133.0.3, moz:accessibilityChecks: false, moz:buildID: 20241209150345, moz:debuggerAddress: 127.0.0.1:25925, moz:geckodriverVersion: 0.35.0, moz:headless: false, moz:platformVersion: 10.0, moz:processID: 12736, moz:profile: C:\Users\vamsh\AppData\Loca..., moz:shutdownTimeout: 60000, moz:webdriverClick: true, moz:windowless: false, pageLoadStrategy: normal, platformName: windows, proxy: Proxy(), se:cdp: ws://127.0.0.1:25925/devtoo..., se:cdpVersion: 85.0, setWindowRect: true, strictFileInteractability: false, timeouts: {implicit: 0, pageLoad: 300000, script: 30000}, unhandledPromptBehavior: dismiss and notify, userAgent: Mozilla/5.0 (Windows NT 10....}
Session ID: d2bdc711-5394-4e13-8bc6-ce4de2910796" type="org.openqa.selenium.NoAlertPresentException">
      <![CDATA[org.openqa.selenium.NoAlertPresentException: Build info: version: '4.26.0', revision: '8ccf0219d7'
System info: os.name: 'Windows 11', os.arch: 'amd64', os.version: '10.0', java.version: '21.0.5'
Driver info: org.openqa.selenium.firefox.FirefoxDriver
Command: [d2bdc711-5394-4e13-8bc6-ce4de2910796, getAlertText {}]
Capabilities {acceptInsecureCerts: true, browserName: firefox, browserVersion: 133.0.3, moz:accessibilityChecks: false, moz:buildID: 20241209150345, moz:debuggerAddress: 127.0.0.1:25925, moz:geckodriverVersion: 0.35.0, moz:headless: false, moz:platformVersion: 10.0, moz:processID: 12736, moz:profile: C:\Users\vamsh\AppData\Loca..., moz:shutdownTimeout: 60000, moz:webdriverClick: true, moz:windowless: false, pageLoadStrategy: normal, platformName: windows, proxy: Proxy(), se:cdp: ws://127.0.0.1:25925/devtoo..., se:cdpVersion: 85.0, setWindowRect: true, strictFileInteractability: false, timeouts: {implicit: 0, pageLoad: 300000, script: 30000}, unhandledPromptBehavior: dismiss and notify, userAgent: Mozilla/5.0 (Windows NT 10....}
Session ID: d2bdc711-5394-4e13-8bc6-ce4de2910796
at java.base/jdk.internal.reflect.DirectConstructorHandleAccessor.newInstance(DirectConstructorHandleAccessor.java:62)
at java.base/java.lang.reflect.Constructor.newInstanceWithCaller(Constructor.java:502)
at java.base/java.lang.reflect.Constructor.newInstance(Constructor.java:486)
at org.openqa.selenium.remote.ErrorCodec.decode(ErrorCodec.java:167)
at org.openqa.selenium.remote.codec.w3c.W3CHttpResponseCodec.decode(W3CHttpResponseCodec.java:138)
at org.openqa.selenium.remote.codec.w3c.W3CHttpResponseCodec.decode(W3CHttpResponseCodec.java:50)
at org.openqa.selenium.remote.HttpCommandExecutor.execute(HttpCommandExecutor.java:190)
at org.openqa.selenium.remote.service.DriverCommandExecutor.invokeExecute(DriverCommandExecutor.java:216)
at org.openqa.selenium.remote.service.DriverCommandExecutor.execute(DriverCommandExecutor.java:174)
at org.openqa.selenium.remote.RemoteWebDriver.execute(RemoteWebDriver.java:545)
at org.openqa.selenium.remote.RemoteWebDriver.execute(RemoteWebDriver.java:618)
at org.openqa.selenium.remote.RemoteWebDriver.execute(RemoteWebDriver.java:622)
at org.openqa.selenium.remote.RemoteWebDriver$RemoteTargetLocator.alert(RemoteWebDriver.java:1190)
at PageObjects.IntroductionPage.getAlertText(IntroductionPage.java:134)
at StepDefinitions.DSIntroductionDetails.the_user_should_able_to_see_an_error_message_in_alert_window(DSIntroductionDetails.java:203)
at ✽.The user should able to see an error message in alert window(file:///C:/Projects/newFolder-3/Repo1/src/test/resources/Features/ArrayDetailsPage.feature:98)
]]>
    </error>
  </testcase> <!-- runScenario -->
  <testcase classname="TestRunners.TestRunner" name="runScenario" time="39.046"/>
  <testcase classname="TestRunners.TestRunner" name="runScenario" time="8.582"/>
  <testcase classname="TestRunners.TestRunner" name="runScenario" time="37.982"/>
  <testcase classname="TestRunners.TestRunner" name="runScenario" time="5.177"/>
  <testcase classname="TestRunners.TestRunner" name="runScenario" time="9.204"/>
  <testcase classname="TestRunners.TestRunner" name="runScenario" time="12.184"/>
  <testcase classname="TestRunners.TestRunner" name="runScenario" time="8.830"/>
  <testcase classname="TestRunners.TestRunner" name="runScenario" time="4.500"/>
  <testcase classname="TestRunners.TestRunner" name="runScenario" time="9.532"/>
  <testcase classname="TestRunners.TestRunner" name="runScenario" time="9.457"/>
  <testcase classname="TestRunners.TestRunner" name="runScenario" time="4.877"/>
  <testcase classname="TestRunners.TestRunner" name="runScenario" time="37.606"/>
  <testcase classname="TestRunners.TestRunner" name="runScenario" time="8.192"/>
  <testcase classname="TestRunners.TestRunner" name="runScenario" time="4.170"/>
  <testcase classname="TestRunners.TestRunner" name="runScenario" time="8.707"/>
  <testcase classname="TestRunners.TestRunner" name="runScenario" time="7.840"/>
  <testcase classname="TestRunners.TestRunner" name="runScenario" time="7.200"/>
  <testcase classname="TestRunners.TestRunner" name="runScenario" time="7.891"/>
  <testcase classname="TestRunners.TestRunner" name="runScenario" time="7.665"/>
  <testcase classname="TestRunners.TestRunner" name="runScenario" time="10.387"/>
  <testcase classname="TestRunners.TestRunner" name="runScenario" time="8.280"/>
  <testcase classname="TestRunners.TestRunner" name="runScenario" time="4.235"/>
  <testcase classname="TestRunners.TestRunner" name="runScenario" time="43.680"/>
  <testcase classname="TestRunners.TestRunner" name="runScenario" time="8.513"/>
  <testcase classname="TestRunners.TestRunner" name="runScenario" time="12.490"/>
  <testcase classname="TestRunners.TestRunner" name="runScenario" time="9.838"/>
  <testcase classname="TestRunners.TestRunner" name="runScenario" time="8.161"/>
  <testcase classname="TestRunners.TestRunner" name="runScenario" time="13.328"/>
  <testcase classname="TestRunners.TestRunner" name="runScenario" time="6.933"/>
  <testcase classname="TestRunners.TestRunner" name="runScenario" time="7.423"/>
  <testcase classname="TestRunners.TestRunner" name="runScenario" time="5.461"/>
  <testcase classname="TestRunners.TestRunner" name="runScenario" time="7.757"/>
  <testcase classname="TestRunners.TestRunner" name="runScenario" time="10.313"/>
  <testcase classname="TestRunners.TestRunner" name="runScenario" time="3.754"/>
  <testcase classname="TestRunners.TestRunner" name="runScenario" time="5.429"/>
  <testcase classname="TestRunners.TestRunner" name="runScenario" time="3.786"/>
  <testcase classname="TestRunners.TestRunner" name="runScenario" time="9.991"/>
  <testcase classname="TestRunners.TestRunner" name="runScenario" time="37.651"/>
  <testcase classname="TestRunners.TestRunner" name="runScenario" time="10.376"/>
  <testcase classname="TestRunners.TestRunner" name="runScenario" time="10.145"/>
  <testcase classname="TestRunners.TestRunner" name="runScenario" time="7.939"/>
  <testcase classname="TestRunners.TestRunner" name="runScenario" time="7.065"/>
  <testcase classname="TestRunners.TestRunner" name="runScenario" time="10.447"/>
  <testcase classname="TestRunners.TestRunner" name="runScenario" time="10.085"/>
  <testcase classname="TestRunners.TestRunner" name="runScenario" time="8.534"/>
  <testcase classname="TestRunners.TestRunner" name="runScenario" time="7.424"/>
  <testcase classname="TestRunners.TestRunner" name="runScenario" time="12.160"/>
  <testcase classname="TestRunners.TestRunner" name="runScenario" time="8.905"/>
  <testcase classname="TestRunners.TestRunner" name="runScenario" time="12.649"/>
  <testcase classname="TestRunners.TestRunner" name="runScenario" time="9.054"/>
  <testcase classname="TestRunners.TestRunner" name="runScenario" time="7.646"/>
  <testcase classname="TestRunners.TestRunner" name="runScenario" time="9.734"/>
  <testcase classname="TestRunners.TestRunner" name="runScenario" time="6.863"/>
</testsuite> <!-- TestRunners.TestRunner -->
